#
# A fatal error has been detected by the Java Runtime Environment:
#
#  EXCEPTION_ACCESS_VIOLATION (0xc0000005) at pc=0x00007ffc7a8f3a76, pid=11540, tid=2476
#
# JRE version: OpenJDK Runtime Environment Temurin-17.0.10+7 (17.0.10+7) (build 17.0.10+7)
# Java VM: OpenJDK 64-Bit Server VM Temurin-17.0.10+7 (17.0.10+7, mixed mode, sharing, tiered, compressed oops, compressed class ptrs, g1 gc, windows-amd64)
# Problematic frame:
# C  [ig75icd64.dll+0x1a3a76]
#
# No core dump will be written. Minidumps are not enabled by default on client versions of Windows
#
# If you would like to submit a bug report, please visit:
#   https://github.com/adoptium/adoptium-support/issues
# The crash happened outside the Java Virtual Machine in native code.
# See problematic frame for where to report the bug.
#

---------------  S U M M A R Y ------------

Command Line: -Dforge.enableGameTest=true -Dforge.logging.console.level=debug -Dforge.logging.markers=REGISTRIES -DignoreList=bootstraplauncher,securejarhandler,asm-commons,asm-util,asm-analysis,asm-tree,asm,JarJarFileSystems,client-extra,fmlcore,javafmllanguage,lowcodelanguage,mclanguage,forge- -Djava.net.preferIPv6Addresses=system -DlegacyClassPath.file=C:\Mcreator stuff\you_piece_of\build\classpath\runClient_minecraftClasspath.txt -DmergeModules=jna-5.10.0.jar,jna-platform-5.10.0.jar --module-path=C:\Users\AsusX\.mcreator\gradle\caches\modules-2\files-2.1\cpw.mods\bootstraplauncher\1.1.2\c546e00443d8432cda6baa1c860346980742628\bootstraplauncher-1.1.2.jar;C:\Users\AsusX\.mcreator\gradle\caches\modules-2\files-2.1\cpw.mods\securejarhandler\2.1.10\51e6a22c6c716beb11e244bf5b8be480f51dd6b5\securejarhandler-2.1.10.jar;C:\Users\AsusX\.mcreator\gradle\caches\modules-2\files-2.1\org.ow2.asm\asm-commons\9.5\19ab5b5800a3910d30d3a3e64fdb00fd0cb42de0\asm-commons-9.5.jar;C:\Users\AsusX\.mcreator\gradle\caches\modules-2\files-2.1\org.ow2.asm\asm-util\9.5\64b5a1fc8c1b15ed2efd6a063e976bc8d3dc5ffe\asm-util-9.5.jar;C:\Users\AsusX\.mcreator\gradle\caches\modules-2\files-2.1\org.ow2.asm\asm-analysis\9.5\490bacc77de7cbc0be1a30bb3471072d705be4a4\asm-analysis-9.5.jar;C:\Users\AsusX\.mcreator\gradle\caches\modules-2\files-2.1\org.ow2.asm\asm-tree\9.5\fd33c8b6373abaa675be407082fdfda35021254a\asm-tree-9.5.jar;C:\Users\AsusX\.mcreator\gradle\caches\modules-2\files-2.1\org.ow2.asm\asm\9.5\dc6ea1875f4d64fbc85e1691c95b96a3d8569c90\asm-9.5.jar;C:\Users\AsusX\.mcreator\gradle\caches\modules-2\files-2.1\net.minecraftforge\JarJarFileSystems\0.3.19\2464eb7d6b9ddb9db36a82cf8a95193e5c6fe020\JarJarFileSystems-0.3.19.jar --add-modules=ALL-MODULE-PATH --add-opens=java.base/java.util.jar=cpw.mods.securejarhandler --add-opens=java.base/java.lang.invoke=cpw.mods.securejarhandler --add-exports=java.base/sun.security.util=cpw.mods.securejarhandler --add-exports=jdk.naming.dns/com.sun.jndi.dns=java.naming -XX:HeapDumpPath=MojangTricksIntelDriversForPerformance_javaw.exe_minecraft.exe.heapdump -Dfile.encoding=UTF-8 -Duser.country=US -Duser.language=en -Duser.variant cpw.mods.bootstraplauncher.BootstrapLauncher --launchTarget forgeclientuserdev --version MOD_DEV --assetIndex 5 --assetsDir C:\Users\AsusX\.mcreator\gradle\caches\forge_gradle\assets --gameDir . --fml.forgeVersion 47.2.0 --fml.mcVersion 1.20.1 --fml.forgeGroup net.minecraftforge --fml.mcpVersion 20230612.114412

Host: Intel(R) Core(TM) i7-4710HQ CPU @ 2.50GHz, 8 cores, 7G,  Windows 10 , 64 bit Build 19041 (10.0.19041.3636)
Time: Mon Jun  3 16:04:33 2024 FLE Daylight Time elapsed time: 12.009327 seconds (0d 0h 0m 12s)

---------------  T H R E A D  ---------------

Current thread (0x00000267080a2970):  JavaThread "pool-2-thread-1" daemon [_thread_in_native, id=2476, stack(0x000000c799800000,0x000000c799900000)]

Stack: [0x000000c799800000,0x000000c799900000],  sp=0x000000c7998fe870,  free space=1018k
Native frames: (J=compiled Java code, j=interpreted, Vv=VM code, C=native code)
C  [ig75icd64.dll+0x1a3a76]

Java frames: (J=compiled Java code, j=interpreted, Vv=VM code)
j  org.lwjgl.opengl.GL30C.glBlitFramebuffer(IIIIIIIIII)V+0 org.lwjgl.opengl@3.3.1+7
j  net.minecraftforge.fml.earlydisplay.EarlyFramebuffer.draw(II)V+242 fmlearlydisplay@1.20.1-47.2.0
j  net.minecraftforge.fml.earlydisplay.DisplayWindow.renderThreadFunc()V+199 fmlearlydisplay@1.20.1-47.2.0
j  net.minecraftforge.fml.earlydisplay.DisplayWindow$$Lambda$521+0x00000266c325ddb8.run()V+4 fmlearlydisplay@1.20.1-47.2.0
j  java.util.concurrent.Executors$RunnableAdapter.call()Ljava/lang/Object;+4 java.base@17.0.10
j  java.util.concurrent.FutureTask.runAndReset()Z+44 java.base@17.0.10
j  java.util.concurrent.ScheduledThreadPoolExecutor$ScheduledFutureTask.run()V+35 java.base@17.0.10
j  java.util.concurrent.ThreadPoolExecutor.runWorker(Ljava/util/concurrent/ThreadPoolExecutor$Worker;)V+92 java.base@17.0.10
j  java.util.concurrent.ThreadPoolExecutor$Worker.run()V+5 java.base@17.0.10
j  java.lang.Thread.run()V+11 java.base@17.0.10
v  ~StubRoutines::call_stub

siginfo: EXCEPTION_ACCESS_VIOLATION (0xc0000005), reading address 0x0000000000000010


Registers:
RAX=0x0000026709a08ce8, RBX=0x0000026708432340, RCX=0x0000000000000000, RDX=0x000002670718fec0
RSP=0x000000c7998fe870, RBP=0x000000c7998fe9a0, RSI=0x0000000000000001, RDI=0x000002670b147bf0
R8 =0x0000000000000001, R9 =0x0000026709293440, R10=0x0000000000000000, R11=0x0000000000000356
R12=0x0000000000000000, R13=0x0000000000002600, R14=0x000002670718fec0, R15=0x0000000000000001
RIP=0x00007ffc7a8f3a76, EFLAGS=0x0000000000010202


Register to memory mapping:

RIP=0x00007ffc7a8f3a76 ig75icd64.dll
RAX=0x0000026709a08ce8 points into unknown readable memory: 0x0000026700000901 | 01 09 00 00 67 02 00 00
RBX=0x0000026708432340 points into unknown readable memory: 0x0000000000000000 | 00 00 00 00 00 00 00 00
RCX=0x0 is NULL
RDX=0x000002670718fec0 points into unknown readable memory: 0x000002670bb1a800 | 00 a8 b1 0b 67 02 00 00
RSP=0x000000c7998fe870 is pointing into the stack for thread: 0x00000267080a2970
RBP=0x000000c7998fe9a0 is pointing into the stack for thread: 0x00000267080a2970
RSI=0x0000000000000001 is an unknown value
RDI=0x000002670b147bf0 points into unknown readable memory: 0x0000026707f036b0 | b0 36 f0 07 67 02 00 00
R8 =0x0000000000000001 is an unknown value
R9 =0x0000026709293440 points into unknown readable memory: 0x0000000000000000 | 00 00 00 00 00 00 00 00
R10=0x0 is NULL
R11=0x0000000000000356 is an unknown value
R12=0x0 is NULL
R13=0x0000000000002600 is an unknown value
R14=0x000002670718fec0 points into unknown readable memory: 0x000002670bb1a800 | 00 a8 b1 0b 67 02 00 00
R15=0x0000000000000001 is an unknown value


Top of Stack: (sp=0x000000c7998fe870)
0x000000c7998fe870:   00000000020ff58d 00007ffce2bb372b
0x000000c7998fe880:   00000266a1950000 0000000000000000
0x000000c7998fe890:   0000026708432340 00007ffc7a94fec6
0x000000c7998fe8a0:   0000026708432340 0000000000000001
0x000000c7998fe8b0:   0000000000000020 0000000000000046
0x000000c7998fe8c0:   0000000000000000 00000000ffffffff
0x000000c7998fe8d0:   00000267092bdd30 00007ffce3a747b1
0x000000c7998fe8e0:   0000000000000002 00000266a19d0000
0x000000c7998fe8f0:   0000000000000001 0000000000000000
0x000000c7998fe900:   0000000000000000 0000000000000046
0x000000c7998fe910:   00000267092bdd30 00007ffce2ba8ade
0x000000c7998fe920:   000000c7998fe9c0 000000000000007c
0x000000c7998fe930:   00000267092bdd30 00007ffce21c0000
0x000000c7998fe940:   0000000000000001 0000000000000000
0x000000c7998fe950:   0000000000000000 000002670a26c050
0x000000c7998fe960:   ffffffffff520f3a 0001520100002d14
0x000000c7998fe970:   00000267080a2970 000002670718fec0
0x000000c7998fe980:   0000026704048920 0000000000000000
0x000000c7998fe990:   000000000000009c 00007ffc7acc0628
0x000000c7998fe9a0:   3f8000003f800000 0000000000000000
0x000000c7998fe9b0:   3f80000000000000 3f8000003f800000
0x000000c7998fe9c0:   0000000000000000 3f80000000000000
0x000000c7998fe9d0:   3f8000003f800000 0000000000000000
0x000000c7998fe9e0:   3f80000000000000 00000000207c00a0
0x000000c7998fe9f0:   0000000000000000 0000000000000000
0x000000c7998fea00:   0000000000000000 00007ffc7a768fe4
0x000000c7998fea10:   0000000000000000 0000000000000000
0x000000c7998fea20:   0000026709293440 0000055600000020
0x000000c7998fea30:   0000000000000000 0000000000000000
0x000000c7998fea40:   0000000000000000 0000026707f036b0
0x000000c7998fea50:   0000000000000000 000000017a83f2af
0x000000c7998fea60:   0000260000000001 0000026700000003 

Instructions: (pc=0x00007ffc7a8f3a76)
0x00007ffc7a8f3976:   1f 4d 8b c6 48 8b 81 70 01 00 00 48 8b d6 ff 50
0x00007ffc7a8f3986:   38 48 8b fb 48 85 db 75 e1 48 8b 85 50 04 00 00
0x00007ffc7a8f3996:   4c 8b 74 24 30 48 8b 48 50 48 85 c9 74 1f 8b 41
0x00007ffc7a8f39a6:   10 39 85 64 03 00 00 74 14 48 b8 00 00 00 00 00
0x00007ffc7a8f39b6:   01 04 00 48 09 46 30 89 9d b8 02 00 00 48 8b 0d
0x00007ffc7a8f39c6:   46 ba 8f 00 ff 15 d8 7a 5d 00 48 8b 5c 24 38 48
0x00007ffc7a8f39d6:   8b 6c 24 40 48 8b 74 24 48 48 83 c4 20 5f c3 cc
0x00007ffc7a8f39e6:   cc cc cc cc cc cc cc cc cc cc 48 83 ec 28 48 85
0x00007ffc7a8f39f6:   d2 74 12 80 7a 24 00 74 0c 48 8d 05 4a 59 8c 00
0x00007ffc7a8f3a06:   48 83 c4 28 c3 e8 f0 01 00 00 48 85 c0 75 0c 48
0x00007ffc7a8f3a16:   8d 05 a4 1e 90 00 48 83 c4 28 c3 48 05 60 01 00
0x00007ffc7a8f3a26:   00 48 83 c4 28 c3 cc cc cc cc 44 8b 49 0c 45 85
0x00007ffc7a8f3a36:   c9 74 0b 41 ff c9 74 03 32 c0 c3 b0 01 c3 83 79
0x00007ffc7a8f3a46:   08 03 75 05 45 84 c0 75 0c 80 ba 00 f6 02 00 01
0x00007ffc7a8f3a56:   74 03 33 c0 c3 b8 01 00 00 00 c3 cc cc cc cc cc
0x00007ffc7a8f3a66:   cc cc cc cc cc cc cc cc cc cc 40 53 48 83 ec 20
0x00007ffc7a8f3a76:   8b 41 10 48 8d 59 20 39 03 74 35 48 8b 91 80 00
0x00007ffc7a8f3a86:   00 00 48 85 d2 74 15 48 8b 52 20 4c 8b c3 e8 27
0x00007ffc7a8f3a96:   00 00 00 48 8b c3 48 83 c4 20 5b c3 48 8b 91 88
0x00007ffc7a8f3aa6:   00 00 00 48 85 d2 75 df 4c 8b c3 e8 0a 00 00 00
0x00007ffc7a8f3ab6:   48 8b c3 48 83 c4 20 5b c3 cc 48 89 5c 24 08 48
0x00007ffc7a8f3ac6:   89 74 24 10 57 48 83 ec 20 49 8b f8 48 8b da 33
0x00007ffc7a8f3ad6:   d2 48 8b f1 44 8d 42 60 48 8b cf e8 fa c0 3d 00
0x00007ffc7a8f3ae6:   48 8b 86 90 00 00 00 48 89 47 08 8b 86 4c 01 00
0x00007ffc7a8f3af6:   00 48 89 5f 28 ff c8 89 47 14 8b 86 50 01 00 00
0x00007ffc7a8f3b06:   48 8b 4b 08 89 47 18 8b 86 54 01 00 00 89 47 1c
0x00007ffc7a8f3b16:   8b 86 58 01 00 00 89 47 20 e8 cc ed 3f 00 33 db
0x00007ffc7a8f3b26:   ff c8 74 32 ff c8 74 27 ff c8 74 1c ff c8 74 11
0x00007ffc7a8f3b36:   83 f8 02 74 05 8d 43 07 eb 1e b8 04 00 00 00 eb
0x00007ffc7a8f3b46:   17 b8 03 00 00 00 eb 10 b8 02 00 00 00 eb 09 b8
0x00007ffc7a8f3b56:   01 00 00 00 eb 02 8b c3 89 47 10 83 7e 08 01 77
0x00007ffc7a8f3b66:   15 48 8b 4f 28 48 8b 49 08 e8 bc ed 3f 00 85 c0 


Stack slot to memory mapping:
stack at sp + 0 slots: 0x00000000020ff58d is an unknown value
stack at sp + 1 slots: 0x00007ffce2bb372b USER32.dll
stack at sp + 2 slots: 0x00000266a1950000 points into unknown readable memory: 0x0000000000000000 | 00 00 00 00 00 00 00 00
stack at sp + 3 slots: 0x0 is NULL
stack at sp + 4 slots: 0x0000026708432340 points into unknown readable memory: 0x0000000000000000 | 00 00 00 00 00 00 00 00
stack at sp + 5 slots: 0x00007ffc7a94fec6 ig75icd64.dll
stack at sp + 6 slots: 0x0000026708432340 points into unknown readable memory: 0x0000000000000000 | 00 00 00 00 00 00 00 00
stack at sp + 7 slots: 0x0000000000000001 is an unknown value


---------------  P R O C E S S  ---------------

Threads class SMR info:
_java_thread_list=0x000002670aae95b0, length=18, elements={
0x00000266a1b61010, 0x00000266c1a85920, 0x00000266c1a863f0, 0x00000266c1aa0c80,
0x00000266c1aa3660, 0x00000266c1aa3f30, 0x00000266c1aa4800, 0x00000266c1aac9d0,
0x00000266c1aad390, 0x00000266c1aae480, 0x000002670716f7e0, 0x0000026707244ae0,
0x0000026709b44fb0, 0x000002670b40ba40, 0x00000267080a2970, 0x0000026707c9f370,
0x0000026707c9fd90, 0x0000026707ca02a0
}

Java Threads: ( => current thread )
  0x00000266a1b61010 JavaThread "main" [_thread_blocked, id=5468, stack(0x000000c797800000,0x000000c797900000)]
  0x00000266c1a85920 JavaThread "Reference Handler" daemon [_thread_blocked, id=12272, stack(0x000000c797f00000,0x000000c798000000)]
  0x00000266c1a863f0 JavaThread "Finalizer" daemon [_thread_blocked, id=2128, stack(0x000000c798000000,0x000000c798100000)]
  0x00000266c1aa0c80 JavaThread "Signal Dispatcher" daemon [_thread_blocked, id=6268, stack(0x000000c798100000,0x000000c798200000)]
  0x00000266c1aa3660 JavaThread "Attach Listener" daemon [_thread_blocked, id=8696, stack(0x000000c798200000,0x000000c798300000)]
  0x00000266c1aa3f30 JavaThread "Service Thread" daemon [_thread_blocked, id=12760, stack(0x000000c798300000,0x000000c798400000)]
  0x00000266c1aa4800 JavaThread "Monitor Deflation Thread" daemon [_thread_blocked, id=11672, stack(0x000000c798400000,0x000000c798500000)]
  0x00000266c1aac9d0 JavaThread "C2 CompilerThread0" daemon [_thread_in_native, id=7272, stack(0x000000c798500000,0x000000c798600000)]
  0x00000266c1aad390 JavaThread "C1 CompilerThread0" daemon [_thread_blocked, id=7856, stack(0x000000c798600000,0x000000c798700000)]
  0x00000266c1aae480 JavaThread "Sweeper thread" daemon [_thread_blocked, id=9400, stack(0x000000c798700000,0x000000c798800000)]
  0x000002670716f7e0 JavaThread "Common-Cleaner" daemon [_thread_blocked, id=9308, stack(0x000000c798800000,0x000000c798900000)]
  0x0000026707244ae0 JavaThread "Notification Thread" daemon [_thread_blocked, id=11564, stack(0x000000c798a00000,0x000000c798b00000)]
  0x0000026709b44fb0 JavaThread "C2 CompilerThread1" daemon [_thread_in_native, id=1536, stack(0x000000c798900000,0x000000c798a00000)]
  0x000002670b40ba40 JavaThread "C2 CompilerThread2" daemon [_thread_in_native, id=2928, stack(0x000000c798c00000,0x000000c798d00000)]
=>0x00000267080a2970 JavaThread "pool-2-thread-1" daemon [_thread_in_native, id=2476, stack(0x000000c799800000,0x000000c799900000)]
  0x0000026707c9f370 JavaThread "pool-3-thread-1" daemon [_thread_blocked, id=8324, stack(0x000000c79a400000,0x000000c79a500000)]
  0x0000026707c9fd90 JavaThread "JNA Cleaner" daemon [_thread_blocked, id=12968, stack(0x000000c79a500000,0x000000c79a600000)]
  0x0000026707ca02a0 JavaThread "pool-4-thread-1" [_thread_in_Java, id=10100, stack(0x000000c79a700000,0x000000c79a800000)]

Other Threads:
  0x00000266c1a7cf30 VMThread "VM Thread" [stack: 0x000000c797e00000,0x000000c797f00000] [id=7460]
  0x00000266a1b61ee0 WatcherThread [stack: 0x000000c798b00000,0x000000c798c00000] [id=3444]
  0x00000266a1bbe280 GCTaskThread "GC Thread#0" [stack: 0x000000c797900000,0x000000c797a00000] [id=3036]
  0x00000267078f4ec0 GCTaskThread "GC Thread#1" [stack: 0x000000c798d00000,0x000000c798e00000] [id=2652]
  0x0000026707a8de00 GCTaskThread "GC Thread#2" [stack: 0x000000c798e00000,0x000000c798f00000] [id=4100]
  0x0000026707b26940 GCTaskThread "GC Thread#3" [stack: 0x000000c798f00000,0x000000c799000000] [id=3916]
  0x0000026709006230 GCTaskThread "GC Thread#4" [stack: 0x000000c799100000,0x000000c799200000] [id=5316]
  0x0000026708c2fd80 GCTaskThread "GC Thread#5" [stack: 0x000000c799200000,0x000000c799300000] [id=2388]
  0x000002670ccb4b30 GCTaskThread "GC Thread#6" [stack: 0x000000c799300000,0x000000c799400000] [id=13192]
  0x000002670a550b40 GCTaskThread "GC Thread#7" [stack: 0x000000c799400000,0x000000c799500000] [id=5876]
  0x00000266a1bced60 ConcurrentGCThread "G1 Main Marker" [stack: 0x000000c797a00000,0x000000c797b00000] [id=11480]
  0x00000266a1bd0e40 ConcurrentGCThread "G1 Conc#0" [stack: 0x000000c797b00000,0x000000c797c00000] [id=9868]
  0x0000026708e5ba30 ConcurrentGCThread "G1 Conc#1" [stack: 0x000000c79a300000,0x000000c79a400000] [id=9360]
  0x00000266a1bfe9a0 ConcurrentGCThread "G1 Refine#0" [stack: 0x000000c797c00000,0x000000c797d00000] [id=12372]
  0x0000026707b1b930 ConcurrentGCThread "G1 Refine#1" [stack: 0x000000c799000000,0x000000c799100000] [id=6020]
  0x0000026708ff3dc0 ConcurrentGCThread "G1 Refine#2" [stack: 0x000000c79a200000,0x000000c79a300000] [id=7800]
  0x00000266c193a400 ConcurrentGCThread "G1 Service" [stack: 0x000000c797d00000,0x000000c797e00000] [id=3352]

Threads with active compile tasks:
C2 CompilerThread0    12338 7711       4       java.lang.invoke.LambdaForm::prepare (112 bytes)
C2 CompilerThread1    12339 7753       4       org.objectweb.asm.ClassReader::readCode (5117 bytes)
C2 CompilerThread2    12339 7045       4       jdk.internal.org.objectweb.asm.Frame::execute (2305 bytes)

VM state: not at safepoint (normal execution)

VM Mutex/Monitor currently owned by a thread: None

Heap address: 0x0000000081c00000, size: 2020 MB, Compressed Oops mode: 32-bit

CDS archive(s) mapped at: [0x00000266c2000000-0x00000266c2bb0000-0x00000266c2bb0000), size 12255232, SharedBaseAddress: 0x00000266c2000000, ArchiveRelocationMode: 1.
Compressed class space mapped at: 0x00000266c3000000-0x0000026703000000, reserved size: 1073741824
Narrow klass base: 0x00000266c2000000, Narrow klass shift: 0, Narrow klass range: 0x100000000

GC Precious Log:
 CPUs: 8 total, 8 available
 Memory: 8075M
 Large Page Support: Disabled
 NUMA Support: Disabled
 Compressed Oops: Enabled (32-bit)
 Heap Region Size: 1M
 Heap Min Capacity: 8M
 Heap Initial Capacity: 128M
 Heap Max Capacity: 2020M
 Pre-touch: Disabled
 Parallel Workers: 8
 Concurrent Workers: 2
 Concurrent Refinement Workers: 8
 Periodic GC: Disabled

Heap:
 garbage-first heap   total 218112K, used 155648K [0x0000000081c00000, 0x0000000100000000)
  region size 1024K, 70 young (71680K), 8 survivors (8192K)
 Metaspace       used 40405K, committed 41664K, reserved 1114112K
  class space    used 4800K, committed 5376K, reserved 1048576K

Heap Regions: E=young(eden), S=young(survivor), O=old, HS=humongous(starts), HC=humongous(continues), CS=collection set, F=free, OA=open archive, CA=closed archive, TAMS=top-at-mark-start (previous, next)
|   0|0x0000000081c00000, 0x0000000081d00000, 0x0000000081d00000|100%|HS|  |TAMS 0x0000000081d00000, 0x0000000081c00000| Complete 
|   1|0x0000000081d00000, 0x0000000081e00000, 0x0000000081e00000|100%|HS|  |TAMS 0x0000000081e00000, 0x0000000081d00000| Complete 
|   2|0x0000000081e00000, 0x0000000081f00000, 0x0000000081f00000|100%|HC|  |TAMS 0x0000000081f00000, 0x0000000081e00000| Complete 
|   3|0x0000000081f00000, 0x0000000082000000, 0x0000000082000000|100%| O|  |TAMS 0x0000000082000000, 0x0000000081f00000| Untracked 
|   4|0x0000000082000000, 0x0000000082100000, 0x0000000082100000|100%| O|  |TAMS 0x0000000082100000, 0x0000000082000000| Untracked 
|   5|0x0000000082100000, 0x0000000082200000, 0x0000000082200000|100%| O|  |TAMS 0x0000000082200000, 0x0000000082100000| Untracked 
|   6|0x0000000082200000, 0x0000000082300000, 0x0000000082300000|100%|HS|  |TAMS 0x0000000082300000, 0x0000000082200000| Complete 
|   7|0x0000000082300000, 0x0000000082400000, 0x0000000082400000|100%|HC|  |TAMS 0x0000000082400000, 0x0000000082300000| Complete 
|   8|0x0000000082400000, 0x0000000082500000, 0x0000000082500000|100%| O|  |TAMS 0x0000000082500000, 0x0000000082400000| Untracked 
|   9|0x0000000082500000, 0x0000000082600000, 0x0000000082600000|100%| O|  |TAMS 0x0000000082600000, 0x0000000082500000| Untracked 
|  10|0x0000000082600000, 0x0000000082700000, 0x0000000082700000|100%| O|  |TAMS 0x0000000082700000, 0x0000000082600000| Untracked 
|  11|0x0000000082700000, 0x0000000082800000, 0x0000000082800000|100%| O|  |TAMS 0x0000000082800000, 0x0000000082700000| Untracked 
|  12|0x0000000082800000, 0x0000000082900000, 0x0000000082900000|100%|HS|  |TAMS 0x0000000082900000, 0x0000000082800000| Complete 
|  13|0x0000000082900000, 0x0000000082a00000, 0x0000000082a00000|100%|HC|  |TAMS 0x0000000082a00000, 0x0000000082900000| Complete 
|  14|0x0000000082a00000, 0x0000000082b00000, 0x0000000082b00000|100%| O|  |TAMS 0x0000000082b00000, 0x0000000082a00000| Untracked 
|  15|0x0000000082b00000, 0x0000000082c00000, 0x0000000082c00000|100%| O|  |TAMS 0x0000000082c00000, 0x0000000082b00000| Untracked 
|  16|0x0000000082c00000, 0x0000000082d00000, 0x0000000082d00000|100%|HS|  |TAMS 0x0000000082d00000, 0x0000000082c00000| Complete 
|  17|0x0000000082d00000, 0x0000000082e00000, 0x0000000082e00000|100%|HC|  |TAMS 0x0000000082e00000, 0x0000000082d00000| Complete 
|  18|0x0000000082e00000, 0x0000000082f00000, 0x0000000082f00000|100%| O|  |TAMS 0x0000000082f00000, 0x0000000082e00000| Untracked 
|  19|0x0000000082f00000, 0x0000000083000000, 0x0000000083000000|100%| O|  |TAMS 0x0000000083000000, 0x0000000082f00000| Untracked 
|  20|0x0000000083000000, 0x0000000083100000, 0x0000000083100000|100%| O|  |TAMS 0x0000000083100000, 0x0000000083000000| Untracked 
|  21|0x0000000083100000, 0x0000000083200000, 0x0000000083200000|100%| O|  |TAMS 0x0000000083200000, 0x0000000083100000| Untracked 
|  22|0x0000000083200000, 0x0000000083300000, 0x0000000083300000|100%| O|  |TAMS 0x0000000083300000, 0x0000000083200000| Untracked 
|  23|0x0000000083300000, 0x0000000083400000, 0x0000000083400000|100%| O|  |TAMS 0x0000000083400000, 0x0000000083300000| Untracked 
|  24|0x0000000083400000, 0x0000000083500000, 0x0000000083500000|100%| O|  |TAMS 0x0000000083500000, 0x0000000083400000| Untracked 
|  25|0x0000000083500000, 0x0000000083600000, 0x0000000083600000|100%| O|  |TAMS 0x0000000083600000, 0x0000000083500000| Untracked 
|  26|0x0000000083600000, 0x0000000083700000, 0x0000000083700000|100%| O|  |TAMS 0x0000000083700000, 0x0000000083600000| Untracked 
|  27|0x0000000083700000, 0x0000000083800000, 0x0000000083800000|100%| O|  |TAMS 0x0000000083800000, 0x0000000083700000| Untracked 
|  28|0x0000000083800000, 0x0000000083900000, 0x0000000083900000|100%| O|  |TAMS 0x0000000083900000, 0x0000000083800000| Untracked 
|  29|0x0000000083900000, 0x0000000083a00000, 0x0000000083a00000|100%| O|  |TAMS 0x0000000083a00000, 0x0000000083900000| Untracked 
|  30|0x0000000083a00000, 0x0000000083b00000, 0x0000000083b00000|100%| O|  |TAMS 0x0000000083b00000, 0x0000000083a00000| Untracked 
|  31|0x0000000083b00000, 0x0000000083c00000, 0x0000000083c00000|100%|HS|  |TAMS 0x0000000083c00000, 0x0000000083b00000| Complete 
|  32|0x0000000083c00000, 0x0000000083d00000, 0x0000000083d00000|100%| O|  |TAMS 0x0000000083d00000, 0x0000000083c00000| Untracked 
|  33|0x0000000083d00000, 0x0000000083e00000, 0x0000000083e00000|100%| O|  |TAMS 0x0000000083e00000, 0x0000000083d00000| Untracked 
|  34|0x0000000083e00000, 0x0000000083f00000, 0x0000000083f00000|100%| O|  |TAMS 0x0000000083f00000, 0x0000000083e00000| Untracked 
|  35|0x0000000083f00000, 0x0000000084000000, 0x0000000084000000|100%| O|  |TAMS 0x0000000084000000, 0x0000000083f00000| Untracked 
|  36|0x0000000084000000, 0x0000000084100000, 0x0000000084100000|100%|HS|  |TAMS 0x0000000084100000, 0x0000000084000000| Complete 
|  37|0x0000000084100000, 0x0000000084200000, 0x0000000084200000|100%|HC|  |TAMS 0x0000000084200000, 0x0000000084100000| Complete 
|  38|0x0000000084200000, 0x0000000084300000, 0x0000000084300000|100%|HS|  |TAMS 0x0000000084300000, 0x0000000084200000| Complete 
|  39|0x0000000084300000, 0x0000000084400000, 0x0000000084400000|100%| O|  |TAMS 0x0000000084400000, 0x0000000084300000| Untracked 
|  40|0x0000000084400000, 0x0000000084500000, 0x0000000084500000|100%| O|  |TAMS 0x0000000084500000, 0x0000000084400000| Untracked 
|  41|0x0000000084500000, 0x0000000084600000, 0x0000000084600000|100%| O|  |TAMS 0x0000000084600000, 0x0000000084500000| Untracked 
|  42|0x0000000084600000, 0x0000000084700000, 0x0000000084700000|100%| O|  |TAMS 0x0000000084700000, 0x0000000084600000| Untracked 
|  43|0x0000000084700000, 0x0000000084800000, 0x0000000084800000|100%| O|  |TAMS 0x0000000084800000, 0x0000000084700000| Untracked 
|  44|0x0000000084800000, 0x0000000084900000, 0x0000000084900000|100%| O|  |TAMS 0x0000000084900000, 0x0000000084800000| Untracked 
|  45|0x0000000084900000, 0x0000000084a00000, 0x0000000084a00000|100%| O|  |TAMS 0x0000000084a00000, 0x0000000084900000| Untracked 
|  46|0x0000000084a00000, 0x0000000084b00000, 0x0000000084b00000|100%| O|  |TAMS 0x0000000084b00000, 0x0000000084a00000| Untracked 
|  47|0x0000000084b00000, 0x0000000084c00000, 0x0000000084c00000|100%| O|  |TAMS 0x0000000084c00000, 0x0000000084b00000| Untracked 
|  48|0x0000000084c00000, 0x0000000084d00000, 0x0000000084d00000|100%| O|  |TAMS 0x0000000084d00000, 0x0000000084c00000| Untracked 
|  49|0x0000000084d00000, 0x0000000084e00000, 0x0000000084e00000|100%| O|  |TAMS 0x0000000084d00000, 0x0000000084d00000| Untracked 
|  50|0x0000000084e00000, 0x0000000084f00000, 0x0000000084f00000|100%| O|  |TAMS 0x0000000084e00000, 0x0000000084e00000| Untracked 
|  51|0x0000000084f00000, 0x0000000085000000, 0x0000000085000000|100%| O|  |TAMS 0x0000000084f00000, 0x0000000084f00000| Untracked 
|  52|0x0000000085000000, 0x0000000085100000, 0x0000000085100000|100%| O|  |TAMS 0x0000000085000000, 0x0000000085000000| Untracked 
|  53|0x0000000085100000, 0x0000000085200000, 0x0000000085200000|100%| O|  |TAMS 0x0000000085100000, 0x0000000085100000| Untracked 
|  54|0x0000000085200000, 0x0000000085300000, 0x0000000085300000|100%| O|  |TAMS 0x0000000085300000, 0x0000000085200000| Untracked 
|  55|0x0000000085300000, 0x0000000085400000, 0x0000000085400000|100%| O|  |TAMS 0x0000000085400000, 0x0000000085300000| Untracked 
|  56|0x0000000085400000, 0x0000000085500000, 0x0000000085500000|100%| O|  |TAMS 0x0000000085500000, 0x0000000085400000| Untracked 
|  57|0x0000000085500000, 0x0000000085600000, 0x0000000085600000|100%| O|  |TAMS 0x0000000085500000, 0x0000000085500000| Untracked 
|  58|0x0000000085600000, 0x0000000085700000, 0x0000000085700000|100%| O|  |TAMS 0x0000000085600000, 0x0000000085600000| Untracked 
|  59|0x0000000085700000, 0x0000000085800000, 0x0000000085800000|100%| O|  |TAMS 0x0000000085700000, 0x0000000085700000| Untracked 
|  60|0x0000000085800000, 0x0000000085900000, 0x0000000085900000|100%| O|  |TAMS 0x0000000085800000, 0x0000000085800000| Untracked 
|  61|0x0000000085900000, 0x0000000085a00000, 0x0000000085a00000|100%| O|  |TAMS 0x0000000085900000, 0x0000000085900000| Untracked 
|  62|0x0000000085a00000, 0x0000000085b00000, 0x0000000085b00000|100%| O|  |TAMS 0x0000000085a00000, 0x0000000085a00000| Untracked 
|  63|0x0000000085b00000, 0x0000000085c00000, 0x0000000085c00000|100%| O|  |TAMS 0x0000000085b00000, 0x0000000085b00000| Untracked 
|  64|0x0000000085c00000, 0x0000000085d00000, 0x0000000085d00000|100%| O|  |TAMS 0x0000000085c00000, 0x0000000085c00000| Untracked 
|  65|0x0000000085d00000, 0x0000000085e00000, 0x0000000085e00000|100%| O|  |TAMS 0x0000000085d00000, 0x0000000085d00000| Untracked 
|  66|0x0000000085e00000, 0x0000000085f00000, 0x0000000085f00000|100%| O|  |TAMS 0x0000000085f00000, 0x0000000085e00000| Untracked 
|  67|0x0000000085f00000, 0x0000000086000000, 0x0000000086000000|100%|HS|  |TAMS 0x0000000085f00000, 0x0000000085f00000| Complete 
|  68|0x0000000086000000, 0x0000000086100000, 0x0000000086100000|100%|HC|  |TAMS 0x0000000086000000, 0x0000000086000000| Complete 
|  69|0x0000000086100000, 0x0000000086200000, 0x0000000086200000|100%|HC|  |TAMS 0x0000000086100000, 0x0000000086100000| Complete 
|  70|0x0000000086200000, 0x0000000086300000, 0x0000000086300000|100%|HC|  |TAMS 0x0000000086200000, 0x0000000086200000| Complete 
|  71|0x0000000086300000, 0x0000000086400000, 0x0000000086400000|100%|HC|  |TAMS 0x0000000086300000, 0x0000000086300000| Complete 
|  72|0x0000000086400000, 0x0000000086500000, 0x0000000086500000|100%|HC|  |TAMS 0x0000000086400000, 0x0000000086400000| Complete 
|  73|0x0000000086500000, 0x0000000086600000, 0x0000000086600000|100%|HC|  |TAMS 0x0000000086500000, 0x0000000086500000| Complete 
|  74|0x0000000086600000, 0x0000000086700000, 0x0000000086700000|100%|HC|  |TAMS 0x0000000086600000, 0x0000000086600000| Complete 
|  75|0x0000000086700000, 0x0000000086800000, 0x0000000086800000|100%|HC|  |TAMS 0x0000000086700000, 0x0000000086700000| Complete 
|  76|0x0000000086800000, 0x0000000086900000, 0x0000000086900000|100%|HC|  |TAMS 0x0000000086800000, 0x0000000086800000| Complete 
|  77|0x0000000086900000, 0x0000000086a00000, 0x0000000086a00000|100%|HC|  |TAMS 0x0000000086900000, 0x0000000086900000| Complete 
|  78|0x0000000086a00000, 0x0000000086b00000, 0x0000000086b00000|100%| O|  |TAMS 0x0000000086a00000, 0x0000000086a00000| Untracked 
|  79|0x0000000086b00000, 0x0000000086b00000, 0x0000000086c00000|  0%| F|  |TAMS 0x0000000086b00000, 0x0000000086b00000| Untracked 
|  80|0x0000000086c00000, 0x0000000086c00000, 0x0000000086d00000|  0%| F|  |TAMS 0x0000000086c00000, 0x0000000086c00000| Untracked 
|  81|0x0000000086d00000, 0x0000000086d00000, 0x0000000086e00000|  0%| F|  |TAMS 0x0000000086d00000, 0x0000000086d00000| Untracked 
|  82|0x0000000086e00000, 0x0000000086e00000, 0x0000000086f00000|  0%| F|  |TAMS 0x0000000086e00000, 0x0000000086e00000| Untracked 
|  83|0x0000000086f00000, 0x0000000086f00000, 0x0000000087000000|  0%| F|  |TAMS 0x0000000086f00000, 0x0000000086f00000| Untracked 
|  84|0x0000000087000000, 0x0000000087000000, 0x0000000087100000|  0%| F|  |TAMS 0x0000000087000000, 0x0000000087000000| Untracked 
|  85|0x0000000087100000, 0x0000000087100000, 0x0000000087200000|  0%| F|  |TAMS 0x0000000087100000, 0x0000000087100000| Untracked 
|  86|0x0000000087200000, 0x0000000087200000, 0x0000000087300000|  0%| F|  |TAMS 0x0000000087200000, 0x0000000087200000| Untracked 
|  87|0x0000000087300000, 0x0000000087300000, 0x0000000087400000|  0%| F|  |TAMS 0x0000000087300000, 0x0000000087300000| Untracked 
|  88|0x0000000087400000, 0x0000000087400000, 0x0000000087500000|  0%| F|  |TAMS 0x0000000087400000, 0x0000000087400000| Untracked 
|  89|0x0000000087500000, 0x0000000087500000, 0x0000000087600000|  0%| F|  |TAMS 0x0000000087500000, 0x0000000087500000| Untracked 
|  90|0x0000000087600000, 0x0000000087600000, 0x0000000087700000|  0%| F|  |TAMS 0x0000000087600000, 0x0000000087600000| Untracked 
|  91|0x0000000087700000, 0x0000000087700000, 0x0000000087800000|  0%| F|  |TAMS 0x0000000087700000, 0x0000000087700000| Untracked 
|  92|0x0000000087800000, 0x0000000087800000, 0x0000000087900000|  0%| F|  |TAMS 0x0000000087800000, 0x0000000087800000| Untracked 
|  93|0x0000000087900000, 0x0000000087900000, 0x0000000087a00000|  0%| F|  |TAMS 0x0000000087900000, 0x0000000087900000| Untracked 
|  94|0x0000000087a00000, 0x0000000087a00000, 0x0000000087b00000|  0%| F|  |TAMS 0x0000000087a00000, 0x0000000087a00000| Untracked 
|  95|0x0000000087b00000, 0x0000000087b00000, 0x0000000087c00000|  0%| F|  |TAMS 0x0000000087b00000, 0x0000000087b00000| Untracked 
|  96|0x0000000087c00000, 0x0000000087c00000, 0x0000000087d00000|  0%| F|  |TAMS 0x0000000087c00000, 0x0000000087c00000| Untracked 
|  97|0x0000000087d00000, 0x0000000087d00000, 0x0000000087e00000|  0%| F|  |TAMS 0x0000000087d00000, 0x0000000087d00000| Untracked 
|  98|0x0000000087e00000, 0x0000000087e00000, 0x0000000087f00000|  0%| F|  |TAMS 0x0000000087e00000, 0x0000000087e00000| Untracked 
|  99|0x0000000087f00000, 0x0000000087f00000, 0x0000000088000000|  0%| F|  |TAMS 0x0000000087f00000, 0x0000000087f00000| Untracked 
| 100|0x0000000088000000, 0x0000000088000000, 0x0000000088100000|  0%| F|  |TAMS 0x0000000088000000, 0x0000000088000000| Untracked 
| 101|0x0000000088100000, 0x0000000088200000, 0x0000000088200000|100%| S|CS|TAMS 0x0000000088100000, 0x0000000088100000| Complete 
| 102|0x0000000088200000, 0x0000000088300000, 0x0000000088300000|100%| S|CS|TAMS 0x0000000088200000, 0x0000000088200000| Complete 
| 103|0x0000000088300000, 0x0000000088400000, 0x0000000088400000|100%| S|CS|TAMS 0x0000000088300000, 0x0000000088300000| Complete 
| 104|0x0000000088400000, 0x0000000088500000, 0x0000000088500000|100%| S|CS|TAMS 0x0000000088400000, 0x0000000088400000| Complete 
| 105|0x0000000088500000, 0x0000000088600000, 0x0000000088600000|100%| S|CS|TAMS 0x0000000088500000, 0x0000000088500000| Complete 
| 106|0x0000000088600000, 0x0000000088700000, 0x0000000088700000|100%| S|CS|TAMS 0x0000000088600000, 0x0000000088600000| Complete 
| 107|0x0000000088700000, 0x0000000088800000, 0x0000000088800000|100%| S|CS|TAMS 0x0000000088700000, 0x0000000088700000| Complete 
| 108|0x0000000088800000, 0x0000000088800000, 0x0000000088900000|  0%| F|  |TAMS 0x0000000088800000, 0x0000000088800000| Untracked 
| 109|0x0000000088900000, 0x0000000088900000, 0x0000000088a00000|  0%| F|  |TAMS 0x0000000088900000, 0x0000000088900000| Untracked 
| 110|0x0000000088a00000, 0x0000000088a00000, 0x0000000088b00000|  0%| F|  |TAMS 0x0000000088a00000, 0x0000000088a00000| Untracked 
| 111|0x0000000088b00000, 0x0000000088b00000, 0x0000000088c00000|  0%| F|  |TAMS 0x0000000088b00000, 0x0000000088b00000| Untracked 
| 112|0x0000000088c00000, 0x0000000088c00000, 0x0000000088d00000|  0%| F|  |TAMS 0x0000000088c00000, 0x0000000088c00000| Untracked 
| 113|0x0000000088d00000, 0x0000000088d00000, 0x0000000088e00000|  0%| F|  |TAMS 0x0000000088d00000, 0x0000000088d00000| Untracked 
| 114|0x0000000088e00000, 0x0000000088e00000, 0x0000000088f00000|  0%| F|  |TAMS 0x0000000088e00000, 0x0000000088e00000| Untracked 
| 115|0x0000000088f00000, 0x0000000088f00000, 0x0000000089000000|  0%| F|  |TAMS 0x0000000088f00000, 0x0000000088f00000| Untracked 
| 116|0x0000000089000000, 0x0000000089100000, 0x0000000089100000|100%| S|CS|TAMS 0x0000000089000000, 0x0000000089000000| Complete 
| 117|0x0000000089100000, 0x0000000089100000, 0x0000000089200000|  0%| F|  |TAMS 0x0000000089100000, 0x0000000089100000| Untracked 
| 118|0x0000000089200000, 0x0000000089200000, 0x0000000089300000|  0%| F|  |TAMS 0x0000000089200000, 0x0000000089200000| Untracked 
| 119|0x0000000089300000, 0x0000000089300000, 0x0000000089400000|  0%| F|  |TAMS 0x0000000089300000, 0x0000000089300000| Untracked 
| 120|0x0000000089400000, 0x0000000089400000, 0x0000000089500000|  0%| F|  |TAMS 0x0000000089400000, 0x0000000089400000| Untracked 
| 121|0x0000000089500000, 0x0000000089500000, 0x0000000089600000|  0%| F|  |TAMS 0x0000000089500000, 0x0000000089500000| Untracked 
| 122|0x0000000089600000, 0x0000000089600000, 0x0000000089700000|  0%| F|  |TAMS 0x0000000089600000, 0x0000000089600000| Untracked 
| 123|0x0000000089700000, 0x0000000089700000, 0x0000000089800000|  0%| F|  |TAMS 0x0000000089700000, 0x0000000089700000| Untracked 
| 124|0x0000000089800000, 0x0000000089800000, 0x0000000089900000|  0%| F|  |TAMS 0x0000000089800000, 0x0000000089800000| Untracked 
| 125|0x0000000089900000, 0x0000000089900000, 0x0000000089a00000|  0%| F|  |TAMS 0x0000000089900000, 0x0000000089900000| Untracked 
| 126|0x0000000089a00000, 0x0000000089a00000, 0x0000000089b00000|  0%| F|  |TAMS 0x0000000089a00000, 0x0000000089a00000| Untracked 
| 127|0x0000000089b00000, 0x0000000089b00000, 0x0000000089c00000|  0%| F|  |TAMS 0x0000000089b00000, 0x0000000089b00000| Untracked 
| 128|0x0000000089c00000, 0x0000000089c00000, 0x0000000089d00000|  0%| F|  |TAMS 0x0000000089c00000, 0x0000000089c00000| Untracked 
| 129|0x0000000089d00000, 0x0000000089d00000, 0x0000000089e00000|  0%| F|  |TAMS 0x0000000089d00000, 0x0000000089d00000| Untracked 
| 130|0x0000000089e00000, 0x0000000089e00000, 0x0000000089f00000|  0%| F|  |TAMS 0x0000000089e00000, 0x0000000089e00000| Untracked 
| 131|0x0000000089f00000, 0x0000000089f00000, 0x000000008a000000|  0%| F|  |TAMS 0x0000000089f00000, 0x0000000089f00000| Untracked 
| 132|0x000000008a000000, 0x000000008a000000, 0x000000008a100000|  0%| F|  |TAMS 0x000000008a000000, 0x000000008a000000| Untracked 
| 133|0x000000008a100000, 0x000000008a100000, 0x000000008a200000|  0%| F|  |TAMS 0x000000008a100000, 0x000000008a100000| Untracked 
| 134|0x000000008a200000, 0x000000008a200000, 0x000000008a300000|  0%| F|  |TAMS 0x000000008a200000, 0x000000008a200000| Untracked 
| 135|0x000000008a300000, 0x000000008a300000, 0x000000008a400000|  0%| F|  |TAMS 0x000000008a300000, 0x000000008a300000| Untracked 
| 136|0x000000008a400000, 0x000000008a400000, 0x000000008a500000|  0%| F|  |TAMS 0x000000008a400000, 0x000000008a400000| Untracked 
| 137|0x000000008a500000, 0x000000008a500000, 0x000000008a600000|  0%| F|  |TAMS 0x000000008a500000, 0x000000008a500000| Untracked 
| 138|0x000000008a600000, 0x000000008a600000, 0x000000008a700000|  0%| F|  |TAMS 0x000000008a600000, 0x000000008a600000| Untracked 
| 139|0x000000008a700000, 0x000000008a700000, 0x000000008a800000|  0%| F|  |TAMS 0x000000008a700000, 0x000000008a700000| Untracked 
| 140|0x000000008a800000, 0x000000008a800000, 0x000000008a900000|  0%| F|  |TAMS 0x000000008a800000, 0x000000008a800000| Untracked 
| 141|0x000000008a900000, 0x000000008a900000, 0x000000008aa00000|  0%| F|  |TAMS 0x000000008a900000, 0x000000008a900000| Untracked 
| 142|0x000000008aa00000, 0x000000008aa00000, 0x000000008ab00000|  0%| F|  |TAMS 0x000000008aa00000, 0x000000008aa00000| Untracked 
| 143|0x000000008ab00000, 0x000000008ab00000, 0x000000008ac00000|  0%| F|  |TAMS 0x000000008ab00000, 0x000000008ab00000| Untracked 
| 144|0x000000008ac00000, 0x000000008ac00000, 0x000000008ad00000|  0%| F|  |TAMS 0x000000008ac00000, 0x000000008ac00000| Untracked 
| 145|0x000000008ad00000, 0x000000008adecc30, 0x000000008ae00000| 92%| E|  |TAMS 0x000000008ad00000, 0x000000008ad00000| Complete 
| 146|0x000000008ae00000, 0x000000008af00000, 0x000000008af00000|100%| E|CS|TAMS 0x000000008ae00000, 0x000000008ae00000| Complete 
| 147|0x000000008af00000, 0x000000008b000000, 0x000000008b000000|100%| E|CS|TAMS 0x000000008af00000, 0x000000008af00000| Complete 
| 148|0x000000008b000000, 0x000000008b100000, 0x000000008b100000|100%| E|CS|TAMS 0x000000008b000000, 0x000000008b000000| Complete 
| 149|0x000000008b100000, 0x000000008b200000, 0x000000008b200000|100%| E|CS|TAMS 0x000000008b100000, 0x000000008b100000| Complete 
| 150|0x000000008b200000, 0x000000008b300000, 0x000000008b300000|100%| E|CS|TAMS 0x000000008b200000, 0x000000008b200000| Complete 
| 151|0x000000008b300000, 0x000000008b400000, 0x000000008b400000|100%| E|CS|TAMS 0x000000008b300000, 0x000000008b300000| Complete 
| 152|0x000000008b400000, 0x000000008b500000, 0x000000008b500000|100%| E|CS|TAMS 0x000000008b400000, 0x000000008b400000| Complete 
| 153|0x000000008b500000, 0x000000008b600000, 0x000000008b600000|100%| E|CS|TAMS 0x000000008b500000, 0x000000008b500000| Complete 
| 154|0x000000008b600000, 0x000000008b700000, 0x000000008b700000|100%| E|CS|TAMS 0x000000008b600000, 0x000000008b600000| Complete 
| 155|0x000000008b700000, 0x000000008b800000, 0x000000008b800000|100%| E|CS|TAMS 0x000000008b700000, 0x000000008b700000| Complete 
| 156|0x000000008b800000, 0x000000008b900000, 0x000000008b900000|100%| E|CS|TAMS 0x000000008b800000, 0x000000008b800000| Complete 
| 157|0x000000008b900000, 0x000000008ba00000, 0x000000008ba00000|100%| E|CS|TAMS 0x000000008b900000, 0x000000008b900000| Complete 
| 158|0x000000008ba00000, 0x000000008bb00000, 0x000000008bb00000|100%| E|CS|TAMS 0x000000008ba00000, 0x000000008ba00000| Complete 
| 159|0x000000008bb00000, 0x000000008bc00000, 0x000000008bc00000|100%| E|CS|TAMS 0x000000008bb00000, 0x000000008bb00000| Complete 
| 160|0x000000008bc00000, 0x000000008bd00000, 0x000000008bd00000|100%| E|CS|TAMS 0x000000008bc00000, 0x000000008bc00000| Complete 
| 161|0x000000008bd00000, 0x000000008be00000, 0x000000008be00000|100%| E|CS|TAMS 0x000000008bd00000, 0x000000008bd00000| Complete 
| 162|0x000000008be00000, 0x000000008bf00000, 0x000000008bf00000|100%| E|CS|TAMS 0x000000008be00000, 0x000000008be00000| Complete 
| 163|0x000000008bf00000, 0x000000008c000000, 0x000000008c000000|100%| E|CS|TAMS 0x000000008bf00000, 0x000000008bf00000| Complete 
| 164|0x000000008c000000, 0x000000008c100000, 0x000000008c100000|100%| E|CS|TAMS 0x000000008c000000, 0x000000008c000000| Complete 
| 165|0x000000008c100000, 0x000000008c200000, 0x000000008c200000|100%| E|CS|TAMS 0x000000008c100000, 0x000000008c100000| Complete 
| 166|0x000000008c200000, 0x000000008c300000, 0x000000008c300000|100%| E|CS|TAMS 0x000000008c200000, 0x000000008c200000| Complete 
| 167|0x000000008c300000, 0x000000008c400000, 0x000000008c400000|100%| E|CS|TAMS 0x000000008c300000, 0x000000008c300000| Complete 
| 168|0x000000008c400000, 0x000000008c500000, 0x000000008c500000|100%| E|CS|TAMS 0x000000008c400000, 0x000000008c400000| Complete 
| 169|0x000000008c500000, 0x000000008c600000, 0x000000008c600000|100%| E|CS|TAMS 0x000000008c500000, 0x000000008c500000| Complete 
| 170|0x000000008c600000, 0x000000008c700000, 0x000000008c700000|100%| E|CS|TAMS 0x000000008c600000, 0x000000008c600000| Complete 
| 171|0x000000008c700000, 0x000000008c800000, 0x000000008c800000|100%| E|CS|TAMS 0x000000008c700000, 0x000000008c700000| Complete 
| 172|0x000000008c800000, 0x000000008c900000, 0x000000008c900000|100%| E|  |TAMS 0x000000008c800000, 0x000000008c800000| Complete 
| 173|0x000000008c900000, 0x000000008ca00000, 0x000000008ca00000|100%| E|CS|TAMS 0x000000008c900000, 0x000000008c900000| Complete 
| 174|0x000000008ca00000, 0x000000008cb00000, 0x000000008cb00000|100%| E|CS|TAMS 0x000000008ca00000, 0x000000008ca00000| Complete 
| 175|0x000000008cb00000, 0x000000008cc00000, 0x000000008cc00000|100%| E|CS|TAMS 0x000000008cb00000, 0x000000008cb00000| Complete 
| 176|0x000000008cc00000, 0x000000008cd00000, 0x000000008cd00000|100%| E|CS|TAMS 0x000000008cc00000, 0x000000008cc00000| Complete 
| 177|0x000000008cd00000, 0x000000008ce00000, 0x000000008ce00000|100%| E|CS|TAMS 0x000000008cd00000, 0x000000008cd00000| Complete 
| 178|0x000000008ce00000, 0x000000008cf00000, 0x000000008cf00000|100%| E|CS|TAMS 0x000000008ce00000, 0x000000008ce00000| Complete 
| 179|0x000000008cf00000, 0x000000008d000000, 0x000000008d000000|100%| E|CS|TAMS 0x000000008cf00000, 0x000000008cf00000| Complete 
| 180|0x000000008d000000, 0x000000008d100000, 0x000000008d100000|100%| E|CS|TAMS 0x000000008d000000, 0x000000008d000000| Complete 
| 181|0x000000008d100000, 0x000000008d200000, 0x000000008d200000|100%| E|CS|TAMS 0x000000008d100000, 0x000000008d100000| Complete 
| 182|0x000000008d200000, 0x000000008d300000, 0x000000008d300000|100%| E|CS|TAMS 0x000000008d200000, 0x000000008d200000| Complete 
| 183|0x000000008d300000, 0x000000008d400000, 0x000000008d400000|100%| E|CS|TAMS 0x000000008d300000, 0x000000008d300000| Complete 
| 184|0x000000008d400000, 0x000000008d500000, 0x000000008d500000|100%| E|CS|TAMS 0x000000008d400000, 0x000000008d400000| Complete 
| 185|0x000000008d500000, 0x000000008d600000, 0x000000008d600000|100%| E|CS|TAMS 0x000000008d500000, 0x000000008d500000| Complete 
| 186|0x000000008d600000, 0x000000008d700000, 0x000000008d700000|100%| E|CS|TAMS 0x000000008d600000, 0x000000008d600000| Complete 
| 187|0x000000008d700000, 0x000000008d800000, 0x000000008d800000|100%| E|CS|TAMS 0x000000008d700000, 0x000000008d700000| Complete 
| 188|0x000000008d800000, 0x000000008d900000, 0x000000008d900000|100%| E|CS|TAMS 0x000000008d800000, 0x000000008d800000| Complete 
| 189|0x000000008d900000, 0x000000008da00000, 0x000000008da00000|100%| E|CS|TAMS 0x000000008d900000, 0x000000008d900000| Complete 
| 190|0x000000008da00000, 0x000000008db00000, 0x000000008db00000|100%| E|CS|TAMS 0x000000008da00000, 0x000000008da00000| Complete 
| 191|0x000000008db00000, 0x000000008dc00000, 0x000000008dc00000|100%| E|CS|TAMS 0x000000008db00000, 0x000000008db00000| Complete 
| 192|0x000000008dc00000, 0x000000008dd00000, 0x000000008dd00000|100%| E|CS|TAMS 0x000000008dc00000, 0x000000008dc00000| Complete 
| 193|0x000000008dd00000, 0x000000008de00000, 0x000000008de00000|100%| E|CS|TAMS 0x000000008dd00000, 0x000000008dd00000| Complete 
| 194|0x000000008de00000, 0x000000008df00000, 0x000000008df00000|100%| E|CS|TAMS 0x000000008de00000, 0x000000008de00000| Complete 
| 195|0x000000008df00000, 0x000000008e000000, 0x000000008e000000|100%| E|CS|TAMS 0x000000008df00000, 0x000000008df00000| Complete 
| 196|0x000000008e000000, 0x000000008e100000, 0x000000008e100000|100%| E|CS|TAMS 0x000000008e000000, 0x000000008e000000| Complete 
| 197|0x000000008e100000, 0x000000008e200000, 0x000000008e200000|100%| E|CS|TAMS 0x000000008e100000, 0x000000008e100000| Complete 
| 198|0x000000008e200000, 0x000000008e300000, 0x000000008e300000|100%| E|CS|TAMS 0x000000008e200000, 0x000000008e200000| Complete 
| 199|0x000000008e300000, 0x000000008e400000, 0x000000008e400000|100%| E|CS|TAMS 0x000000008e300000, 0x000000008e300000| Complete 
| 200|0x000000008e400000, 0x000000008e500000, 0x000000008e500000|100%| E|CS|TAMS 0x000000008e400000, 0x000000008e400000| Complete 
| 201|0x000000008e500000, 0x000000008e600000, 0x000000008e600000|100%| E|CS|TAMS 0x000000008e500000, 0x000000008e500000| Complete 
| 202|0x000000008e600000, 0x000000008e700000, 0x000000008e700000|100%| E|CS|TAMS 0x000000008e600000, 0x000000008e600000| Complete 
| 203|0x000000008e700000, 0x000000008e800000, 0x000000008e800000|100%| E|CS|TAMS 0x000000008e700000, 0x000000008e700000| Complete 
| 204|0x000000008e800000, 0x000000008e900000, 0x000000008e900000|100%| E|CS|TAMS 0x000000008e800000, 0x000000008e800000| Complete 
| 205|0x000000008e900000, 0x000000008ea00000, 0x000000008ea00000|100%| E|CS|TAMS 0x000000008e900000, 0x000000008e900000| Complete 
| 206|0x000000008ea00000, 0x000000008eb00000, 0x000000008eb00000|100%| E|CS|TAMS 0x000000008ea00000, 0x000000008ea00000| Complete 
|2014|0x00000000ffa00000, 0x00000000ffb00000, 0x00000000ffb00000|100%| O|  |TAMS 0x00000000ffb00000, 0x00000000ffa00000| Untracked 
|2015|0x00000000ffb00000, 0x00000000ffc00000, 0x00000000ffc00000|100%| O|  |TAMS 0x00000000ffc00000, 0x00000000ffb00000| Untracked 
|2016|0x00000000ffc00000, 0x00000000ffd00000, 0x00000000ffd00000|100%| O|  |TAMS 0x00000000ffd00000, 0x00000000ffc00000| Untracked 
|2017|0x00000000ffd00000, 0x00000000ffe00000, 0x00000000ffe00000|100%| O|  |TAMS 0x00000000ffe00000, 0x00000000ffd00000| Untracked 
|2018|0x00000000ffe00000, 0x00000000fff00000, 0x00000000fff00000|100%| O|  |TAMS 0x00000000fff00000, 0x00000000ffe00000| Untracked 
|2019|0x00000000fff00000, 0x0000000100000000, 0x0000000100000000|100%| O|  |TAMS 0x0000000100000000, 0x00000000fff00000| Untracked 

Card table byte_map: [0x00000266bacb0000,0x00000266bb0b0000] _byte_map_base: 0x00000266ba8a2000

Marking Bits (Prev, Next): (CMBitMap*) 0x00000266a1bbe7b0, (CMBitMap*) 0x00000266a1bbe7f0
 Prev Bits: [0x00000266bb4b0000, 0x00000266bd440000)
 Next Bits: [0x00000266bd440000, 0x00000266bf3d0000)

Polling page: 0x00000266aae20000

Metaspace:

Usage:
  Non-class:     34.82 MB used.
      Class:      4.69 MB used.
       Both:     39.51 MB used.

Virtual space:
  Non-class space:       64.00 MB reserved,      35.44 MB ( 55%) committed,  1 nodes.
      Class space:        1.00 GB reserved,       5.25 MB ( <1%) committed,  1 nodes.
             Both:        1.06 GB reserved,      40.69 MB (  4%) committed. 

Chunk freelists:
   Non-Class:  12.31 MB
       Class:  10.78 MB
        Both:  23.09 MB

MaxMetaspaceSize: unlimited
CompressedClassSpaceSize: 1.00 GB
Initial GC threshold: 21.00 MB
Current GC threshold: 44.81 MB
CDS: on
MetaspaceReclaimPolicy: balanced
 - commit_granule_bytes: 65536.
 - commit_granule_words: 8192.
 - virtual_space_node_default_size: 8388608.
 - enlarge_chunks_in_place: 1.
 - new_chunks_are_fully_committed: 0.
 - uncommit_free_chunks: 1.
 - use_allocation_guard: 0.
 - handle_deallocations: 1.


Internal statistics:

num_allocs_failed_limit: 6.
num_arena_births: 1820.
num_arena_deaths: 0.
num_vsnodes_births: 2.
num_vsnodes_deaths: 0.
num_space_committed: 648.
num_space_uncommitted: 0.
num_chunks_returned_to_freelist: 6.
num_chunks_taken_from_freelist: 3435.
num_chunk_merges: 6.
num_chunk_splits: 2196.
num_chunks_enlarged: 1324.
num_inconsistent_stats: 0.

CodeHeap 'non-profiled nmethods': size=120000Kb used=3791Kb max_used=4309Kb free=116209Kb
 bounds [0x00000266b2910000, 0x00000266b2d80000, 0x00000266b9e40000]
CodeHeap 'profiled nmethods': size=120000Kb used=11230Kb max_used=11230Kb free=108769Kb
 bounds [0x00000266aae40000, 0x00000266ab940000, 0x00000266b2370000]
CodeHeap 'non-nmethods': size=5760Kb used=1814Kb max_used=1917Kb free=3945Kb
 bounds [0x00000266b2370000, 0x00000266b25e0000, 0x00000266b2910000]
 total_blobs=7492 nmethods=6193 adapters=1211
 compilation: enabled
              stopped_count=0, restarted_count=0
 full_count=0

Compilation events (20 events):
Event: 11.971 Thread 0x00000266c1aad390 nmethod 7428 0x00000266ab7a7c10 code [0x00000266ab7a7dc0, 0x00000266ab7a7fc8]
Event: 11.971 Thread 0x00000266c1aad390 7429       2       java.lang.invoke.LambdaForm$DMH/0x00000266c32f7000::invokeStatic (14 bytes)
Event: 11.971 Thread 0x00000266c1aad390 nmethod 7429 0x00000266ab7fa610 code [0x00000266ab7fa7c0, 0x00000266ab7fa918]
Event: 11.971 Thread 0x00000266c1aad390 7431       2       org.openjdk.nashorn.internal.runtime.arrays.ObjectArrayData::getObject (7 bytes)
Event: 11.971 Thread 0x00000266c1aad390 nmethod 7431 0x00000266ab7fa290 code [0x00000266ab7fa420, 0x00000266ab7fa558]
Event: 11.971 Thread 0x00000266c1aad390 7432       2       java.lang.invoke.LambdaForm$MH/0x00000266c3333000::reinvoke (24 bytes)
Event: 11.972 Thread 0x00000266c1aad390 nmethod 7432 0x00000266ab7f9b90 code [0x00000266ab7f9d60, 0x00000266ab7f9f18]
Event: 11.972 Thread 0x00000266c1aad390 7430       1       java.lang.Double::doubleValue (5 bytes)
Event: 11.972 Thread 0x00000266c1aad390 nmethod 7430 0x00000266b2bb3910 code [0x00000266b2bb3aa0, 0x00000266b2bb3b78]
Event: 11.972 Thread 0x00000266c1aad390 7438       2       java.lang.invoke.LambdaForm$MH/0x00000266c3333400::guard (98 bytes)
Event: 11.972 Thread 0x00000266c1aad390 nmethod 7438 0x00000266ab1afc10 code [0x00000266ab1afe00, 0x00000266ab1b0148]
Event: 11.972 Thread 0x00000266c1aad390 7436       2       org.openjdk.nashorn.internal.objects.NativeArray::length (63 bytes)
Event: 11.972 Thread 0x00000266c1aad390 nmethod 7436 0x00000266ab1af490 code [0x00000266ab1af660, 0x00000266ab1afa18]
Event: 11.972 Thread 0x00000266c1aad390 7437       2       org.openjdk.nashorn.internal.runtime.ScriptObject::isArray (23 bytes)
Event: 11.973 Thread 0x00000266c1aad390 nmethod 7437 0x00000266ab41f890 code [0x00000266ab41fa20, 0x00000266ab41fbd8]
Event: 11.973 Thread 0x00000266c1aad390 7434       2       org.openjdk.nashorn.internal.runtime.arrays.ArrayIndex::getArrayIndex (28 bytes)
Event: 11.973 Thread 0x00000266c1aad390 nmethod 7434 0x00000266ab41f390 code [0x00000266ab41f540, 0x00000266ab41f7b8]
Event: 11.973 Thread 0x00000266c1aad390 7435       2       org.openjdk.nashorn.internal.runtime.arrays.ArrayIndex::getArrayIndex (10 bytes)
Event: 11.973 Thread 0x00000266c1aad390 nmethod 7435 0x00000266ab54fe90 code [0x00000266ab550020, 0x00000266ab550118]
Event: 11.973 Thread 0x00000266c1aad390 7441       2       java.lang.invoke.LambdaForm$MH/0x00000266c3514c00::delegate (17 bytes)

GC Heap History (20 events):
Event: 8.218 GC heap before
{Heap before GC invocations=14 (full 0):
 garbage-first heap   total 181248K, used 136023K [0x0000000081c00000, 0x0000000100000000)
  region size 1024K, 70 young (71680K), 10 survivors (10240K)
 Metaspace       used 28288K, committed 29056K, reserved 1114112K
  class space    used 3356K, committed 3648K, reserved 1048576K
}
Event: 8.224 GC heap after
{Heap after GC invocations=15 (full 0):
 garbage-first heap   total 181248K, used 75383K [0x0000000081c00000, 0x0000000100000000)
  region size 1024K, 2 young (2048K), 2 survivors (2048K)
 Metaspace       used 28288K, committed 29056K, reserved 1114112K
  class space    used 3356K, committed 3648K, reserved 1048576K
}
Event: 8.532 GC heap before
{Heap before GC invocations=15 (full 0):
 garbage-first heap   total 181248K, used 139895K [0x0000000081c00000, 0x0000000100000000)
  region size 1024K, 65 young (66560K), 2 survivors (2048K)
 Metaspace       used 30013K, committed 30976K, reserved 1114112K
  class space    used 3578K, committed 4032K, reserved 1048576K
}
Event: 8.535 GC heap after
{Heap after GC invocations=16 (full 0):
 garbage-first heap   total 181248K, used 75478K [0x0000000081c00000, 0x0000000100000000)
  region size 1024K, 2 young (2048K), 2 survivors (2048K)
 Metaspace       used 30013K, committed 30976K, reserved 1114112K
  class space    used 3578K, committed 4032K, reserved 1048576K
}
Event: 8.657 GC heap before
{Heap before GC invocations=16 (full 0):
 garbage-first heap   total 181248K, used 143062K [0x0000000081c00000, 0x0000000100000000)
  region size 1024K, 68 young (69632K), 2 survivors (2048K)
 Metaspace       used 30103K, committed 31104K, reserved 1114112K
  class space    used 3589K, committed 4032K, reserved 1048576K
}
Event: 8.660 GC heap after
{Heap after GC invocations=17 (full 0):
 garbage-first heap   total 181248K, used 76325K [0x0000000081c00000, 0x0000000100000000)
  region size 1024K, 3 young (3072K), 3 survivors (3072K)
 Metaspace       used 30103K, committed 31104K, reserved 1114112K
  class space    used 3589K, committed 4032K, reserved 1048576K
}
Event: 8.897 GC heap before
{Heap before GC invocations=17 (full 0):
 garbage-first heap   total 181248K, used 145957K [0x0000000081c00000, 0x0000000100000000)
  region size 1024K, 71 young (72704K), 3 survivors (3072K)
 Metaspace       used 30109K, committed 31104K, reserved 1114112K
  class space    used 3589K, committed 4032K, reserved 1048576K
}
Event: 8.900 GC heap after
{Heap after GC invocations=18 (full 0):
 garbage-first heap   total 181248K, used 76222K [0x0000000081c00000, 0x0000000100000000)
  region size 1024K, 3 young (3072K), 3 survivors (3072K)
 Metaspace       used 30109K, committed 31104K, reserved 1114112K
  class space    used 3589K, committed 4032K, reserved 1048576K
}
Event: 9.028 GC heap before
{Heap before GC invocations=18 (full 0):
 garbage-first heap   total 181248K, used 148926K [0x0000000081c00000, 0x0000000100000000)
  region size 1024K, 74 young (75776K), 3 survivors (3072K)
 Metaspace       used 30126K, committed 31104K, reserved 1114112K
  class space    used 3591K, committed 4032K, reserved 1048576K
}
Event: 9.031 GC heap after
{Heap after GC invocations=19 (full 0):
 garbage-first heap   total 181248K, used 76354K [0x0000000081c00000, 0x0000000100000000)
  region size 1024K, 3 young (3072K), 3 survivors (3072K)
 Metaspace       used 30126K, committed 31104K, reserved 1114112K
  class space    used 3591K, committed 4032K, reserved 1048576K
}
Event: 9.385 GC heap before
{Heap before GC invocations=19 (full 0):
 garbage-first heap   total 181248K, used 151106K [0x0000000081c00000, 0x0000000100000000)
  region size 1024K, 76 young (77824K), 3 survivors (3072K)
 Metaspace       used 31119K, committed 32064K, reserved 1114112K
  class space    used 3705K, committed 4096K, reserved 1048576K
}
Event: 9.391 GC heap after
{Heap after GC invocations=20 (full 0):
 garbage-first heap   total 218112K, used 77147K [0x0000000081c00000, 0x0000000100000000)
  region size 1024K, 4 young (4096K), 4 survivors (4096K)
 Metaspace       used 31119K, committed 32064K, reserved 1114112K
  class space    used 3705K, committed 4096K, reserved 1048576K
}
Event: 9.829 GC heap before
{Heap before GC invocations=20 (full 0):
 garbage-first heap   total 218112K, used 186715K [0x0000000081c00000, 0x0000000100000000)
  region size 1024K, 108 young (110592K), 4 survivors (4096K)
 Metaspace       used 33629K, committed 34624K, reserved 1114112K
  class space    used 4010K, committed 4416K, reserved 1048576K
}
Event: 9.833 GC heap after
{Heap after GC invocations=21 (full 0):
 garbage-first heap   total 218112K, used 78430K [0x0000000081c00000, 0x0000000100000000)
  region size 1024K, 5 young (5120K), 5 survivors (5120K)
 Metaspace       used 33629K, committed 34624K, reserved 1114112K
  class space    used 4010K, committed 4416K, reserved 1048576K
}
Event: 10.404 GC heap before
{Heap before GC invocations=21 (full 0):
 garbage-first heap   total 218112K, used 197214K [0x0000000081c00000, 0x0000000100000000)
  region size 1024K, 110 young (112640K), 5 survivors (5120K)
 Metaspace       used 35965K, committed 37056K, reserved 1114112K
  class space    used 4328K, committed 4800K, reserved 1048576K
}
Event: 10.413 GC heap after
{Heap after GC invocations=22 (full 0):
 garbage-first heap   total 218112K, used 92343K [0x0000000081c00000, 0x0000000100000000)
  region size 1024K, 8 young (8192K), 8 survivors (8192K)
 Metaspace       used 35965K, committed 37056K, reserved 1114112K
  class space    used 4328K, committed 4800K, reserved 1048576K
}
Event: 11.020 GC heap before
{Heap before GC invocations=22 (full 0):
 garbage-first heap   total 218112K, used 184503K [0x0000000081c00000, 0x0000000100000000)
  region size 1024K, 99 young (101376K), 8 survivors (8192K)
 Metaspace       used 36197K, committed 37312K, reserved 1114112K
  class space    used 4358K, committed 4864K, reserved 1048576K
}
Event: 11.028 GC heap after
{Heap after GC invocations=23 (full 0):
 garbage-first heap   total 218112K, used 94079K [0x0000000081c00000, 0x0000000100000000)
  region size 1024K, 8 young (8192K), 8 survivors (8192K)
 Metaspace       used 36197K, committed 37312K, reserved 1114112K
  class space    used 4358K, committed 4864K, reserved 1048576K
}
Event: 11.322 GC heap before
{Heap before GC invocations=23 (full 0):
 garbage-first heap   total 218112K, used 186239K [0x0000000081c00000, 0x0000000100000000)
  region size 1024K, 98 young (100352K), 8 survivors (8192K)
 Metaspace       used 36213K, committed 37312K, reserved 1114112K
  class space    used 4360K, committed 4864K, reserved 1048576K
}
Event: 11.329 GC heap after
{Heap after GC invocations=24 (full 0):
 garbage-first heap   total 218112K, used 95232K [0x0000000081c00000, 0x0000000100000000)
  region size 1024K, 8 young (8192K), 8 survivors (8192K)
 Metaspace       used 36213K, committed 37312K, reserved 1114112K
  class space    used 4360K, committed 4864K, reserved 1048576K
}

Dll operation events (13 events):
Event: 0.007 Loaded shared library C:\Program Files\Pylo\MCreator\jdk\bin\java.dll
Event: 0.025 Loaded shared library C:\Program Files\Pylo\MCreator\jdk\bin\jsvml.dll
Event: 0.186 Loaded shared library C:\Program Files\Pylo\MCreator\jdk\bin\net.dll
Event: 0.188 Loaded shared library C:\Program Files\Pylo\MCreator\jdk\bin\nio.dll
Event: 0.191 Loaded shared library C:\Program Files\Pylo\MCreator\jdk\bin\zip.dll
Event: 0.278 Loaded shared library C:\Program Files\Pylo\MCreator\jdk\bin\jimage.dll
Event: 0.771 Loaded shared library C:\Program Files\Pylo\MCreator\jdk\bin\verify.dll
Event: 4.535 Loaded shared library C:\Program Files\Pylo\MCreator\jdk\bin\management.dll
Event: 4.540 Loaded shared library C:\Program Files\Pylo\MCreator\jdk\bin\management_ext.dll
Event: 5.586 Loaded shared library C:\Users\AsusX\AppData\Local\Temp\lwjglAsusX\3.3.1-build-7\lwjgl.dll
Event: 5.781 Loaded shared library C:\Users\AsusX\AppData\Local\Temp\lwjglAsusX\3.3.1-build-7\lwjgl_stb.dll
Event: 5.832 Loaded shared library C:\Users\AsusX\AppData\Local\Temp\lwjglAsusX\3.3.1-build-7\lwjgl_opengl.dll
Event: 9.971 Loaded shared library C:\Users\AsusX\AppData\Local\Temp\jna-63570920\jna11110180639008376112.dll

Deoptimization events (20 events):
Event: 11.897 Thread 0x0000026707ca02a0 Uncommon trap: trap_request=0xffffffde fr.pc=0x00000266b2a6e82c relative=0x000000000000056c
Event: 11.897 Thread 0x0000026707ca02a0 Uncommon trap: reason=class_check action=maybe_recompile pc=0x00000266b2a6e82c method=java.util.ImmutableCollections$MapN.probe(Ljava/lang/Object;)I @ 1 c2
Event: 11.897 Thread 0x0000026707ca02a0 DEOPT PACKING pc=0x00000266b2a6e82c sp=0x000000c79a7fa440
Event: 11.897 Thread 0x0000026707ca02a0 DEOPT UNPACKING pc=0x00000266b23c69a3 sp=0x000000c79a7fa380 mode 2
Event: 11.905 Thread 0x0000026707ca02a0 Uncommon trap: trap_request=0xffffff45 fr.pc=0x00000266b2cd13e8 relative=0x00000000000001c8
Event: 11.905 Thread 0x0000026707ca02a0 Uncommon trap: reason=unstable_if action=reinterpret pc=0x00000266b2cd13e8 method=java.lang.invoke.MethodType.equals(Ljava/lang/Object;)Z @ 11 c2
Event: 11.905 Thread 0x0000026707ca02a0 DEOPT PACKING pc=0x00000266b2cd13e8 sp=0x000000c79a7fad10
Event: 11.905 Thread 0x0000026707ca02a0 DEOPT UNPACKING pc=0x00000266b23c69a3 sp=0x000000c79a7facd8 mode 2
Event: 11.938 Thread 0x0000026707ca02a0 Uncommon trap: trap_request=0xffffff45 fr.pc=0x00000266b2d427dc relative=0x000000000000005c
Event: 11.938 Thread 0x0000026707ca02a0 Uncommon trap: reason=unstable_if action=reinterpret pc=0x00000266b2d427dc method=org.objectweb.asm.MethodVisitor.visitCode()V @ 4 c2
Event: 11.938 Thread 0x0000026707ca02a0 DEOPT PACKING pc=0x00000266b2d427dc sp=0x000000c79a7f93e0
Event: 11.938 Thread 0x0000026707ca02a0 DEOPT UNPACKING pc=0x00000266b23c69a3 sp=0x000000c79a7f9380 mode 2
Event: 11.939 Thread 0x0000026707ca02a0 Uncommon trap: trap_request=0xffffff45 fr.pc=0x00000266b2d42ae4 relative=0x0000000000000064
Event: 11.939 Thread 0x0000026707ca02a0 Uncommon trap: reason=unstable_if action=reinterpret pc=0x00000266b2d42ae4 method=org.objectweb.asm.MethodVisitor.visitMaxs(II)V @ 4 c2
Event: 11.939 Thread 0x0000026707ca02a0 DEOPT PACKING pc=0x00000266b2d42ae4 sp=0x000000c79a7f9310
Event: 11.939 Thread 0x0000026707ca02a0 DEOPT UNPACKING pc=0x00000266b23c69a3 sp=0x000000c79a7f92b0 mode 2
Event: 11.939 Thread 0x0000026707ca02a0 Uncommon trap: trap_request=0xffffff45 fr.pc=0x00000266b2d41e5c relative=0x000000000000005c
Event: 11.939 Thread 0x0000026707ca02a0 Uncommon trap: reason=unstable_if action=reinterpret pc=0x00000266b2d41e5c method=org.objectweb.asm.MethodVisitor.visitEnd()V @ 4 c2
Event: 11.939 Thread 0x0000026707ca02a0 DEOPT PACKING pc=0x00000266b2d41e5c sp=0x000000c79a7f9320
Event: 11.939 Thread 0x0000026707ca02a0 DEOPT UNPACKING pc=0x00000266b23c69a3 sp=0x000000c79a7f92c0 mode 2

Classes unloaded (0 events):
No events

Classes redefined (0 events):
No events

Internal exceptions (20 events):
Event: 11.883 Thread 0x0000026707ca02a0 Exception <a 'java/lang/NoSuchMethodError'{0x000000008c171a30}: 'java.lang.Object java.lang.invoke.Invokers$Holder.linkToCallSite(java.lang.Object, java.lang.Object, double, java.lang.Object)'> (0x000000008c171a30) 
thrown [s\src\hotspot\share\interpreter\linkResolver.cpp, line 759]
Event: 11.888 Thread 0x0000026707ca02a0 Exception <a 'java/lang/NoSuchMethodError'{0x000000008c1c3b70}: 'void java.lang.invoke.DirectMethodHandle$Holder.invokeVirtual(java.lang.Object, java.lang.Object, java.lang.Object, int)'> (0x000000008c1c3b70) 
thrown [s\src\hotspot\share\interpreter\linkResolver.cpp, line 759]
Event: 11.888 Thread 0x0000026707ca02a0 Exception <a 'java/lang/NoSuchMethodError'{0x000000008c1c98a0}: 'void java.lang.invoke.DirectMethodHandle$Holder.invokeVirtual(java.lang.Object, java.lang.Object, java.lang.Object, java.lang.Object, java.lang.Object, java.lang.Object)'> (0x000000008c1c98a0) 
thrown [s\src\hotspot\share\interpreter\linkResolver.cpp, line 759]
Event: 11.889 Thread 0x0000026707ca02a0 Exception <a 'java/lang/NoSuchMethodError'{0x000000008c1d6258}: 'void java.lang.invoke.DelegatingMethodHandle$Holder.delegate(java.lang.Object, java.lang.Object, int, int, java.lang.Object, java.lang.Object)'> (0x000000008c1d6258) 
thrown [s\src\hotspot\share\interpreter\linkResolver.cpp, line 759]
Event: 11.890 Thread 0x0000026707ca02a0 Exception <a 'java/lang/NoSuchMethodError'{0x000000008c1e03f0}: 'void java.lang.invoke.DirectMethodHandle$Holder.invokeVirtual(java.lang.Object, java.lang.Object, int, int)'> (0x000000008c1e03f0) 
thrown [s\src\hotspot\share\interpreter\linkResolver.cpp, line 759]
Event: 11.891 Thread 0x0000026707ca02a0 Exception <a 'java/lang/NoSuchMethodError'{0x000000008c1e9ea8}: 'java.lang.Object java.lang.invoke.DirectMethodHandle$Holder.invokeVirtual(java.lang.Object, java.lang.Object, int, java.lang.Object, int)'> (0x000000008c1e9ea8) 
thrown [s\src\hotspot\share\interpreter\linkResolver.cpp, line 759]
Event: 11.891 Thread 0x0000026707ca02a0 Exception <a 'java/lang/NoSuchMethodError'{0x000000008c1f00f0}: 'void java.lang.invoke.DirectMethodHandle$Holder.invokeSpecial(java.lang.Object, java.lang.Object, java.lang.Object, java.lang.Object, java.lang.Object, java.lang.Object, java.lang.Object)'> (0x000000008c1f00f0) 
thrown [s\src\hotspot\share\interpreter\linkResolver.cpp, line 759]
Event: 11.891 Thread 0x0000026707ca02a0 Exception <a 'java/lang/NoSuchMethodError'{0x000000008c1f3ef0}: 'void java.lang.invoke.DelegatingMethodHandle$Holder.delegate(java.lang.Object, java.lang.Object, java.lang.Object, java.lang.Object, java.lang.Object, java.lang.Object)'> (0x000000008c1f3ef0) 
thrown [s\src\hotspot\share\interpreter\linkResolver.cpp, line 759]
Event: 11.895 Thread 0x0000026707ca02a0 Exception <a 'java/lang/IncompatibleClassChangeError'{0x000000008c014230}: Found class java.lang.Object, but interface was expected> (0x000000008c014230) 
thrown [s\src\hotspot\share\interpreter\linkResolver.cpp, line 826]
Event: 11.895 Thread 0x0000026707ca02a0 Exception <a 'java/lang/IncompatibleClassChangeError'{0x000000008c01cc90}: Found class java.lang.Object, but interface was expected> (0x000000008c01cc90) 
thrown [s\src\hotspot\share\interpreter\linkResolver.cpp, line 826]
Event: 11.906 Thread 0x0000026707ca02a0 Exception <a 'java/lang/NoSuchMethodError'{0x000000008c0762d8}: 'int java.lang.invoke.DirectMethodHandle$Holder.invokeSpecial(java.lang.Object, java.lang.Object, java.lang.Object, java.lang.Object, java.lang.Object, java.lang.Object, java.lang.Object)'> (0x000000008c0762d8) 
thrown [s\src\hotspot\share\interpreter\linkResolver.cpp, line 759]
Event: 11.909 Thread 0x0000026707ca02a0 Exception <a 'java/lang/NoSuchMethodError'{0x000000008c095730}: 'int java.lang.invoke.DirectMethodHandle$Holder.invokeSpecial(java.lang.Object, java.lang.Object, java.lang.Object, java.lang.Object, java.lang.Object, java.lang.Object)'> (0x000000008c095730) 
thrown [s\src\hotspot\share\interpreter\linkResolver.cpp, line 759]
Event: 11.909 Thread 0x0000026707ca02a0 Exception <a 'java/lang/NoSuchMethodError'{0x000000008c0992a8}: 'int java.lang.invoke.Invokers$Holder.exactInvoker(java.lang.Object, java.lang.Object, java.lang.Object, java.lang.Object, java.lang.Object, java.lang.Object)'> (0x000000008c0992a8) 
thrown [s\src\hotspot\share\interpreter\linkResolver.cpp, line 759]
Event: 11.909 Thread 0x0000026707ca02a0 Exception <a 'java/lang/NoSuchMethodError'{0x000000008c09d950}: 'int java.lang.invoke.DelegatingMethodHandle$Holder.delegate(java.lang.Object, java.lang.Object, java.lang.Object, java.lang.Object, java.lang.Object, java.lang.Object)'> (0x000000008c09d950) 
thrown [s\src\hotspot\share\interpreter\linkResolver.cpp, line 759]
Event: 11.910 Thread 0x0000026707ca02a0 Exception <a 'java/lang/NoSuchMethodError'{0x000000008c0a5ae0}: 'int java.lang.invoke.Invokers$Holder.linkToCallSite(java.lang.Object, java.lang.Object, java.lang.Object, java.lang.Object, java.lang.Object)'> (0x000000008c0a5ae0) 
thrown [s\src\hotspot\share\interpreter\linkResolver.cpp, line 759]
Event: 11.915 Thread 0x0000026707ca02a0 Exception <a 'java/lang/NoSuchMethodError'{0x000000008c0c42d8}: 'int java.lang.invoke.DelegatingMethodHandle$Holder.reinvoke_L(java.lang.Object, java.lang.Object, java.lang.Object, java.lang.Object)'> (0x000000008c0c42d8) 
thrown [s\src\hotspot\share\interpreter\linkResolver.cpp, line 759]
Event: 11.940 Thread 0x0000026707ca02a0 Exception <a 'java/lang/NoSuchMethodError'{0x000000008be0e0b0}: 'void java.lang.invoke.DirectMethodHandle$Holder.invokeStatic(java.lang.Object, java.lang.Object, int)'> (0x000000008be0e0b0) 
thrown [s\src\hotspot\share\interpreter\linkResolver.cpp, line 759]
Event: 11.965 Thread 0x0000026707ca02a0 Exception <a 'java/lang/NoSuchMethodError'{0x000000008bec0bb8}: 'double java.lang.invoke.DelegatingMethodHandle$Holder.delegate(java.lang.Object, java.lang.Object)'> (0x000000008bec0bb8) 
thrown [s\src\hotspot\share\interpreter\linkResolver.cpp, line 759]
Event: 11.967 Thread 0x0000026707ca02a0 Exception <a 'java/lang/NoSuchMethodError'{0x000000008bec4a38}: 'int java.lang.invoke.DelegatingMethodHandle$Holder.delegate(java.lang.Object, double)'> (0x000000008bec4a38) 
thrown [s\src\hotspot\share\interpreter\linkResolver.cpp, line 759]
Event: 11.967 Thread 0x0000026707ca02a0 Exception <a 'java/lang/NoSuchMethodError'{0x000000008bec82d0}: 'int java.lang.invoke.DelegatingMethodHandle$Holder.delegate(java.lang.Object, java.lang.Object, java.lang.Object, java.lang.Object, java.lang.Object)'> (0x000000008bec82d0) 
thrown [s\src\hotspot\share\interpreter\linkResolver.cpp, line 759]

VM Operations (20 events):
Event: 10.290 Executing VM operation: HandshakeAllThreads
Event: 10.290 Executing VM operation: HandshakeAllThreads done
Event: 10.372 Executing VM operation: HandshakeAllThreads
Event: 10.372 Executing VM operation: HandshakeAllThreads done
Event: 10.404 Executing VM operation: G1CollectForAllocation
Event: 10.414 Executing VM operation: G1CollectForAllocation done
Event: 11.020 Executing VM operation: G1CollectForAllocation
Event: 11.028 Executing VM operation: G1CollectForAllocation done
Event: 11.254 Executing VM operation: HandshakeAllThreads
Event: 11.254 Executing VM operation: HandshakeAllThreads done
Event: 11.273 Executing VM operation: HandshakeAllThreads
Event: 11.273 Executing VM operation: HandshakeAllThreads done
Event: 11.322 Executing VM operation: G1CollectForAllocation
Event: 11.329 Executing VM operation: G1CollectForAllocation done
Event: 11.331 Executing VM operation: HandshakeAllThreads
Event: 11.331 Executing VM operation: HandshakeAllThreads done
Event: 11.546 Executing VM operation: HandshakeAllThreads
Event: 11.546 Executing VM operation: HandshakeAllThreads done
Event: 11.660 Executing VM operation: ICBufferFull
Event: 11.660 Executing VM operation: ICBufferFull done

Events (20 events):
Event: 11.342 Thread 0x00000266c1aae480 flushing nmethod 0x00000266ab8edc10
Event: 11.502 loading class jdk/internal/reflect/UnsafeLongFieldAccessorImpl
Event: 11.502 loading class jdk/internal/reflect/UnsafeLongFieldAccessorImpl done
Event: 11.506 loading class java/time/ZonedDateTime$1
Event: 11.506 loading class java/time/ZonedDateTime$1 done
Event: 11.522 loading class jdk/internal/loader/BootLoader$PackageHelper
Event: 11.522 loading class jdk/internal/loader/BootLoader$PackageHelper done
Event: 11.541 loading class java/util/Collections$SynchronizedRandomAccessList
Event: 11.541 loading class java/util/Collections$SynchronizedList
Event: 11.541 loading class java/util/Collections$SynchronizedList done
Event: 11.541 loading class java/util/Collections$SynchronizedRandomAccessList done
Event: 11.547 Thread 0x0000026707ca02a0 Thread added: 0x0000026707ca02a0
Event: 11.576 loading class java/util/concurrent/atomic/AtomicReferenceArray
Event: 11.576 loading class java/util/concurrent/atomic/AtomicReferenceArray done
Event: 11.636 loading class java/lang/invoke/MethodHandleImpl$CountingWrapper$1
Event: 11.636 loading class java/lang/invoke/MethodHandleImpl$CountingWrapper$1 done
Event: 11.862 loading class jdk/internal/vm/annotation/IntrinsicCandidate
Event: 11.862 loading class jdk/internal/vm/annotation/IntrinsicCandidate done
Event: 11.871 loading class java/util/function/UnaryOperator
Event: 11.872 loading class java/util/function/UnaryOperator done


Dynamic libraries:
0x00007ff68c580000 - 0x00007ff68c58e000 	C:\Program Files\Pylo\MCreator\jdk\bin\java.exe
0x00007ffce3a50000 - 0x00007ffce3c48000 	C:\Windows\SYSTEM32\ntdll.dll
0x00007ffce1af0000 - 0x00007ffce1bad000 	C:\Windows\System32\KERNEL32.DLL
0x00007ffce1780000 - 0x00007ffce1a76000 	C:\Windows\System32\KERNELBASE.dll
0x00007ffce12d0000 - 0x00007ffce13d0000 	C:\Windows\System32\ucrtbase.dll
0x00007ffcdbd70000 - 0x00007ffcdbd87000 	C:\Program Files\Pylo\MCreator\jdk\bin\jli.dll
0x00007ffcd0920000 - 0x00007ffcd093b000 	C:\Program Files\Pylo\MCreator\jdk\bin\VCRUNTIME140.dll
0x00007ffce2ba0000 - 0x00007ffce2d3f000 	C:\Windows\System32\USER32.dll
0x00007ffce1570000 - 0x00007ffce1592000 	C:\Windows\System32\win32u.dll
0x00007ffcd3250000 - 0x00007ffcd34ea000 	C:\Windows\WinSxS\amd64_microsoft.windows.common-controls_6595b64144ccf1df_6.0.19041.3636_none_60b6a03d71f818d5\COMCTL32.dll
0x00007ffce21c0000 - 0x00007ffce21eb000 	C:\Windows\System32\GDI32.dll
0x00007ffce2210000 - 0x00007ffce22ae000 	C:\Windows\System32\msvcrt.dll
0x00007ffce11b0000 - 0x00007ffce12c7000 	C:\Windows\System32\gdi32full.dll
0x00007ffce1460000 - 0x00007ffce14fd000 	C:\Windows\System32\msvcp_win.dll
0x00007ffce1bb0000 - 0x00007ffce1be2000 	C:\Windows\System32\IMM32.DLL
0x00007ffcdc3f0000 - 0x00007ffcdc3fc000 	C:\Program Files\Pylo\MCreator\jdk\bin\vcruntime140_1.dll
0x00007ffcb5b60000 - 0x00007ffcb5bed000 	C:\Program Files\Pylo\MCreator\jdk\bin\msvcp140.dll
0x00007ffc83d90000 - 0x00007ffc849f2000 	C:\Program Files\Pylo\MCreator\jdk\bin\server\jvm.dll
0x00007ffce31d0000 - 0x00007ffce3280000 	C:\Windows\System32\ADVAPI32.dll
0x00007ffce22b0000 - 0x00007ffce2350000 	C:\Windows\System32\sechost.dll
0x00007ffce3750000 - 0x00007ffce3873000 	C:\Windows\System32\RPCRT4.dll
0x00007ffce15a0000 - 0x00007ffce15c7000 	C:\Windows\System32\bcrypt.dll
0x00007ffccf800000 - 0x00007ffccf809000 	C:\Windows\SYSTEM32\WSOCK32.dll
0x00007ffcdc520000 - 0x00007ffcdc547000 	C:\Windows\SYSTEM32\WINMM.dll
0x00007ffce0690000 - 0x00007ffce06db000 	C:\Windows\SYSTEM32\POWRPROF.dll
0x00007ffce39a0000 - 0x00007ffce3a0b000 	C:\Windows\System32\WS2_32.dll
0x00007ffcd8da0000 - 0x00007ffcd8daa000 	C:\Windows\SYSTEM32\VERSION.dll
0x00007ffce0500000 - 0x00007ffce0512000 	C:\Windows\SYSTEM32\UMPDC.dll
0x00007ffcdef90000 - 0x00007ffcdefa2000 	C:\Windows\SYSTEM32\kernel.appcore.dll
0x00007ffcdc160000 - 0x00007ffcdc16a000 	C:\Program Files\Pylo\MCreator\jdk\bin\jimage.dll
0x00007ffcc3200000 - 0x00007ffcc33e4000 	C:\Windows\SYSTEM32\DBGHELP.DLL
0x00007ffccba10000 - 0x00007ffccba44000 	C:\Windows\SYSTEM32\dbgcore.DLL
0x00007ffce13d0000 - 0x00007ffce1452000 	C:\Windows\System32\bcryptPrimitives.dll
0x00007ffcc7210000 - 0x00007ffcc7235000 	C:\Program Files\Pylo\MCreator\jdk\bin\java.dll
0x00007ffcafef0000 - 0x00007ffcaffc7000 	C:\Program Files\Pylo\MCreator\jdk\bin\jsvml.dll
0x00007ffce2430000 - 0x00007ffce2b9b000 	C:\Windows\System32\SHELL32.dll
0x00007ffcdf190000 - 0x00007ffcdf92e000 	C:\Windows\SYSTEM32\windows.storage.dll
0x00007ffce2e70000 - 0x00007ffce31c3000 	C:\Windows\System32\combase.dll
0x00007ffce0b30000 - 0x00007ffce0b5e000 	C:\Windows\SYSTEM32\Wldp.dll
0x00007ffce2da0000 - 0x00007ffce2e6d000 	C:\Windows\System32\OLEAUT32.dll
0x00007ffce1ff0000 - 0x00007ffce209d000 	C:\Windows\System32\SHCORE.dll
0x00007ffce2160000 - 0x00007ffce21b5000 	C:\Windows\System32\shlwapi.dll
0x00007ffce1030000 - 0x00007ffce1053000 	C:\Windows\SYSTEM32\profapi.dll
0x00007ffcd05a0000 - 0x00007ffcd05b9000 	C:\Program Files\Pylo\MCreator\jdk\bin\net.dll
0x00007ffcd6280000 - 0x00007ffcd638a000 	C:\Windows\SYSTEM32\WINHTTP.dll
0x00007ffce0890000 - 0x00007ffce08fa000 	C:\Windows\system32\mswsock.dll
0x00007ffcd0370000 - 0x00007ffcd0386000 	C:\Program Files\Pylo\MCreator\jdk\bin\nio.dll
0x00007ffcd0030000 - 0x00007ffcd0048000 	C:\Program Files\Pylo\MCreator\jdk\bin\zip.dll
0x00007ffcd2e30000 - 0x00007ffcd2e40000 	C:\Program Files\Pylo\MCreator\jdk\bin\verify.dll
0x00007ffcda1e0000 - 0x00007ffcda1e9000 	C:\Program Files\Pylo\MCreator\jdk\bin\management.dll
0x00007ffcd56f0000 - 0x00007ffcd56fb000 	C:\Program Files\Pylo\MCreator\jdk\bin\management_ext.dll
0x00007ffce1a80000 - 0x00007ffce1a88000 	C:\Windows\System32\PSAPI.DLL
0x00007ffcc4d30000 - 0x00007ffcc4d47000 	C:\Windows\system32\napinsp.dll
0x00007ffcc4d10000 - 0x00007ffcc4d2b000 	C:\Windows\system32\pnrpnsp.dll
0x00007ffcdae70000 - 0x00007ffcdae85000 	C:\Windows\system32\wshbth.dll
0x00007ffcdca70000 - 0x00007ffcdca8d000 	C:\Windows\system32\NLAapi.dll
0x00007ffce0520000 - 0x00007ffce055b000 	C:\Windows\SYSTEM32\IPHLPAPI.DLL
0x00007ffce0560000 - 0x00007ffce062b000 	C:\Windows\SYSTEM32\DNSAPI.dll
0x00007ffce20a0000 - 0x00007ffce20a8000 	C:\Windows\System32\NSI.dll
0x00007ffcc4920000 - 0x00007ffcc4932000 	C:\Windows\System32\winrnr.dll
0x00007ffcd4d20000 - 0x00007ffcd4d2a000 	C:\Windows\System32\rasadhlp.dll
0x00007ffcd4db0000 - 0x00007ffcd4e30000 	C:\Windows\System32\fwpuclnt.dll
0x00007ffcc29d0000 - 0x00007ffcc2a45000 	C:\Users\AsusX\AppData\Local\Temp\lwjglAsusX\3.3.1-build-7\lwjgl.dll
0x00007ffcc2960000 - 0x00007ffcc29c1000 	C:\Users\AsusX\AppData\Local\Temp\lwjglAsusX\3.3.1-build-7\glfw.dll
0x00007ffcc1aa0000 - 0x00007ffcc1ae5000 	C:\Windows\SYSTEM32\dinput8.dll
0x00007ffcd0980000 - 0x00007ffcd0991000 	C:\Windows\SYSTEM32\xinput1_4.dll
0x00007ffce1730000 - 0x00007ffce177e000 	C:\Windows\System32\cfgmgr32.dll
0x00007ffce0e90000 - 0x00007ffce0ec3000 	C:\Windows\SYSTEM32\DEVOBJ.dll
0x00007ffcdebc0000 - 0x00007ffcdebef000 	C:\Windows\SYSTEM32\dwmapi.dll
0x00007ffcd5760000 - 0x00007ffcd58b2000 	C:\Windows\SYSTEM32\inputhost.dll
0x00007ffcdcdb0000 - 0x00007ffcdcf07000 	C:\Windows\SYSTEM32\wintypes.dll
0x00007ffcdc7d0000 - 0x00007ffcdc8c6000 	C:\Windows\SYSTEM32\PROPSYS.dll
0x00007ffcdcf10000 - 0x00007ffcdd26b000 	C:\Windows\SYSTEM32\CoreUIComponents.dll
0x00007ffcddfe0000 - 0x00007ffcde0d2000 	C:\Windows\SYSTEM32\CoreMessaging.dll
0x00007ffce0280000 - 0x00007ffce02b3000 	C:\Windows\SYSTEM32\ntmarta.dll
0x00007ffcde9d0000 - 0x00007ffcdea6e000 	C:\Windows\system32\uxtheme.dll
0x00007ffce3880000 - 0x00007ffce3995000 	C:\Windows\System32\MSCTF.dll
0x00007ffcc2ec0000 - 0x00007ffcc2fe5000 	C:\Windows\SYSTEM32\opengl32.dll
0x00007ffcc7380000 - 0x00007ffcc73ac000 	C:\Windows\SYSTEM32\GLU32.dll
0x00007ffce20b0000 - 0x00007ffce2159000 	C:\Windows\System32\clbcatq.dll
0x00007ffc7a750000 - 0x00007ffc7b296000 	C:\Windows\SYSTEM32\ig75icd64.dll
0x00007ffcd6490000 - 0x00007ffcd6ed0000 	C:\Windows\SYSTEM32\igdusc64.dll
0x00007ffcdc9b0000 - 0x00007ffcdc9c4000 	C:\Windows\SYSTEM32\WTSAPI32.dll
0x00007ffcdb8f0000 - 0x00007ffcdb92b000 	C:\Windows\SYSTEM32\dxcore.dll
0x00007ffcdf990000 - 0x00007ffcdfa83000 	C:\Windows\SYSTEM32\dxgi.dll
0x00007ffcdd7b0000 - 0x00007ffcdda13000 	C:\Windows\SYSTEM32\d3d11.dll
0x00007ffcd7230000 - 0x00007ffcd80fb000 	C:\Windows\SYSTEM32\igd10iumd64.dll
0x00007ffce0ba0000 - 0x00007ffce0bc8000 	C:\Windows\SYSTEM32\ncrypt.dll
0x00007ffcde780000 - 0x00007ffcde810000 	C:\Windows\SYSTEM32\apphelp.dll
0x00007ffce0b60000 - 0x00007ffce0b9b000 	C:\Windows\SYSTEM32\NTASN1.dll
0x00007ffcc1840000 - 0x00007ffcc1a99000 	C:\Users\AsusX\AppData\Local\Temp\lwjglAsusX\3.3.1-build-7\jemalloc.dll
0x00007ffcbf910000 - 0x00007ffcbf991000 	C:\Users\AsusX\AppData\Local\Temp\lwjglAsusX\3.3.1-build-7\lwjgl_stb.dll
0x00007ffcd24e0000 - 0x00007ffcd25d9000 	C:\Windows\SYSTEM32\textinputframework.dll
0x00007ffcbf410000 - 0x00007ffcbf46d000 	C:\Users\AsusX\AppData\Local\Temp\lwjglAsusX\3.3.1-build-7\lwjgl_opengl.dll
0x00007ffcc4ea0000 - 0x00007ffcc4ee9000 	C:\Windows\SYSTEM32\pdh.dll
0x00007ffccb970000 - 0x00007ffccb97f000 	C:\Windows\System32\perfproc.dll
0x00007ffcdbce0000 - 0x00007ffcdbcef000 	C:\Windows\System32\perfos.dll
0x00007ffce0a90000 - 0x00007ffce0aa8000 	C:\Windows\SYSTEM32\CRYPTSP.dll
0x00007ffce0140000 - 0x00007ffce0174000 	C:\Windows\system32\rsaenh.dll
0x00007ffce0ff0000 - 0x00007ffce101e000 	C:\Windows\SYSTEM32\USERENV.dll
0x00007ffce0a80000 - 0x00007ffce0a8c000 	C:\Windows\SYSTEM32\CRYPTBASE.dll
0x00007ffcd8410000 - 0x00007ffcd8427000 	C:\Windows\SYSTEM32\dhcpcsvc6.DLL
0x00007ffcd83f0000 - 0x00007ffcd840d000 	C:\Windows\SYSTEM32\dhcpcsvc.DLL
0x00007ffcc1800000 - 0x00007ffcc1840000 	C:\Users\AsusX\AppData\Local\Temp\jna-63570920\jna11110180639008376112.dll
0x00007ffce1e30000 - 0x00007ffce1f5b000 	C:\Windows\System32\Ole32.dll
0x00007ffcc66c0000 - 0x00007ffcc66df000 	C:\Windows\SYSTEM32\amsi.dll
0x00007ffcc6610000 - 0x00007ffcc6691000 	C:\ProgramData\Microsoft\Windows Defender\Platform\4.18.24040.4-0\MpOav.dll

dbghelp: loaded successfully - version: 4.0.5 - missing functions: none
symbol engine: initialized successfully - sym options: 0x614 - pdb path: .;C:\Program Files\Pylo\MCreator\jdk\bin;C:\Windows\SYSTEM32;C:\Windows\WinSxS\amd64_microsoft.windows.common-controls_6595b64144ccf1df_6.0.19041.3636_none_60b6a03d71f818d5;C:\Program Files\Pylo\MCreator\jdk\bin\server;C:\Users\AsusX\AppData\Local\Temp\lwjglAsusX\3.3.1-build-7;C:\Users\AsusX\AppData\Local\Temp\jna-63570920;C:\ProgramData\Microsoft\Windows Defender\Platform\4.18.24040.4-0

VM Arguments:
jvm_args: -Dforge.enableGameTest=true -Dforge.logging.console.level=debug -Dforge.logging.markers=REGISTRIES -DignoreList=bootstraplauncher,securejarhandler,asm-commons,asm-util,asm-analysis,asm-tree,asm,JarJarFileSystems,client-extra,fmlcore,javafmllanguage,lowcodelanguage,mclanguage,forge- -Djava.net.preferIPv6Addresses=system -DlegacyClassPath.file=C:\Mcreator stuff\you_piece_of\build\classpath\runClient_minecraftClasspath.txt -DmergeModules=jna-5.10.0.jar,jna-platform-5.10.0.jar --module-path=C:\Users\AsusX\.mcreator\gradle\caches\modules-2\files-2.1\cpw.mods\bootstraplauncher\1.1.2\c546e00443d8432cda6baa1c860346980742628\bootstraplauncher-1.1.2.jar;C:\Users\AsusX\.mcreator\gradle\caches\modules-2\files-2.1\cpw.mods\securejarhandler\2.1.10\51e6a22c6c716beb11e244bf5b8be480f51dd6b5\securejarhandler-2.1.10.jar;C:\Users\AsusX\.mcreator\gradle\caches\modules-2\files-2.1\org.ow2.asm\asm-commons\9.5\19ab5b5800a3910d30d3a3e64fdb00fd0cb42de0\asm-commons-9.5.jar;C:\Users\AsusX\.mcreator\gradle\caches\modules-2\files-2.1\org.ow2.asm\asm-util\9.5\64b5a1fc8c1b15ed2efd6a063e976bc8d3dc5ffe\asm-util-9.5.jar;C:\Users\AsusX\.mcreator\gradle\caches\modules-2\files-2.1\org.ow2.asm\asm-analysis\9.5\490bacc77de7cbc0be1a30bb3471072d705be4a4\asm-analysis-9.5.jar;C:\Users\AsusX\.mcreator\gradle\caches\modules-2\files-2.1\org.ow2.asm\asm-tree\9.5\fd33c8b6373abaa675be407082fdfda35021254a\asm-tree-9.5.jar;C:\Users\AsusX\.mcreator\gradle\caches\modules-2\files-2.1\org.ow2.asm\asm\9.5\dc6ea1875f4d64fbc85e1691c95b96a3d8569c90\asm-9.5.jar;C:\Users\AsusX\.mcreator\gradle\caches\modules-2\files-2.1\net.minecraftforge\JarJarFileSystems\0.3.19\2464eb7d6b9ddb9db36a82cf8a95193e5c6fe020\JarJarFileSystems-0.3.19.jar --add-modules=ALL-MODULE-PATH --add-opens=java.base/java.util.jar=cpw.mods.securejarhandler --add-opens=java.base/java.lang.invoke=cpw.mods.securejarhandler --add-exports=java.base/sun.security.util=cpw.mods.securejarhandler --add-exports=jdk.naming.dns/com.sun.jndi.dns=java.naming -XX:HeapDumpPath=MojangTricksIntelDriversForPerformance_javaw.exe_minecraft.exe.heapdump -Dfile.encoding=UTF-8 -Duser.country=US -Duser.language=en -Duser.variant 
java_command: cpw.mods.bootstraplauncher.BootstrapLauncher --launchTarget forgeclientuserdev --version MOD_DEV --assetIndex 5 --assetsDir C:\Users\AsusX\.mcreator\gradle\caches\forge_gradle\assets --gameDir . --fml.forgeVersion 47.2.0 --fml.mcVersion 1.20.1 --fml.forgeGroup net.minecraftforge --fml.mcpVersion 20230612.114412
java_class_path (initial): C:\Mcreator stuff\you_piece_of\build\classes\java\main;C:\Mcreator stuff\you_piece_of\build\resources\main;C:\Users\AsusX\.mcreator\gradle\caches\forge_gradle\minecraft_user_repo\net\minecraftforge\forge\1.20.1-47.2.0_mapped_official_1.20.1\forge-1.20.1-47.2.0_mapped_official_1.20.1-recomp.jar;C:\Users\AsusX\.mcreator\gradle\caches\forge_gradle\minecraft_repo\versions\1.20.1\client-extra.jar;C:\Users\AsusX\.mcreator\gradle\caches\modules-2\files-2.1\net.minecraftforge\fmlearlydisplay\1.20.1-47.2.0\4c56a03dcedcb909c7eaa8469dd5a36c493a0008\fmlearlydisplay-1.20.1-47.2.0.jar;C:\Users\AsusX\.mcreator\gradle\caches\modules-2\files-2.1\net.minecraftforge\javafmllanguage\1.20.1-47.2.0\7f9181f85acc66547685a72020713fc8cbde98\javafmllanguage-1.20.1-47.2.0.jar;C:\Users\AsusX\.mcreator\gradle\caches\modules-2\files-2.1\net.minecraftforge\lowcodelanguage\1.20.1-47.2.0\7872f5205685fdd26fae39b1be79b0e60ca5b7bd\lowcodelanguage-1.20.1-47.2.0.jar;C:\Users\AsusX\.mcreator\gradle\caches\modules-2\files-2.1\net.minecraftforge\mclanguage\1.20.1-47.2.0\d501d161cabed08b3c139a2c6217b02a39f3c3e9\mclanguage-1.20.1-47.2.0.jar;C:\Users\AsusX\.mcreator\gradle\caches\modules-2\files-2.1\net.minecraftforge\fmlcore\1.20.1-47.2.0\ffd3c6debac0a388c9e33ac43c9f5eafb91cb466\fmlcore-1.20.1-47.2.0.jar;C:\Users\AsusX\.mcreator\gradle\caches\modules-2\files-2.1\net.minecraftforge\fmlloader\1.20.1-47.2.0\7811231940c0a8b6008453bbc64fdf7fa1280fe9\fmlloader-1.20.1-47.2.0.jar;C:\Users\AsusX\.mcreator\gradle\caches\modules-2\files-2.1\net.minecraftforge\JarJarSelector\0.3.19\376cc9c8ea60720cf027c01fc033de915699801c\JarJarSelector-0.3.19.jar;C:\Users\AsusX\.mcreator\gradle\caches\modules-2\files-2.1\net.minecraftforge\JarJarMetadata\0.3.19\83feaa9b770e6ac0e96ee4fc23fa89325c5fe2\JarJarMetadata-0.3.19.jar;C:\Users\AsusX\.mcreator\gradle\caches\modules-2\files-2.1\com.google.guava\guava\31.1-jre\60458f877d055d0c9114d9e1a2efb737b4bc282c\guava-31.1-jre.jar;C:\Users\AsusX\.mcreator\gradle\cac
Launcher Type: SUN_STANDARD

[Global flags]
     intx CICompilerCount                          = 4                                         {product} {ergonomic}
     uint ConcGCThreads                            = 2                                         {product} {ergonomic}
     uint G1ConcRefinementThreads                  = 8                                         {product} {ergonomic}
   size_t G1HeapRegionSize                         = 1048576                                   {product} {ergonomic}
    uintx GCDrainStackTargetSize                   = 64                                        {product} {ergonomic}
    ccstr HeapDumpPath                             = MojangTricksIntelDriversForPerformance_javaw.exe_minecraft.exe.heapdump         {manageable} {command line}
   size_t InitialHeapSize                          = 134217728                                 {product} {ergonomic}
   size_t MarkStackSize                            = 4194304                                   {product} {ergonomic}
   size_t MaxHeapSize                              = 2118123520                                {product} {ergonomic}
   size_t MaxNewSize                               = 1270874112                                {product} {ergonomic}
   size_t MinHeapDeltaBytes                        = 1048576                                   {product} {ergonomic}
   size_t MinHeapSize                              = 8388608                                   {product} {ergonomic}
    uintx NonNMethodCodeHeapSize                   = 5839372                                {pd product} {ergonomic}
    uintx NonProfiledCodeHeapSize                  = 122909434                              {pd product} {ergonomic}
    uintx ProfiledCodeHeapSize                     = 122909434                              {pd product} {ergonomic}
    uintx ReservedCodeCacheSize                    = 251658240                              {pd product} {ergonomic}
     bool SegmentedCodeCache                       = true                                      {product} {ergonomic}
   size_t SoftMaxHeapSize                          = 2118123520                             {manageable} {ergonomic}
     bool UseCompressedClassPointers               = true                           {product lp64_product} {ergonomic}
     bool UseCompressedOops                        = true                           {product lp64_product} {ergonomic}
     bool UseG1GC                                  = true                                      {product} {ergonomic}
     bool UseLargePagesIndividualAllocation        = false                                  {pd product} {ergonomic}

Logging:
Log output configuration:
 #0: stdout all=warning uptime,level,tags
 #1: stderr all=off uptime,level,tags

Environment Variables:
JAVA_HOME=C:\Program Files\Pylo\MCreator\jdk
PATH=C:\Program Files (x86)\Common Files\Oracle\Java\javapath;C:\Program Files (x86)\Razer\ChromaBroadcast\bin;C:\Program Files\Razer\ChromaBroadcast\bin;C:\Windows\system32;C:\Windows;C:\Windows\System32\Wbem;C:\Windows\System32\WindowsPowerShell\v1.0\;C:\Windows\System32\OpenSSH\;C:\Windows\system32\config\systemprofile\AppData\Local\Microsoft\WindowsApps;C:\Program Files\dotnet\;C:\Users\AsusX\AppData\Local\Microsoft\WindowsApps;C:\Users\AsusX\.dotnet\tools;C:\Program Files\Pylo\MCreator\jdk\bin
USERNAME=AsusX
OS=Windows_NT
PROCESSOR_IDENTIFIER=Intel64 Family 6 Model 60 Stepping 3, GenuineIntel
TMP=C:\Users\AsusX\AppData\Local\Temp
TEMP=C:\Users\AsusX\AppData\Local\Temp



Periodic native trim disabled


---------------  S Y S T E M  ---------------

OS:
 Windows 10 , 64 bit Build 19041 (10.0.19041.3636)
OS uptime: 0 days 22:53 hours

CPU: total 8 (initial active 8) (4 cores per cpu, 2 threads per core) family 6 model 60 stepping 3 microcode 0x27, cx8, cmov, fxsr, ht, mmx, sse, sse2, sse3, ssse3, sse4.1, sse4.2, popcnt, lzcnt, tsc, tscinvbit, avx, avx2, aes, erms, clmul, bmi1, bmi2, fma, vzeroupper, clflush
Processor Information for all 8 processors :
  Max Mhz: 2501, Current Mhz: 2501, Mhz Limit: 2501

Memory: 4k page, system-wide physical 8075M (2768M free)
TotalPageFile size 14987M (AvailPageFile size 6749M)
current process WorkingSet (physical memory assigned to process): 449M, peak: 458M
current process commit charge ("private bytes"): 510M, peak: 519M

vm_info: OpenJDK 64-Bit Server VM (17.0.10+7) for windows-amd64 JRE (17.0.10+7), built on Jan 16 2024 23:25:11 by "admin" with MS VC++ 16.10 / 16.11 (VS2019)

END.
