#
# A fatal error has been detected by the Java Runtime Environment:
#
#  EXCEPTION_ACCESS_VIOLATION (0xc0000005) at pc=0x00007ffc871a3a76, pid=8464, tid=3668
#
# JRE version: OpenJDK Runtime Environment Temurin-17.0.10+7 (17.0.10+7) (build 17.0.10+7)
# Java VM: OpenJDK 64-Bit Server VM Temurin-17.0.10+7 (17.0.10+7, mixed mode, sharing, tiered, compressed oops, compressed class ptrs, g1 gc, windows-amd64)
# Problematic frame:
# C  [ig75icd64.dll+0x1a3a76]
#
# No core dump will be written. Minidumps are not enabled by default on client versions of Windows
#
# If you would like to submit a bug report, please visit:
#   https://github.com/adoptium/adoptium-support/issues
# The crash happened outside the Java Virtual Machine in native code.
# See problematic frame for where to report the bug.
#

---------------  S U M M A R Y ------------

Command Line: -Dforge.enableGameTest=true -Dforge.logging.console.level=debug -Dforge.logging.markers=REGISTRIES -DignoreList=bootstraplauncher,securejarhandler,asm-commons,asm-util,asm-analysis,asm-tree,asm,JarJarFileSystems,client-extra,fmlcore,javafmllanguage,lowcodelanguage,mclanguage,forge- -Djava.net.preferIPv6Addresses=system -DlegacyClassPath.file=C:\Mcreator stuff\you_piece_of\build\classpath\runClient_minecraftClasspath.txt -DmergeModules=jna-5.10.0.jar,jna-platform-5.10.0.jar --module-path=C:\Users\AsusX\.mcreator\gradle\caches\modules-2\files-2.1\cpw.mods\bootstraplauncher\1.1.2\c546e00443d8432cda6baa1c860346980742628\bootstraplauncher-1.1.2.jar;C:\Users\AsusX\.mcreator\gradle\caches\modules-2\files-2.1\cpw.mods\securejarhandler\2.1.10\51e6a22c6c716beb11e244bf5b8be480f51dd6b5\securejarhandler-2.1.10.jar;C:\Users\AsusX\.mcreator\gradle\caches\modules-2\files-2.1\org.ow2.asm\asm-commons\9.5\19ab5b5800a3910d30d3a3e64fdb00fd0cb42de0\asm-commons-9.5.jar;C:\Users\AsusX\.mcreator\gradle\caches\modules-2\files-2.1\org.ow2.asm\asm-util\9.5\64b5a1fc8c1b15ed2efd6a063e976bc8d3dc5ffe\asm-util-9.5.jar;C:\Users\AsusX\.mcreator\gradle\caches\modules-2\files-2.1\org.ow2.asm\asm-analysis\9.5\490bacc77de7cbc0be1a30bb3471072d705be4a4\asm-analysis-9.5.jar;C:\Users\AsusX\.mcreator\gradle\caches\modules-2\files-2.1\org.ow2.asm\asm-tree\9.5\fd33c8b6373abaa675be407082fdfda35021254a\asm-tree-9.5.jar;C:\Users\AsusX\.mcreator\gradle\caches\modules-2\files-2.1\org.ow2.asm\asm\9.5\dc6ea1875f4d64fbc85e1691c95b96a3d8569c90\asm-9.5.jar;C:\Users\AsusX\.mcreator\gradle\caches\modules-2\files-2.1\net.minecraftforge\JarJarFileSystems\0.3.19\2464eb7d6b9ddb9db36a82cf8a95193e5c6fe020\JarJarFileSystems-0.3.19.jar --add-modules=ALL-MODULE-PATH --add-opens=java.base/java.util.jar=cpw.mods.securejarhandler --add-opens=java.base/java.lang.invoke=cpw.mods.securejarhandler --add-exports=java.base/sun.security.util=cpw.mods.securejarhandler --add-exports=jdk.naming.dns/com.sun.jndi.dns=java.naming -XX:HeapDumpPath=MojangTricksIntelDriversForPerformance_javaw.exe_minecraft.exe.heapdump -Dfile.encoding=UTF-8 -Duser.country=US -Duser.language=en -Duser.variant cpw.mods.bootstraplauncher.BootstrapLauncher --launchTarget forgeclientuserdev --version MOD_DEV --assetIndex 5 --assetsDir C:\Users\AsusX\.mcreator\gradle\caches\forge_gradle\assets --gameDir . --fml.forgeVersion 47.2.0 --fml.mcVersion 1.20.1 --fml.forgeGroup net.minecraftforge --fml.mcpVersion 20230612.114412

Host: Intel(R) Core(TM) i7-4710HQ CPU @ 2.50GHz, 8 cores, 7G,  Windows 10 , 64 bit Build 19041 (10.0.19041.3636)
Time: Tue Jun  4 17:38:52 2024 FLE Daylight Time elapsed time: 11.184716 seconds (0d 0h 0m 11s)

---------------  T H R E A D  ---------------

Current thread (0x000001b71ab88690):  JavaThread "pool-2-thread-1" daemon [_thread_in_native, id=3668, stack(0x000000430a300000,0x000000430a400000)]

Stack: [0x000000430a300000,0x000000430a400000],  sp=0x000000430a3fe740,  free space=1017k
Native frames: (J=compiled Java code, j=interpreted, Vv=VM code, C=native code)
C  [ig75icd64.dll+0x1a3a76]

Java frames: (J=compiled Java code, j=interpreted, Vv=VM code)
j  org.lwjgl.opengl.GL30C.glBlitFramebuffer(IIIIIIIIII)V+0 org.lwjgl.opengl@3.3.1+7
j  net.minecraftforge.fml.earlydisplay.EarlyFramebuffer.draw(II)V+242 fmlearlydisplay@1.20.1-47.2.0
j  net.minecraftforge.fml.earlydisplay.DisplayWindow.renderThreadFunc()V+199 fmlearlydisplay@1.20.1-47.2.0
j  net.minecraftforge.fml.earlydisplay.DisplayWindow$$Lambda$521+0x000001b6d525d988.run()V+4 fmlearlydisplay@1.20.1-47.2.0
j  java.util.concurrent.Executors$RunnableAdapter.call()Ljava/lang/Object;+4 java.base@17.0.10
j  java.util.concurrent.FutureTask.runAndReset()Z+44 java.base@17.0.10
j  java.util.concurrent.ScheduledThreadPoolExecutor$ScheduledFutureTask.run()V+35 java.base@17.0.10
j  java.util.concurrent.ThreadPoolExecutor.runWorker(Ljava/util/concurrent/ThreadPoolExecutor$Worker;)V+92 java.base@17.0.10
j  java.util.concurrent.ThreadPoolExecutor$Worker.run()V+5 java.base@17.0.10
j  java.lang.Thread.run()V+11 java.base@17.0.10
v  ~StubRoutines::call_stub

siginfo: EXCEPTION_ACCESS_VIOLATION (0xc0000005), reading address 0x0000000000000010


Registers:
RAX=0x000001b71c2a4c28, RBX=0x000001b7197eda40, RCX=0x0000000000000000, RDX=0x000001b71bbc4040
RSP=0x000000430a3fe740, RBP=0x000000430a3fe870, RSI=0x0000000000000001, RDI=0x000001b7197edef0
R8 =0x0000000000000001, R9 =0x000001b71c507d20, R10=0x0000000000000000, R11=0x0000000000000356
R12=0x0000000000000000, R13=0x0000000000002600, R14=0x000001b71bbc4040, R15=0x0000000000000001
RIP=0x00007ffc871a3a76, EFLAGS=0x0000000000010202


Register to memory mapping:

RIP=0x00007ffc871a3a76 ig75icd64.dll
RAX=0x000001b71c2a4c28 points into unknown readable memory: 0x7246646e00000901 | 01 09 00 00 6e 64 46 72
RBX=0x000001b7197eda40 points into unknown readable memory: 0x0000000000000000 | 00 00 00 00 00 00 00 00
RCX=0x0 is NULL
RDX=0x000001b71bbc4040 points into unknown readable memory: 0x000001b71b28b040 | 40 b0 28 1b b7 01 00 00
RSP=0x000000430a3fe740 is pointing into the stack for thread: 0x000001b71ab88690
RBP=0x000000430a3fe870 is pointing into the stack for thread: 0x000001b71ab88690
RSI=0x0000000000000001 is an unknown value
RDI=0x000001b7197edef0 points into unknown readable memory: 0x000001b71bc0c5d0 | d0 c5 c0 1b b7 01 00 00
R8 =0x0000000000000001 is an unknown value
R9 =0x000001b71c507d20 points into unknown readable memory: 0x0000000000000000 | 00 00 00 00 00 00 00 00
R10=0x0 is NULL
R11=0x0000000000000356 is an unknown value
R12=0x0 is NULL
R13=0x0000000000002600 is an unknown value
R14=0x000001b71bbc4040 points into unknown readable memory: 0x000001b71b28b040 | 40 b0 28 1b b7 01 00 00
R15=0x0000000000000001 is an unknown value


Top of Stack: (sp=0x000000430a3fe740)
0x000000430a3fe740:   00000000020ff58d 00007ffce2bb372b
0x000000430a3fe750:   000001b6b30b0000 0000000000000000
0x000000430a3fe760:   000001b7197eda40 00007ffc871ffec6
0x000000430a3fe770:   000001b7197eda40 0000000000000001
0x000000430a3fe780:   0000000000000020 0000000000000046
0x000000430a3fe790:   0000000000000000 00000000ffffffff
0x000000430a3fe7a0:   000001b71c1d0c10 00007ffce3a747b1
0x000000430a3fe7b0:   0000000000000002 000001b6b2fb0000
0x000000430a3fe7c0:   0000000000000001 0000000000000000
0x000000430a3fe7d0:   0000000000000000 0000000000000046
0x000000430a3fe7e0:   000001b71c1d0c10 00007ffce2ba8ade
0x000000430a3fe7f0:   000000430a3fe890 000000000000007c
0x000000430a3fe800:   000001b71c1d0c10 00007ffce21c0000
0x000000430a3fe810:   0000000000000001 0000000000000000
0x000000430a3fe820:   0000000000000000 000001b71bf1c740
0x000000430a3fe830:   ffffffffff730f99 0001730100002110
0x000000430a3fe840:   000001b71ab88690 000001b71bbc4040
0x000000430a3fe850:   000001b716046f28 0000000000000000
0x000000430a3fe860:   000000000000009c 00007ffc87570628
0x000000430a3fe870:   3f8000003f800000 0000000000000000
0x000000430a3fe880:   3f80000000000000 3f8000003f800000
0x000000430a3fe890:   0000000000000000 3f80000000000000
0x000000430a3fe8a0:   3f8000003f800000 0000000000000000
0x000000430a3fe8b0:   3f80000000000000 00000000207c00a0
0x000000430a3fe8c0:   0000000000000000 0000000000000000
0x000000430a3fe8d0:   0000000000000000 00007ffc87018fe4
0x000000430a3fe8e0:   0000000000000000 0000000000000000
0x000000430a3fe8f0:   000001b71c507d20 0000055600000020
0x000000430a3fe900:   0000000000000000 0000000000000000
0x000000430a3fe910:   0000000000000000 000001b71bc0c5d0
0x000000430a3fe920:   0000000000000000 00000001870ef2af
0x000000430a3fe930:   0000260000000001 000001b700000003 

Instructions: (pc=0x00007ffc871a3a76)
0x00007ffc871a3976:   1f 4d 8b c6 48 8b 81 70 01 00 00 48 8b d6 ff 50
0x00007ffc871a3986:   38 48 8b fb 48 85 db 75 e1 48 8b 85 50 04 00 00
0x00007ffc871a3996:   4c 8b 74 24 30 48 8b 48 50 48 85 c9 74 1f 8b 41
0x00007ffc871a39a6:   10 39 85 64 03 00 00 74 14 48 b8 00 00 00 00 00
0x00007ffc871a39b6:   01 04 00 48 09 46 30 89 9d b8 02 00 00 48 8b 0d
0x00007ffc871a39c6:   46 ba 8f 00 ff 15 d8 7a 5d 00 48 8b 5c 24 38 48
0x00007ffc871a39d6:   8b 6c 24 40 48 8b 74 24 48 48 83 c4 20 5f c3 cc
0x00007ffc871a39e6:   cc cc cc cc cc cc cc cc cc cc 48 83 ec 28 48 85
0x00007ffc871a39f6:   d2 74 12 80 7a 24 00 74 0c 48 8d 05 4a 59 8c 00
0x00007ffc871a3a06:   48 83 c4 28 c3 e8 f0 01 00 00 48 85 c0 75 0c 48
0x00007ffc871a3a16:   8d 05 a4 1e 90 00 48 83 c4 28 c3 48 05 60 01 00
0x00007ffc871a3a26:   00 48 83 c4 28 c3 cc cc cc cc 44 8b 49 0c 45 85
0x00007ffc871a3a36:   c9 74 0b 41 ff c9 74 03 32 c0 c3 b0 01 c3 83 79
0x00007ffc871a3a46:   08 03 75 05 45 84 c0 75 0c 80 ba 00 f6 02 00 01
0x00007ffc871a3a56:   74 03 33 c0 c3 b8 01 00 00 00 c3 cc cc cc cc cc
0x00007ffc871a3a66:   cc cc cc cc cc cc cc cc cc cc 40 53 48 83 ec 20
0x00007ffc871a3a76:   8b 41 10 48 8d 59 20 39 03 74 35 48 8b 91 80 00
0x00007ffc871a3a86:   00 00 48 85 d2 74 15 48 8b 52 20 4c 8b c3 e8 27
0x00007ffc871a3a96:   00 00 00 48 8b c3 48 83 c4 20 5b c3 48 8b 91 88
0x00007ffc871a3aa6:   00 00 00 48 85 d2 75 df 4c 8b c3 e8 0a 00 00 00
0x00007ffc871a3ab6:   48 8b c3 48 83 c4 20 5b c3 cc 48 89 5c 24 08 48
0x00007ffc871a3ac6:   89 74 24 10 57 48 83 ec 20 49 8b f8 48 8b da 33
0x00007ffc871a3ad6:   d2 48 8b f1 44 8d 42 60 48 8b cf e8 fa c0 3d 00
0x00007ffc871a3ae6:   48 8b 86 90 00 00 00 48 89 47 08 8b 86 4c 01 00
0x00007ffc871a3af6:   00 48 89 5f 28 ff c8 89 47 14 8b 86 50 01 00 00
0x00007ffc871a3b06:   48 8b 4b 08 89 47 18 8b 86 54 01 00 00 89 47 1c
0x00007ffc871a3b16:   8b 86 58 01 00 00 89 47 20 e8 cc ed 3f 00 33 db
0x00007ffc871a3b26:   ff c8 74 32 ff c8 74 27 ff c8 74 1c ff c8 74 11
0x00007ffc871a3b36:   83 f8 02 74 05 8d 43 07 eb 1e b8 04 00 00 00 eb
0x00007ffc871a3b46:   17 b8 03 00 00 00 eb 10 b8 02 00 00 00 eb 09 b8
0x00007ffc871a3b56:   01 00 00 00 eb 02 8b c3 89 47 10 83 7e 08 01 77
0x00007ffc871a3b66:   15 48 8b 4f 28 48 8b 49 08 e8 bc ed 3f 00 85 c0 


Stack slot to memory mapping:
stack at sp + 0 slots: 0x00000000020ff58d is an unknown value
stack at sp + 1 slots: 0x00007ffce2bb372b USER32.dll
stack at sp + 2 slots: 0x000001b6b30b0000 points into unknown readable memory: 0x0000000000000000 | 00 00 00 00 00 00 00 00
stack at sp + 3 slots: 0x0 is NULL
stack at sp + 4 slots: 0x000001b7197eda40 points into unknown readable memory: 0x0000000000000000 | 00 00 00 00 00 00 00 00
stack at sp + 5 slots: 0x00007ffc871ffec6 ig75icd64.dll
stack at sp + 6 slots: 0x000001b7197eda40 points into unknown readable memory: 0x0000000000000000 | 00 00 00 00 00 00 00 00
stack at sp + 7 slots: 0x0000000000000001 is an unknown value


---------------  P R O C E S S  ---------------

Threads class SMR info:
_java_thread_list=0x000001b71977e100, length=18, elements={
0x000001b6b5162300, 0x000001b6d30e4e10, 0x000001b6d30e68f0, 0x000001b6d30ff070,
0x000001b6d3101e50, 0x000001b6d3102720, 0x000001b6d3105000, 0x000001b6d310c1d0,
0x000001b6d3688140, 0x000001b6d3688a50, 0x000001b6d37643f0, 0x000001b6d39221a0,
0x000001b71a93f900, 0x000001b71ab88690, 0x000001b71c66c5f0, 0x000001b6d3700f40,
0x000001b71beae620, 0x000001b7a2f98060
}

Java Threads: ( => current thread )
  0x000001b6b5162300 JavaThread "main" [_thread_blocked, id=7616, stack(0x0000004308400000,0x0000004308500000)]
  0x000001b6d30e4e10 JavaThread "Reference Handler" daemon [_thread_blocked, id=3596, stack(0x0000004308b00000,0x0000004308c00000)]
  0x000001b6d30e68f0 JavaThread "Finalizer" daemon [_thread_blocked, id=6600, stack(0x0000004308c00000,0x0000004308d00000)]
  0x000001b6d30ff070 JavaThread "Signal Dispatcher" daemon [_thread_blocked, id=2072, stack(0x0000004308d00000,0x0000004308e00000)]
  0x000001b6d3101e50 JavaThread "Attach Listener" daemon [_thread_blocked, id=6100, stack(0x0000004308e00000,0x0000004308f00000)]
  0x000001b6d3102720 JavaThread "Service Thread" daemon [_thread_blocked, id=13160, stack(0x0000004308f00000,0x0000004309000000)]
  0x000001b6d3105000 JavaThread "Monitor Deflation Thread" daemon [_thread_blocked, id=9276, stack(0x0000004309000000,0x0000004309100000)]
  0x000001b6d310c1d0 JavaThread "C2 CompilerThread0" daemon [_thread_in_native, id=16256, stack(0x0000004309100000,0x0000004309200000)]
  0x000001b6d3688140 JavaThread "C1 CompilerThread0" daemon [_thread_blocked, id=10868, stack(0x0000004309200000,0x0000004309300000)]
  0x000001b6d3688a50 JavaThread "Sweeper thread" daemon [_thread_blocked, id=13576, stack(0x0000004309300000,0x0000004309400000)]
  0x000001b6d37643f0 JavaThread "Common-Cleaner" daemon [_thread_blocked, id=12588, stack(0x0000004309400000,0x0000004309500000)]
  0x000001b6d39221a0 JavaThread "Notification Thread" daemon [_thread_blocked, id=9312, stack(0x0000004309600000,0x0000004309700000)]
  0x000001b71a93f900 JavaThread "C2 CompilerThread1" daemon [_thread_in_native, id=7640, stack(0x0000004309500000,0x0000004309600000)]
=>0x000001b71ab88690 JavaThread "pool-2-thread-1" daemon [_thread_in_native, id=3668, stack(0x000000430a300000,0x000000430a400000)]
  0x000001b71c66c5f0 JavaThread "pool-3-thread-1" daemon [_thread_blocked, id=12064, stack(0x000000430b000000,0x000000430b100000)]
  0x000001b6d3700f40 JavaThread "JNA Cleaner" daemon [_thread_blocked, id=12964, stack(0x000000430b100000,0x000000430b200000)]
  0x000001b71beae620 JavaThread "C2 CompilerThread2" daemon [_thread_in_native, id=2348, stack(0x0000004309800000,0x0000004309900000)]
  0x000001b7a2f98060 JavaThread "pool-4-thread-1" [_thread_in_Java, id=9836, stack(0x000000430b300000,0x000000430b400000)]

Other Threads:
  0x000001b6d30dcea0 VMThread "VM Thread" [stack: 0x0000004308a00000,0x0000004308b00000] [id=5364]
  0x000001b6b5162e30 WatcherThread [stack: 0x0000004309700000,0x0000004309800000] [id=12840]
  0x000001b6b51be3e0 GCTaskThread "GC Thread#0" [stack: 0x0000004308500000,0x0000004308600000] [id=14580]
  0x000001b7194ff120 GCTaskThread "GC Thread#1" [stack: 0x0000004309900000,0x0000004309a00000] [id=5916]
  0x000001b7194ff3e0 GCTaskThread "GC Thread#2" [stack: 0x0000004309a00000,0x0000004309b00000] [id=2456]
  0x000001b7196066d0 GCTaskThread "GC Thread#3" [stack: 0x0000004309b00000,0x0000004309c00000] [id=144]
  0x000001b71aa844b0 GCTaskThread "GC Thread#4" [stack: 0x0000004309d00000,0x0000004309e00000] [id=12276]
  0x000001b71a372b10 GCTaskThread "GC Thread#5" [stack: 0x0000004309e00000,0x0000004309f00000] [id=12828]
  0x000001b71af880d0 GCTaskThread "GC Thread#6" [stack: 0x0000004309f00000,0x000000430a000000] [id=16184]
  0x000001b71a511160 GCTaskThread "GC Thread#7" [stack: 0x000000430ad00000,0x000000430ae00000] [id=2180]
  0x000001b6b51ceec0 ConcurrentGCThread "G1 Main Marker" [stack: 0x0000004308600000,0x0000004308700000] [id=4444]
  0x000001b6b51d0fa0 ConcurrentGCThread "G1 Conc#0" [stack: 0x0000004308700000,0x0000004308800000] [id=1972]
  0x000001b71bbb0a60 ConcurrentGCThread "G1 Conc#1" [stack: 0x000000430ae00000,0x000000430af00000] [id=7236]
  0x000001b6b51fea00 ConcurrentGCThread "G1 Refine#0" [stack: 0x0000004308800000,0x0000004308900000] [id=16180]
  0x000001b719606990 ConcurrentGCThread "G1 Refine#1" [stack: 0x0000004309c00000,0x0000004309d00000] [id=8684]
  0x000001b71b05cb50 ConcurrentGCThread "G1 Refine#2" [stack: 0x000000430af00000,0x000000430b000000] [id=15096]
  0x000001b6d2f9a390 ConcurrentGCThread "G1 Service" [stack: 0x0000004308900000,0x0000004308a00000] [id=10760]

Threads with active compile tasks:
C2 CompilerThread0    11899 7493       4       java.lang.ThreadLocal::set (30 bytes)
C2 CompilerThread1    11899 7908       4       org.objectweb.asm.MethodWriter::visitMethodInsn (191 bytes)
C2 CompilerThread2    11899 7030 %     4       org.objectweb.asm.ClassReader::readCode @ 1561 (5117 bytes)

VM state: not at safepoint (normal execution)

VM Mutex/Monitor currently owned by a thread: None

Heap address: 0x0000000081c00000, size: 2020 MB, Compressed Oops mode: 32-bit

CDS archive(s) mapped at: [0x000001b6d4000000-0x000001b6d4bb0000-0x000001b6d4bb0000), size 12255232, SharedBaseAddress: 0x000001b6d4000000, ArchiveRelocationMode: 1.
Compressed class space mapped at: 0x000001b6d5000000-0x000001b715000000, reserved size: 1073741824
Narrow klass base: 0x000001b6d4000000, Narrow klass shift: 0, Narrow klass range: 0x100000000

GC Precious Log:
 CPUs: 8 total, 8 available
 Memory: 8075M
 Large Page Support: Disabled
 NUMA Support: Disabled
 Compressed Oops: Enabled (32-bit)
 Heap Region Size: 1M
 Heap Min Capacity: 8M
 Heap Initial Capacity: 128M
 Heap Max Capacity: 2020M
 Pre-touch: Disabled
 Parallel Workers: 8
 Concurrent Workers: 2
 Concurrent Refinement Workers: 8
 Periodic GC: Disabled

Heap:
 garbage-first heap   total 235520K, used 119931K [0x0000000081c00000, 0x0000000100000000)
  region size 1024K, 34 young (34816K), 11 survivors (11264K)
 Metaspace       used 41743K, committed 42880K, reserved 1114112K
  class space    used 4938K, committed 5440K, reserved 1048576K

Heap Regions: E=young(eden), S=young(survivor), O=old, HS=humongous(starts), HC=humongous(continues), CS=collection set, F=free, OA=open archive, CA=closed archive, TAMS=top-at-mark-start (previous, next)
|   0|0x0000000081c00000, 0x0000000081d00000, 0x0000000081d00000|100%|HS|  |TAMS 0x0000000081d00000, 0x0000000081c00000| Complete 
|   1|0x0000000081d00000, 0x0000000081e00000, 0x0000000081e00000|100%|HS|  |TAMS 0x0000000081e00000, 0x0000000081d00000| Complete 
|   2|0x0000000081e00000, 0x0000000081f00000, 0x0000000081f00000|100%|HC|  |TAMS 0x0000000081f00000, 0x0000000081e00000| Complete 
|   3|0x0000000081f00000, 0x0000000082000000, 0x0000000082000000|100%| O|  |TAMS 0x0000000082000000, 0x0000000081f00000| Untracked 
|   4|0x0000000082000000, 0x0000000082100000, 0x0000000082100000|100%| O|  |TAMS 0x0000000082100000, 0x0000000082000000| Untracked 
|   5|0x0000000082100000, 0x0000000082200000, 0x0000000082200000|100%| O|  |TAMS 0x0000000082200000, 0x0000000082100000| Untracked 
|   6|0x0000000082200000, 0x0000000082300000, 0x0000000082300000|100%|HS|  |TAMS 0x0000000082300000, 0x0000000082200000| Complete 
|   7|0x0000000082300000, 0x0000000082400000, 0x0000000082400000|100%|HC|  |TAMS 0x0000000082400000, 0x0000000082300000| Complete 
|   8|0x0000000082400000, 0x0000000082500000, 0x0000000082500000|100%| O|  |TAMS 0x0000000082500000, 0x0000000082400000| Untracked 
|   9|0x0000000082500000, 0x0000000082600000, 0x0000000082600000|100%| O|  |TAMS 0x0000000082600000, 0x0000000082500000| Untracked 
|  10|0x0000000082600000, 0x0000000082700000, 0x0000000082700000|100%| O|  |TAMS 0x0000000082700000, 0x0000000082600000| Untracked 
|  11|0x0000000082700000, 0x0000000082800000, 0x0000000082800000|100%| O|  |TAMS 0x0000000082800000, 0x0000000082700000| Untracked 
|  12|0x0000000082800000, 0x0000000082900000, 0x0000000082900000|100%|HS|  |TAMS 0x0000000082900000, 0x0000000082800000| Complete 
|  13|0x0000000082900000, 0x0000000082a00000, 0x0000000082a00000|100%|HC|  |TAMS 0x0000000082a00000, 0x0000000082900000| Complete 
|  14|0x0000000082a00000, 0x0000000082b00000, 0x0000000082b00000|100%| O|  |TAMS 0x0000000082b00000, 0x0000000082a00000| Untracked 
|  15|0x0000000082b00000, 0x0000000082c00000, 0x0000000082c00000|100%| O|  |TAMS 0x0000000082c00000, 0x0000000082b00000| Untracked 
|  16|0x0000000082c00000, 0x0000000082d00000, 0x0000000082d00000|100%|HS|  |TAMS 0x0000000082d00000, 0x0000000082c00000| Complete 
|  17|0x0000000082d00000, 0x0000000082e00000, 0x0000000082e00000|100%|HC|  |TAMS 0x0000000082e00000, 0x0000000082d00000| Complete 
|  18|0x0000000082e00000, 0x0000000082f00000, 0x0000000082f00000|100%| O|  |TAMS 0x0000000082f00000, 0x0000000082e00000| Untracked 
|  19|0x0000000082f00000, 0x0000000083000000, 0x0000000083000000|100%| O|  |TAMS 0x0000000083000000, 0x0000000082f00000| Untracked 
|  20|0x0000000083000000, 0x0000000083100000, 0x0000000083100000|100%| O|  |TAMS 0x0000000083100000, 0x0000000083000000| Untracked 
|  21|0x0000000083100000, 0x0000000083200000, 0x0000000083200000|100%| O|  |TAMS 0x0000000083200000, 0x0000000083100000| Untracked 
|  22|0x0000000083200000, 0x0000000083300000, 0x0000000083300000|100%| O|  |TAMS 0x0000000083300000, 0x0000000083200000| Untracked 
|  23|0x0000000083300000, 0x0000000083400000, 0x0000000083400000|100%| O|  |TAMS 0x0000000083400000, 0x0000000083300000| Untracked 
|  24|0x0000000083400000, 0x0000000083500000, 0x0000000083500000|100%| O|  |TAMS 0x0000000083500000, 0x0000000083400000| Untracked 
|  25|0x0000000083500000, 0x0000000083600000, 0x0000000083600000|100%| O|  |TAMS 0x0000000083600000, 0x0000000083500000| Untracked 
|  26|0x0000000083600000, 0x0000000083700000, 0x0000000083700000|100%| O|  |TAMS 0x0000000083700000, 0x0000000083600000| Untracked 
|  27|0x0000000083700000, 0x0000000083800000, 0x0000000083800000|100%| O|  |TAMS 0x0000000083800000, 0x0000000083700000| Untracked 
|  28|0x0000000083800000, 0x0000000083900000, 0x0000000083900000|100%| O|  |TAMS 0x0000000083900000, 0x0000000083800000| Untracked 
|  29|0x0000000083900000, 0x0000000083a00000, 0x0000000083a00000|100%| O|  |TAMS 0x0000000083a00000, 0x0000000083900000| Untracked 
|  30|0x0000000083a00000, 0x0000000083b00000, 0x0000000083b00000|100%| O|  |TAMS 0x0000000083b00000, 0x0000000083a00000| Untracked 
|  31|0x0000000083b00000, 0x0000000083c00000, 0x0000000083c00000|100%|HS|  |TAMS 0x0000000083c00000, 0x0000000083b00000| Complete 
|  32|0x0000000083c00000, 0x0000000083d00000, 0x0000000083d00000|100%|HS|  |TAMS 0x0000000083d00000, 0x0000000083c00000| Complete 
|  33|0x0000000083d00000, 0x0000000083e00000, 0x0000000083e00000|100%|HC|  |TAMS 0x0000000083e00000, 0x0000000083d00000| Complete 
|  34|0x0000000083e00000, 0x0000000083f00000, 0x0000000083f00000|100%|HS|  |TAMS 0x0000000083f00000, 0x0000000083e00000| Complete 
|  35|0x0000000083f00000, 0x0000000084000000, 0x0000000084000000|100%| O|  |TAMS 0x0000000084000000, 0x0000000083f00000| Untracked 
|  36|0x0000000084000000, 0x0000000084100000, 0x0000000084100000|100%| O|  |TAMS 0x0000000084100000, 0x0000000084000000| Untracked 
|  37|0x0000000084100000, 0x0000000084200000, 0x0000000084200000|100%| O|  |TAMS 0x0000000084200000, 0x0000000084100000| Untracked 
|  38|0x0000000084200000, 0x0000000084300000, 0x0000000084300000|100%| O|  |TAMS 0x0000000084300000, 0x0000000084200000| Untracked 
|  39|0x0000000084300000, 0x0000000084400000, 0x0000000084400000|100%| O|  |TAMS 0x0000000084400000, 0x0000000084300000| Untracked 
|  40|0x0000000084400000, 0x0000000084500000, 0x0000000084500000|100%| O|  |TAMS 0x0000000084500000, 0x0000000084400000| Untracked 
|  41|0x0000000084500000, 0x0000000084600000, 0x0000000084600000|100%| O|  |TAMS 0x0000000084600000, 0x0000000084500000| Untracked 
|  42|0x0000000084600000, 0x0000000084700000, 0x0000000084700000|100%| O|  |TAMS 0x0000000084700000, 0x0000000084600000| Untracked 
|  43|0x0000000084700000, 0x0000000084800000, 0x0000000084800000|100%| O|  |TAMS 0x0000000084800000, 0x0000000084700000| Untracked 
|  44|0x0000000084800000, 0x0000000084900000, 0x0000000084900000|100%| O|  |TAMS 0x0000000084900000, 0x0000000084800000| Untracked 
|  45|0x0000000084900000, 0x0000000084a00000, 0x0000000084a00000|100%| O|  |TAMS 0x0000000084a00000, 0x0000000084900000| Untracked 
|  46|0x0000000084a00000, 0x0000000084b00000, 0x0000000084b00000|100%| O|  |TAMS 0x0000000084b00000, 0x0000000084a00000| Untracked 
|  47|0x0000000084b00000, 0x0000000084c00000, 0x0000000084c00000|100%| O|  |TAMS 0x0000000084c00000, 0x0000000084b00000| Untracked 
|  48|0x0000000084c00000, 0x0000000084d00000, 0x0000000084d00000|100%| O|  |TAMS 0x0000000084d00000, 0x0000000084c00000| Untracked 
|  49|0x0000000084d00000, 0x0000000084e00000, 0x0000000084e00000|100%| O|  |TAMS 0x0000000084e00000, 0x0000000084d00000| Untracked 
|  50|0x0000000084e00000, 0x0000000084f00000, 0x0000000084f00000|100%| O|  |TAMS 0x0000000084f00000, 0x0000000084e00000| Untracked 
|  51|0x0000000084f00000, 0x0000000085000000, 0x0000000085000000|100%| O|  |TAMS 0x0000000085000000, 0x0000000084f00000| Untracked 
|  52|0x0000000085000000, 0x0000000085100000, 0x0000000085100000|100%| O|  |TAMS 0x0000000085100000, 0x0000000085000000| Untracked 
|  53|0x0000000085100000, 0x0000000085200000, 0x0000000085200000|100%| O|  |TAMS 0x0000000085200000, 0x0000000085100000| Untracked 
|  54|0x0000000085200000, 0x0000000085300000, 0x0000000085300000|100%| O|  |TAMS 0x0000000085300000, 0x0000000085200000| Untracked 
|  55|0x0000000085300000, 0x0000000085400000, 0x0000000085400000|100%| O|  |TAMS 0x0000000085400000, 0x0000000085300000| Untracked 
|  56|0x0000000085400000, 0x0000000085500000, 0x0000000085500000|100%| O|  |TAMS 0x0000000085500000, 0x0000000085400000| Untracked 
|  57|0x0000000085500000, 0x0000000085600000, 0x0000000085600000|100%| O|  |TAMS 0x0000000085600000, 0x0000000085500000| Untracked 
|  58|0x0000000085600000, 0x0000000085700000, 0x0000000085700000|100%| O|  |TAMS 0x0000000085700000, 0x0000000085600000| Untracked 
|  59|0x0000000085700000, 0x0000000085800000, 0x0000000085800000|100%| O|  |TAMS 0x0000000085800000, 0x0000000085700000| Untracked 
|  60|0x0000000085800000, 0x0000000085900000, 0x0000000085900000|100%| O|  |TAMS 0x0000000085900000, 0x0000000085800000| Untracked 
|  61|0x0000000085900000, 0x0000000085a00000, 0x0000000085a00000|100%| O|  |TAMS 0x0000000085a00000, 0x0000000085900000| Untracked 
|  62|0x0000000085a00000, 0x0000000085b00000, 0x0000000085b00000|100%| O|  |TAMS 0x0000000085b00000, 0x0000000085a00000| Untracked 
|  63|0x0000000085b00000, 0x0000000085c00000, 0x0000000085c00000|100%| O|  |TAMS 0x0000000085c00000, 0x0000000085b00000| Untracked 
|  64|0x0000000085c00000, 0x0000000085d00000, 0x0000000085d00000|100%| O|  |TAMS 0x0000000085d00000, 0x0000000085c00000| Untracked 
|  65|0x0000000085d00000, 0x0000000085e00000, 0x0000000085e00000|100%| O|  |TAMS 0x0000000085e00000, 0x0000000085d00000| Untracked 
|  66|0x0000000085e00000, 0x0000000085f00000, 0x0000000085f00000|100%|HS|  |TAMS 0x0000000085f00000, 0x0000000085e00000| Complete 
|  67|0x0000000085f00000, 0x0000000086000000, 0x0000000086000000|100%|HC|  |TAMS 0x0000000086000000, 0x0000000085f00000| Complete 
|  68|0x0000000086000000, 0x0000000086100000, 0x0000000086100000|100%|HC|  |TAMS 0x0000000086100000, 0x0000000086000000| Complete 
|  69|0x0000000086100000, 0x0000000086200000, 0x0000000086200000|100%|HC|  |TAMS 0x0000000086200000, 0x0000000086100000| Complete 
|  70|0x0000000086200000, 0x0000000086300000, 0x0000000086300000|100%|HC|  |TAMS 0x0000000086300000, 0x0000000086200000| Complete 
|  71|0x0000000086300000, 0x0000000086400000, 0x0000000086400000|100%|HC|  |TAMS 0x0000000086400000, 0x0000000086300000| Complete 
|  72|0x0000000086400000, 0x0000000086500000, 0x0000000086500000|100%|HC|  |TAMS 0x0000000086500000, 0x0000000086400000| Complete 
|  73|0x0000000086500000, 0x0000000086600000, 0x0000000086600000|100%|HC|  |TAMS 0x0000000086600000, 0x0000000086500000| Complete 
|  74|0x0000000086600000, 0x0000000086700000, 0x0000000086700000|100%|HC|  |TAMS 0x0000000086700000, 0x0000000086600000| Complete 
|  75|0x0000000086700000, 0x0000000086800000, 0x0000000086800000|100%|HC|  |TAMS 0x0000000086800000, 0x0000000086700000| Complete 
|  76|0x0000000086800000, 0x0000000086900000, 0x0000000086900000|100%|HC|  |TAMS 0x0000000086900000, 0x0000000086800000| Complete 
|  77|0x0000000086900000, 0x0000000086a00000, 0x0000000086a00000|100%| O|  |TAMS 0x0000000086900000, 0x0000000086900000| Untracked 
|  78|0x0000000086a00000, 0x0000000086b00000, 0x0000000086b00000|100%| O|  |TAMS 0x0000000086a00000, 0x0000000086a00000| Untracked 
|  79|0x0000000086b00000, 0x0000000086b1ec00, 0x0000000086c00000| 12%| O|  |TAMS 0x0000000086b00000, 0x0000000086b00000| Untracked 
|  80|0x0000000086c00000, 0x0000000086c00000, 0x0000000086d00000|  0%| F|  |TAMS 0x0000000086c00000, 0x0000000086c00000| Untracked 
|  81|0x0000000086d00000, 0x0000000086d00000, 0x0000000086e00000|  0%| F|  |TAMS 0x0000000086d00000, 0x0000000086d00000| Untracked 
|  82|0x0000000086e00000, 0x0000000086e00000, 0x0000000086f00000|  0%| F|  |TAMS 0x0000000086e00000, 0x0000000086e00000| Untracked 
|  83|0x0000000086f00000, 0x0000000086f00000, 0x0000000087000000|  0%| F|  |TAMS 0x0000000086f00000, 0x0000000086f00000| Untracked 
|  84|0x0000000087000000, 0x0000000087000000, 0x0000000087100000|  0%| F|  |TAMS 0x0000000087000000, 0x0000000087000000| Untracked 
|  85|0x0000000087100000, 0x0000000087100000, 0x0000000087200000|  0%| F|  |TAMS 0x0000000087100000, 0x0000000087100000| Untracked 
|  86|0x0000000087200000, 0x0000000087200000, 0x0000000087300000|  0%| F|  |TAMS 0x0000000087200000, 0x0000000087200000| Untracked 
|  87|0x0000000087300000, 0x0000000087300000, 0x0000000087400000|  0%| F|  |TAMS 0x0000000087300000, 0x0000000087300000| Untracked 
|  88|0x0000000087400000, 0x0000000087400000, 0x0000000087500000|  0%| F|  |TAMS 0x0000000087400000, 0x0000000087400000| Untracked 
|  89|0x0000000087500000, 0x0000000087500000, 0x0000000087600000|  0%| F|  |TAMS 0x0000000087500000, 0x0000000087500000| Untracked 
|  90|0x0000000087600000, 0x0000000087600000, 0x0000000087700000|  0%| F|  |TAMS 0x0000000087600000, 0x0000000087600000| Untracked 
|  91|0x0000000087700000, 0x0000000087700000, 0x0000000087800000|  0%| F|  |TAMS 0x0000000087700000, 0x0000000087700000| Untracked 
|  92|0x0000000087800000, 0x0000000087800000, 0x0000000087900000|  0%| F|  |TAMS 0x0000000087800000, 0x0000000087800000| Untracked 
|  93|0x0000000087900000, 0x0000000087900000, 0x0000000087a00000|  0%| F|  |TAMS 0x0000000087900000, 0x0000000087900000| Untracked 
|  94|0x0000000087a00000, 0x0000000087a00000, 0x0000000087b00000|  0%| F|  |TAMS 0x0000000087a00000, 0x0000000087a00000| Untracked 
|  95|0x0000000087b00000, 0x0000000087b00000, 0x0000000087c00000|  0%| F|  |TAMS 0x0000000087b00000, 0x0000000087b00000| Untracked 
|  96|0x0000000087c00000, 0x0000000087c00000, 0x0000000087d00000|  0%| F|  |TAMS 0x0000000087c00000, 0x0000000087c00000| Untracked 
|  97|0x0000000087d00000, 0x0000000087d00000, 0x0000000087e00000|  0%| F|  |TAMS 0x0000000087d00000, 0x0000000087d00000| Untracked 
|  98|0x0000000087e00000, 0x0000000087e00000, 0x0000000087f00000|  0%| F|  |TAMS 0x0000000087e00000, 0x0000000087e00000| Untracked 
|  99|0x0000000087f00000, 0x0000000087f00000, 0x0000000088000000|  0%| F|  |TAMS 0x0000000087f00000, 0x0000000087f00000| Untracked 
| 100|0x0000000088000000, 0x0000000088100000, 0x0000000088100000|100%| S|CS|TAMS 0x0000000088000000, 0x0000000088000000| Complete 
| 101|0x0000000088100000, 0x0000000088200000, 0x0000000088200000|100%| S|CS|TAMS 0x0000000088100000, 0x0000000088100000| Complete 
| 102|0x0000000088200000, 0x0000000088300000, 0x0000000088300000|100%| S|CS|TAMS 0x0000000088200000, 0x0000000088200000| Complete 
| 103|0x0000000088300000, 0x0000000088400000, 0x0000000088400000|100%| S|CS|TAMS 0x0000000088300000, 0x0000000088300000| Complete 
| 104|0x0000000088400000, 0x0000000088500000, 0x0000000088500000|100%| S|CS|TAMS 0x0000000088400000, 0x0000000088400000| Complete 
| 105|0x0000000088500000, 0x0000000088600000, 0x0000000088600000|100%| S|CS|TAMS 0x0000000088500000, 0x0000000088500000| Complete 
| 106|0x0000000088600000, 0x0000000088700000, 0x0000000088700000|100%| S|CS|TAMS 0x0000000088600000, 0x0000000088600000| Complete 
| 107|0x0000000088700000, 0x0000000088800000, 0x0000000088800000|100%| S|CS|TAMS 0x0000000088700000, 0x0000000088700000| Complete 
| 108|0x0000000088800000, 0x0000000088900000, 0x0000000088900000|100%| S|CS|TAMS 0x0000000088800000, 0x0000000088800000| Complete 
| 109|0x0000000088900000, 0x0000000088a00000, 0x0000000088a00000|100%| S|CS|TAMS 0x0000000088900000, 0x0000000088900000| Complete 
| 110|0x0000000088a00000, 0x0000000088b00000, 0x0000000088b00000|100%| S|CS|TAMS 0x0000000088a00000, 0x0000000088a00000| Complete 
| 111|0x0000000088b00000, 0x0000000088b00000, 0x0000000088c00000|  0%| F|  |TAMS 0x0000000088b00000, 0x0000000088b00000| Untracked 
| 112|0x0000000088c00000, 0x0000000088c00000, 0x0000000088d00000|  0%| F|  |TAMS 0x0000000088c00000, 0x0000000088c00000| Untracked 
| 113|0x0000000088d00000, 0x0000000088d00000, 0x0000000088e00000|  0%| F|  |TAMS 0x0000000088d00000, 0x0000000088d00000| Untracked 
| 114|0x0000000088e00000, 0x0000000088e00000, 0x0000000088f00000|  0%| F|  |TAMS 0x0000000088e00000, 0x0000000088e00000| Untracked 
| 115|0x0000000088f00000, 0x0000000088f00000, 0x0000000089000000|  0%| F|  |TAMS 0x0000000088f00000, 0x0000000088f00000| Untracked 
| 116|0x0000000089000000, 0x0000000089000000, 0x0000000089100000|  0%| F|  |TAMS 0x0000000089000000, 0x0000000089000000| Untracked 
| 117|0x0000000089100000, 0x0000000089100000, 0x0000000089200000|  0%| F|  |TAMS 0x0000000089100000, 0x0000000089100000| Untracked 
| 118|0x0000000089200000, 0x0000000089200000, 0x0000000089300000|  0%| F|  |TAMS 0x0000000089200000, 0x0000000089200000| Untracked 
| 119|0x0000000089300000, 0x0000000089300000, 0x0000000089400000|  0%| F|  |TAMS 0x0000000089300000, 0x0000000089300000| Untracked 
| 120|0x0000000089400000, 0x0000000089400000, 0x0000000089500000|  0%| F|  |TAMS 0x0000000089400000, 0x0000000089400000| Untracked 
| 121|0x0000000089500000, 0x0000000089500000, 0x0000000089600000|  0%| F|  |TAMS 0x0000000089500000, 0x0000000089500000| Untracked 
| 122|0x0000000089600000, 0x0000000089600000, 0x0000000089700000|  0%| F|  |TAMS 0x0000000089600000, 0x0000000089600000| Untracked 
| 123|0x0000000089700000, 0x0000000089700000, 0x0000000089800000|  0%| F|  |TAMS 0x0000000089700000, 0x0000000089700000| Untracked 
| 124|0x0000000089800000, 0x0000000089800000, 0x0000000089900000|  0%| F|  |TAMS 0x0000000089800000, 0x0000000089800000| Untracked 
| 125|0x0000000089900000, 0x0000000089900000, 0x0000000089a00000|  0%| F|  |TAMS 0x0000000089900000, 0x0000000089900000| Untracked 
| 126|0x0000000089a00000, 0x0000000089a00000, 0x0000000089b00000|  0%| F|  |TAMS 0x0000000089a00000, 0x0000000089a00000| Untracked 
| 127|0x0000000089b00000, 0x0000000089b00000, 0x0000000089c00000|  0%| F|  |TAMS 0x0000000089b00000, 0x0000000089b00000| Untracked 
| 128|0x0000000089c00000, 0x0000000089c00000, 0x0000000089d00000|  0%| F|  |TAMS 0x0000000089c00000, 0x0000000089c00000| Untracked 
| 129|0x0000000089d00000, 0x0000000089d00000, 0x0000000089e00000|  0%| F|  |TAMS 0x0000000089d00000, 0x0000000089d00000| Untracked 
| 130|0x0000000089e00000, 0x0000000089e00000, 0x0000000089f00000|  0%| F|  |TAMS 0x0000000089e00000, 0x0000000089e00000| Untracked 
| 131|0x0000000089f00000, 0x0000000089f00000, 0x000000008a000000|  0%| F|  |TAMS 0x0000000089f00000, 0x0000000089f00000| Untracked 
| 132|0x000000008a000000, 0x000000008a000000, 0x000000008a100000|  0%| F|  |TAMS 0x000000008a000000, 0x000000008a000000| Untracked 
| 133|0x000000008a100000, 0x000000008a100000, 0x000000008a200000|  0%| F|  |TAMS 0x000000008a100000, 0x000000008a100000| Untracked 
| 134|0x000000008a200000, 0x000000008a200000, 0x000000008a300000|  0%| F|  |TAMS 0x000000008a200000, 0x000000008a200000| Untracked 
| 135|0x000000008a300000, 0x000000008a300000, 0x000000008a400000|  0%| F|  |TAMS 0x000000008a300000, 0x000000008a300000| Untracked 
| 136|0x000000008a400000, 0x000000008a400000, 0x000000008a500000|  0%| F|  |TAMS 0x000000008a400000, 0x000000008a400000| Untracked 
| 137|0x000000008a500000, 0x000000008a500000, 0x000000008a600000|  0%| F|  |TAMS 0x000000008a500000, 0x000000008a500000| Untracked 
| 138|0x000000008a600000, 0x000000008a600000, 0x000000008a700000|  0%| F|  |TAMS 0x000000008a600000, 0x000000008a600000| Untracked 
| 139|0x000000008a700000, 0x000000008a700000, 0x000000008a800000|  0%| F|  |TAMS 0x000000008a700000, 0x000000008a700000| Untracked 
| 140|0x000000008a800000, 0x000000008a800000, 0x000000008a900000|  0%| F|  |TAMS 0x000000008a800000, 0x000000008a800000| Untracked 
| 141|0x000000008a900000, 0x000000008a900000, 0x000000008aa00000|  0%| F|  |TAMS 0x000000008a900000, 0x000000008a900000| Untracked 
| 142|0x000000008aa00000, 0x000000008aa00000, 0x000000008ab00000|  0%| F|  |TAMS 0x000000008aa00000, 0x000000008aa00000| Untracked 
| 143|0x000000008ab00000, 0x000000008ab00000, 0x000000008ac00000|  0%| F|  |TAMS 0x000000008ab00000, 0x000000008ab00000| Untracked 
| 144|0x000000008ac00000, 0x000000008ac00000, 0x000000008ad00000|  0%| F|  |TAMS 0x000000008ac00000, 0x000000008ac00000| Untracked 
| 145|0x000000008ad00000, 0x000000008ad00000, 0x000000008ae00000|  0%| F|  |TAMS 0x000000008ad00000, 0x000000008ad00000| Untracked 
| 146|0x000000008ae00000, 0x000000008ae00000, 0x000000008af00000|  0%| F|  |TAMS 0x000000008ae00000, 0x000000008ae00000| Untracked 
| 147|0x000000008af00000, 0x000000008af00000, 0x000000008b000000|  0%| F|  |TAMS 0x000000008af00000, 0x000000008af00000| Untracked 
| 148|0x000000008b000000, 0x000000008b000000, 0x000000008b100000|  0%| F|  |TAMS 0x000000008b000000, 0x000000008b000000| Untracked 
| 149|0x000000008b100000, 0x000000008b100000, 0x000000008b200000|  0%| F|  |TAMS 0x000000008b100000, 0x000000008b100000| Untracked 
| 150|0x000000008b200000, 0x000000008b200000, 0x000000008b300000|  0%| F|  |TAMS 0x000000008b200000, 0x000000008b200000| Untracked 
| 151|0x000000008b300000, 0x000000008b300000, 0x000000008b400000|  0%| F|  |TAMS 0x000000008b300000, 0x000000008b300000| Untracked 
| 152|0x000000008b400000, 0x000000008b400000, 0x000000008b500000|  0%| F|  |TAMS 0x000000008b400000, 0x000000008b400000| Untracked 
| 153|0x000000008b500000, 0x000000008b500000, 0x000000008b600000|  0%| F|  |TAMS 0x000000008b500000, 0x000000008b500000| Untracked 
| 154|0x000000008b600000, 0x000000008b600000, 0x000000008b700000|  0%| F|  |TAMS 0x000000008b600000, 0x000000008b600000| Untracked 
| 155|0x000000008b700000, 0x000000008b700000, 0x000000008b800000|  0%| F|  |TAMS 0x000000008b700000, 0x000000008b700000| Untracked 
| 156|0x000000008b800000, 0x000000008b800000, 0x000000008b900000|  0%| F|  |TAMS 0x000000008b800000, 0x000000008b800000| Untracked 
| 157|0x000000008b900000, 0x000000008b900000, 0x000000008ba00000|  0%| F|  |TAMS 0x000000008b900000, 0x000000008b900000| Untracked 
| 158|0x000000008ba00000, 0x000000008ba00000, 0x000000008bb00000|  0%| F|  |TAMS 0x000000008ba00000, 0x000000008ba00000| Untracked 
| 159|0x000000008bb00000, 0x000000008bb00000, 0x000000008bc00000|  0%| F|  |TAMS 0x000000008bb00000, 0x000000008bb00000| Untracked 
| 160|0x000000008bc00000, 0x000000008bc00000, 0x000000008bd00000|  0%| F|  |TAMS 0x000000008bc00000, 0x000000008bc00000| Untracked 
| 161|0x000000008bd00000, 0x000000008bd00000, 0x000000008be00000|  0%| F|  |TAMS 0x000000008bd00000, 0x000000008bd00000| Untracked 
| 162|0x000000008be00000, 0x000000008be00000, 0x000000008bf00000|  0%| F|  |TAMS 0x000000008be00000, 0x000000008be00000| Untracked 
| 163|0x000000008bf00000, 0x000000008bf00000, 0x000000008c000000|  0%| F|  |TAMS 0x000000008bf00000, 0x000000008bf00000| Untracked 
| 164|0x000000008c000000, 0x000000008c000000, 0x000000008c100000|  0%| F|  |TAMS 0x000000008c000000, 0x000000008c000000| Untracked 
| 165|0x000000008c100000, 0x000000008c100000, 0x000000008c200000|  0%| F|  |TAMS 0x000000008c100000, 0x000000008c100000| Untracked 
| 166|0x000000008c200000, 0x000000008c200000, 0x000000008c300000|  0%| F|  |TAMS 0x000000008c200000, 0x000000008c200000| Untracked 
| 167|0x000000008c300000, 0x000000008c300000, 0x000000008c400000|  0%| F|  |TAMS 0x000000008c300000, 0x000000008c300000| Untracked 
| 168|0x000000008c400000, 0x000000008c400000, 0x000000008c500000|  0%| F|  |TAMS 0x000000008c400000, 0x000000008c400000| Untracked 
| 169|0x000000008c500000, 0x000000008c500000, 0x000000008c600000|  0%| F|  |TAMS 0x000000008c500000, 0x000000008c500000| Untracked 
| 170|0x000000008c600000, 0x000000008c600000, 0x000000008c700000|  0%| F|  |TAMS 0x000000008c600000, 0x000000008c600000| Untracked 
| 171|0x000000008c700000, 0x000000008c700000, 0x000000008c800000|  0%| F|  |TAMS 0x000000008c700000, 0x000000008c700000| Untracked 
| 172|0x000000008c800000, 0x000000008c800000, 0x000000008c900000|  0%| F|  |TAMS 0x000000008c800000, 0x000000008c800000| Untracked 
| 173|0x000000008c900000, 0x000000008c900000, 0x000000008ca00000|  0%| F|  |TAMS 0x000000008c900000, 0x000000008c900000| Untracked 
| 174|0x000000008ca00000, 0x000000008ca00000, 0x000000008cb00000|  0%| F|  |TAMS 0x000000008ca00000, 0x000000008ca00000| Untracked 
| 175|0x000000008cb00000, 0x000000008cb00000, 0x000000008cc00000|  0%| F|  |TAMS 0x000000008cb00000, 0x000000008cb00000| Untracked 
| 176|0x000000008cc00000, 0x000000008cc00000, 0x000000008cd00000|  0%| F|  |TAMS 0x000000008cc00000, 0x000000008cc00000| Untracked 
| 177|0x000000008cd00000, 0x000000008cd00000, 0x000000008ce00000|  0%| F|  |TAMS 0x000000008cd00000, 0x000000008cd00000| Untracked 
| 178|0x000000008ce00000, 0x000000008ce00000, 0x000000008cf00000|  0%| F|  |TAMS 0x000000008ce00000, 0x000000008ce00000| Untracked 
| 179|0x000000008cf00000, 0x000000008cf00000, 0x000000008d000000|  0%| F|  |TAMS 0x000000008cf00000, 0x000000008cf00000| Untracked 
| 180|0x000000008d000000, 0x000000008d000000, 0x000000008d100000|  0%| F|  |TAMS 0x000000008d000000, 0x000000008d000000| Untracked 
| 181|0x000000008d100000, 0x000000008d100000, 0x000000008d200000|  0%| F|  |TAMS 0x000000008d100000, 0x000000008d100000| Untracked 
| 182|0x000000008d200000, 0x000000008d200000, 0x000000008d300000|  0%| F|  |TAMS 0x000000008d200000, 0x000000008d200000| Untracked 
| 183|0x000000008d300000, 0x000000008d300000, 0x000000008d400000|  0%| F|  |TAMS 0x000000008d300000, 0x000000008d300000| Untracked 
| 184|0x000000008d400000, 0x000000008d400000, 0x000000008d500000|  0%| F|  |TAMS 0x000000008d400000, 0x000000008d400000| Untracked 
| 185|0x000000008d500000, 0x000000008d500000, 0x000000008d600000|  0%| F|  |TAMS 0x000000008d500000, 0x000000008d500000| Untracked 
| 186|0x000000008d600000, 0x000000008d600000, 0x000000008d700000|  0%| F|  |TAMS 0x000000008d600000, 0x000000008d600000| Untracked 
| 187|0x000000008d700000, 0x000000008d700000, 0x000000008d800000|  0%| F|  |TAMS 0x000000008d700000, 0x000000008d700000| Untracked 
| 188|0x000000008d800000, 0x000000008d800000, 0x000000008d900000|  0%| F|  |TAMS 0x000000008d800000, 0x000000008d800000| Untracked 
| 189|0x000000008d900000, 0x000000008d900000, 0x000000008da00000|  0%| F|  |TAMS 0x000000008d900000, 0x000000008d900000| Untracked 
| 190|0x000000008da00000, 0x000000008da00000, 0x000000008db00000|  0%| F|  |TAMS 0x000000008da00000, 0x000000008da00000| Untracked 
| 191|0x000000008db00000, 0x000000008db00000, 0x000000008dc00000|  0%| F|  |TAMS 0x000000008db00000, 0x000000008db00000| Untracked 
| 192|0x000000008dc00000, 0x000000008dc00000, 0x000000008dd00000|  0%| F|  |TAMS 0x000000008dc00000, 0x000000008dc00000| Untracked 
| 193|0x000000008dd00000, 0x000000008dd00000, 0x000000008de00000|  0%| F|  |TAMS 0x000000008dd00000, 0x000000008dd00000| Untracked 
| 194|0x000000008de00000, 0x000000008de00000, 0x000000008df00000|  0%| F|  |TAMS 0x000000008de00000, 0x000000008de00000| Untracked 
| 195|0x000000008df00000, 0x000000008df00000, 0x000000008e000000|  0%| F|  |TAMS 0x000000008df00000, 0x000000008df00000| Untracked 
| 196|0x000000008e000000, 0x000000008e000000, 0x000000008e100000|  0%| F|  |TAMS 0x000000008e000000, 0x000000008e000000| Untracked 
| 197|0x000000008e100000, 0x000000008e100000, 0x000000008e200000|  0%| F|  |TAMS 0x000000008e100000, 0x000000008e100000| Untracked 
| 198|0x000000008e200000, 0x000000008e200000, 0x000000008e300000|  0%| F|  |TAMS 0x000000008e200000, 0x000000008e200000| Untracked 
| 199|0x000000008e300000, 0x000000008e300000, 0x000000008e400000|  0%| F|  |TAMS 0x000000008e300000, 0x000000008e300000| Untracked 
| 200|0x000000008e400000, 0x000000008e400000, 0x000000008e500000|  0%| F|  |TAMS 0x000000008e400000, 0x000000008e400000| Untracked 
| 201|0x000000008e500000, 0x000000008e580800, 0x000000008e600000| 50%| E|  |TAMS 0x000000008e500000, 0x000000008e500000| Complete 
| 202|0x000000008e600000, 0x000000008e700000, 0x000000008e700000|100%| E|CS|TAMS 0x000000008e600000, 0x000000008e600000| Complete 
| 203|0x000000008e700000, 0x000000008e800000, 0x000000008e800000|100%| E|CS|TAMS 0x000000008e700000, 0x000000008e700000| Complete 
| 204|0x000000008e800000, 0x000000008e900000, 0x000000008e900000|100%| E|CS|TAMS 0x000000008e800000, 0x000000008e800000| Complete 
| 205|0x000000008e900000, 0x000000008ea00000, 0x000000008ea00000|100%| E|CS|TAMS 0x000000008e900000, 0x000000008e900000| Complete 
| 206|0x000000008ea00000, 0x000000008eb00000, 0x000000008eb00000|100%| E|CS|TAMS 0x000000008ea00000, 0x000000008ea00000| Complete 
| 207|0x000000008eb00000, 0x000000008ec00000, 0x000000008ec00000|100%| E|CS|TAMS 0x000000008eb00000, 0x000000008eb00000| Complete 
| 208|0x000000008ec00000, 0x000000008ed00000, 0x000000008ed00000|100%| E|CS|TAMS 0x000000008ec00000, 0x000000008ec00000| Complete 
| 209|0x000000008ed00000, 0x000000008ee00000, 0x000000008ee00000|100%| E|CS|TAMS 0x000000008ed00000, 0x000000008ed00000| Complete 
| 210|0x000000008ee00000, 0x000000008ef00000, 0x000000008ef00000|100%| E|CS|TAMS 0x000000008ee00000, 0x000000008ee00000| Complete 
| 211|0x000000008ef00000, 0x000000008f000000, 0x000000008f000000|100%| E|CS|TAMS 0x000000008ef00000, 0x000000008ef00000| Complete 
| 212|0x000000008f000000, 0x000000008f100000, 0x000000008f100000|100%| E|CS|TAMS 0x000000008f000000, 0x000000008f000000| Complete 
| 213|0x000000008f100000, 0x000000008f200000, 0x000000008f200000|100%| E|CS|TAMS 0x000000008f100000, 0x000000008f100000| Complete 
| 214|0x000000008f200000, 0x000000008f300000, 0x000000008f300000|100%| E|CS|TAMS 0x000000008f200000, 0x000000008f200000| Complete 
| 215|0x000000008f300000, 0x000000008f400000, 0x000000008f400000|100%| E|CS|TAMS 0x000000008f300000, 0x000000008f300000| Complete 
| 216|0x000000008f400000, 0x000000008f500000, 0x000000008f500000|100%| E|CS|TAMS 0x000000008f400000, 0x000000008f400000| Complete 
| 217|0x000000008f500000, 0x000000008f600000, 0x000000008f600000|100%| E|CS|TAMS 0x000000008f500000, 0x000000008f500000| Complete 
| 218|0x000000008f600000, 0x000000008f700000, 0x000000008f700000|100%| E|CS|TAMS 0x000000008f600000, 0x000000008f600000| Complete 
| 219|0x000000008f700000, 0x000000008f800000, 0x000000008f800000|100%| E|CS|TAMS 0x000000008f700000, 0x000000008f700000| Complete 
| 220|0x000000008f800000, 0x000000008f900000, 0x000000008f900000|100%| E|CS|TAMS 0x000000008f800000, 0x000000008f800000| Complete 
| 221|0x000000008f900000, 0x000000008fa00000, 0x000000008fa00000|100%| E|CS|TAMS 0x000000008f900000, 0x000000008f900000| Complete 
| 222|0x000000008fa00000, 0x000000008fb00000, 0x000000008fb00000|100%| E|CS|TAMS 0x000000008fa00000, 0x000000008fa00000| Complete 
| 223|0x000000008fb00000, 0x000000008fc00000, 0x000000008fc00000|100%| E|CS|TAMS 0x000000008fb00000, 0x000000008fb00000| Complete 
| 224|0x000000008fc00000, 0x000000008fd00000, 0x000000008fd00000|100%| E|CS|TAMS 0x000000008fc00000, 0x000000008fc00000| Complete 
|2015|0x00000000ffb00000, 0x00000000ffc00000, 0x00000000ffc00000|100%| O|  |TAMS 0x00000000ffc00000, 0x00000000ffb00000| Untracked 
|2016|0x00000000ffc00000, 0x00000000ffd00000, 0x00000000ffd00000|100%| O|  |TAMS 0x00000000ffd00000, 0x00000000ffc00000| Untracked 
|2017|0x00000000ffd00000, 0x00000000ffe00000, 0x00000000ffe00000|100%| O|  |TAMS 0x00000000ffe00000, 0x00000000ffd00000| Untracked 
|2018|0x00000000ffe00000, 0x00000000fff00000, 0x00000000fff00000|100%| O|  |TAMS 0x00000000fff00000, 0x00000000ffe00000| Untracked 
|2019|0x00000000fff00000, 0x0000000100000000, 0x0000000100000000|100%| O|  |TAMS 0x0000000100000000, 0x00000000fff00000| Untracked 

Card table byte_map: [0x000001b6cc3a0000,0x000001b6cc7a0000] _byte_map_base: 0x000001b6cbf92000

Marking Bits (Prev, Next): (CMBitMap*) 0x000001b6b51be910, (CMBitMap*) 0x000001b6b51be950
 Prev Bits: [0x000001b6ccba0000, 0x000001b6ceb30000)
 Next Bits: [0x000001b6ceb30000, 0x000001b6d0ac0000)

Polling page: 0x000001b6b32c0000

Metaspace:

Usage:
  Non-class:     35.98 MB used.
      Class:      4.84 MB used.
       Both:     40.82 MB used.

Virtual space:
  Non-class space:       64.00 MB reserved,      36.62 MB ( 57%) committed,  1 nodes.
      Class space:        1.00 GB reserved,       5.38 MB ( <1%) committed,  1 nodes.
             Both:        1.06 GB reserved,      42.00 MB (  4%) committed. 

Chunk freelists:
   Non-Class:  11.15 MB
       Class:  10.67 MB
        Both:  21.82 MB

MaxMetaspaceSize: unlimited
CompressedClassSpaceSize: 1.00 GB
Initial GC threshold: 21.00 MB
Current GC threshold: 59.31 MB
CDS: on
MetaspaceReclaimPolicy: balanced
 - commit_granule_bytes: 65536.
 - commit_granule_words: 8192.
 - virtual_space_node_default_size: 8388608.
 - enlarge_chunks_in_place: 1.
 - new_chunks_are_fully_committed: 0.
 - uncommit_free_chunks: 1.
 - use_allocation_guard: 0.
 - handle_deallocations: 1.


Internal statistics:

num_allocs_failed_limit: 6.
num_arena_births: 1820.
num_arena_deaths: 0.
num_vsnodes_births: 2.
num_vsnodes_deaths: 0.
num_space_committed: 669.
num_space_uncommitted: 0.
num_chunks_returned_to_freelist: 6.
num_chunks_taken_from_freelist: 3564.
num_chunk_merges: 6.
num_chunk_splits: 2225.
num_chunks_enlarged: 1267.
num_inconsistent_stats: 0.

CodeHeap 'non-profiled nmethods': size=120000Kb used=3628Kb max_used=4544Kb free=116371Kb
 bounds [0x000001b6c4740000, 0x000001b6c4bc0000, 0x000001b6cbc70000]
CodeHeap 'profiled nmethods': size=120000Kb used=10975Kb max_used=12579Kb free=109024Kb
 bounds [0x000001b6bcc70000, 0x000001b6bd8c0000, 0x000001b6c41a0000]
CodeHeap 'non-nmethods': size=5760Kb used=1823Kb max_used=1893Kb free=3936Kb
 bounds [0x000001b6c41a0000, 0x000001b6c4410000, 0x000001b6c4740000]
 total_blobs=7558 nmethods=6246 adapters=1224
 compilation: enabled
              stopped_count=0, restarted_count=0
 full_count=0

Compilation events (20 events):
Event: 10.882 Thread 0x000001b6d3688140 7117       3       org.objectweb.asm.AnnotationWriter::computeAnnotationsSize (42 bytes)
Event: 10.882 Thread 0x000001b6d3688140 nmethod 7117 0x000001b6bd777510 code [0x000001b6bd7776c0, 0x000001b6bd777908]
Event: 10.883 Thread 0x000001b6d3688140 7118       3       cpw.mods.cl.ModuleClassLoader$$Lambda$202/0x000001b6d50c3108::apply (12 bytes)
Event: 10.884 Thread 0x000001b6d3688140 nmethod 7118 0x000001b6bd777a90 code [0x000001b6bd777c80, 0x000001b6bd778228]
Event: 10.884 Thread 0x000001b6d3688140 7119       3       cpw.mods.cl.ModuleClassLoader::lambda$readerToClass$12 (14 bytes)
Event: 10.885 Thread 0x000001b6d3688140 nmethod 7119 0x000001b6bd778490 code [0x000001b6bd778660, 0x000001b6bd778aa8]
Event: 10.885 Thread 0x000001b6d3688140 7120       3       cpw.mods.cl.ModuleClassLoader$$Lambda$203/0x000001b6d50c3348::apply (12 bytes)
Event: 10.885 Thread 0x000001b6d3688140 nmethod 7120 0x000001b6bd778c90 code [0x000001b6bd778e40, 0x000001b6bd779088]
Event: 10.902 Thread 0x000001b71beae620 nmethod 7064 0x000001b6c4b72610 code [0x000001b6c4b728c0, 0x000001b6c4b74058]
Event: 10.902 Thread 0x000001b71beae620 7099       4       org.objectweb.asm.ClassReader::readField (671 bytes)
Event: 10.902 Thread 0x000001b6d3688140 7121       3       java.util.concurrent.locks.AbstractQueuedSynchronizer::hasQueuedPredecessors (58 bytes)
Event: 10.903 Thread 0x000001b6d3688140 nmethod 7121 0x000001b6bd779190 code [0x000001b6bd779340, 0x000001b6bd779648]
Event: 10.912 Thread 0x000001b6d3688140 7124       3       cpw.mods.modlauncher.LaunchPluginHandler::computeLaunchPluginTransformerSet (187 bytes)
Event: 10.914 Thread 0x000001b6d3688140 nmethod 7124 0x000001b6bd779710 code [0x000001b6bd779ba0, 0x000001b6bd77c698]
Event: 10.923 Thread 0x000001b6d3688140 7125       3       org.apache.logging.log4j.core.Logger::isEnabled (11 bytes)
Event: 10.924 Thread 0x000001b6d3688140 nmethod 7125 0x000001b6bd77d390 code [0x000001b6bd77d540, 0x000001b6bd77d6a8]
Event: 10.924 Thread 0x000001b6d3688140 7126       3       org.apache.logging.log4j.core.Logger$PrivateConfig::filter (75 bytes)
Event: 10.924 Thread 0x000001b6d3688140 nmethod 7126 0x000001b6bd77d790 code [0x000001b6bd77d960, 0x000001b6bd77de28]
Event: 10.924 Thread 0x000001b6d3688140 7127       3       org.apache.logging.log4j.core.Filter::filter (15 bytes)
Event: 10.924 Thread 0x000001b6d3688140 nmethod 7127 0x000001b6bd77df90 code [0x000001b6bd77e140, 0x000001b6bd77e308]

GC Heap History (20 events):
Event: 6.637 GC heap before
{Heap before GC invocations=10 (full 0):
 garbage-first heap   total 183296K, used 134988K [0x0000000081c00000, 0x0000000100000000)
  region size 1024K, 87 young (89088K), 13 survivors (13312K)
 Metaspace       used 26384K, committed 27136K, reserved 1114112K
  class space    used 3150K, committed 3520K, reserved 1048576K
}
Event: 6.664 GC heap after
{Heap after GC invocations=11 (full 0):
 garbage-first heap   total 183296K, used 73071K [0x0000000081c00000, 0x0000000100000000)
  region size 1024K, 11 young (11264K), 11 survivors (11264K)
 Metaspace       used 26384K, committed 27136K, reserved 1114112K
  class space    used 3150K, committed 3520K, reserved 1048576K
}
Event: 6.807 GC heap before
{Heap before GC invocations=11 (full 0):
 garbage-first heap   total 183296K, used 133487K [0x0000000081c00000, 0x0000000100000000)
  region size 1024K, 70 young (71680K), 11 survivors (11264K)
 Metaspace       used 27801K, committed 28544K, reserved 1114112K
  class space    used 3316K, committed 3648K, reserved 1048576K
}
Event: 6.817 GC heap after
{Heap after GC invocations=12 (full 0):
 garbage-first heap   total 183296K, used 74752K [0x0000000081c00000, 0x0000000100000000)
  region size 1024K, 2 young (2048K), 2 survivors (2048K)
 Metaspace       used 27801K, committed 28544K, reserved 1114112K
  class space    used 3316K, committed 3648K, reserved 1048576K
}
Event: 7.139 GC heap before
{Heap before GC invocations=12 (full 0):
 garbage-first heap   total 183296K, used 139264K [0x0000000081c00000, 0x0000000100000000)
  region size 1024K, 65 young (66560K), 2 survivors (2048K)
 Metaspace       used 29663K, committed 30528K, reserved 1114112K
  class space    used 3515K, committed 3904K, reserved 1048576K
}
Event: 7.142 GC heap after
{Heap after GC invocations=13 (full 0):
 garbage-first heap   total 183296K, used 74469K [0x0000000081c00000, 0x0000000100000000)
  region size 1024K, 2 young (2048K), 2 survivors (2048K)
 Metaspace       used 29663K, committed 30528K, reserved 1114112K
  class space    used 3515K, committed 3904K, reserved 1048576K
}
Event: 7.330 GC heap before
{Heap before GC invocations=13 (full 0):
 garbage-first heap   total 183296K, used 143077K [0x0000000081c00000, 0x0000000100000000)
  region size 1024K, 69 young (70656K), 2 survivors (2048K)
 Metaspace       used 30142K, committed 31104K, reserved 1114112K
  class space    used 3588K, committed 4032K, reserved 1048576K
}
Event: 7.334 GC heap after
{Heap after GC invocations=14 (full 0):
 garbage-first heap   total 183296K, used 75742K [0x0000000081c00000, 0x0000000100000000)
  region size 1024K, 3 young (3072K), 3 survivors (3072K)
 Metaspace       used 30142K, committed 31104K, reserved 1114112K
  class space    used 3588K, committed 4032K, reserved 1048576K
}
Event: 7.463 GC heap before
{Heap before GC invocations=14 (full 0):
 garbage-first heap   total 183296K, used 146398K [0x0000000081c00000, 0x0000000100000000)
  region size 1024K, 72 young (73728K), 3 survivors (3072K)
 Metaspace       used 30146K, committed 31104K, reserved 1114112K
  class space    used 3588K, committed 4032K, reserved 1048576K
}
Event: 7.466 GC heap after
{Heap after GC invocations=15 (full 0):
 garbage-first heap   total 183296K, used 75532K [0x0000000081c00000, 0x0000000100000000)
  region size 1024K, 3 young (3072K), 3 survivors (3072K)
 Metaspace       used 30146K, committed 31104K, reserved 1114112K
  class space    used 3588K, committed 4032K, reserved 1048576K
}
Event: 7.600 GC heap before
{Heap before GC invocations=15 (full 0):
 garbage-first heap   total 183296K, used 149260K [0x0000000081c00000, 0x0000000100000000)
  region size 1024K, 75 young (76800K), 3 survivors (3072K)
 Metaspace       used 30153K, committed 31104K, reserved 1114112K
  class space    used 3588K, committed 4032K, reserved 1048576K
}
Event: 7.605 GC heap after
{Heap after GC invocations=16 (full 0):
 garbage-first heap   total 235520K, used 76035K [0x0000000081c00000, 0x0000000100000000)
  region size 1024K, 4 young (4096K), 4 survivors (4096K)
 Metaspace       used 30153K, committed 31104K, reserved 1114112K
  class space    used 3588K, committed 4032K, reserved 1048576K
}
Event: 7.918 GC heap before
{Heap before GC invocations=16 (full 0):
 garbage-first heap   total 235520K, used 197891K [0x0000000081c00000, 0x0000000100000000)
  region size 1024K, 120 young (122880K), 4 survivors (4096K)
 Metaspace       used 30345K, committed 31296K, reserved 1114112K
  class space    used 3613K, committed 4032K, reserved 1048576K
}
Event: 7.925 GC heap after
{Heap after GC invocations=17 (full 0):
 garbage-first heap   total 235520K, used 76800K [0x0000000081c00000, 0x0000000100000000)
  region size 1024K, 4 young (4096K), 4 survivors (4096K)
 Metaspace       used 30345K, committed 31296K, reserved 1114112K
  class space    used 3613K, committed 4032K, reserved 1048576K
}
Event: 8.295 GC heap before
{Heap before GC invocations=17 (full 0):
 garbage-first heap   total 235520K, used 199680K [0x0000000081c00000, 0x0000000100000000)
  region size 1024K, 124 young (126976K), 4 survivors (4096K)
 Metaspace       used 31169K, committed 32064K, reserved 1114112K
  class space    used 3706K, committed 4096K, reserved 1048576K
}
Event: 8.301 GC heap after
{Heap after GC invocations=18 (full 0):
 garbage-first heap   total 235520K, used 78259K [0x0000000081c00000, 0x0000000100000000)
  region size 1024K, 6 young (6144K), 6 survivors (6144K)
 Metaspace       used 31169K, committed 32064K, reserved 1114112K
  class space    used 3706K, committed 4096K, reserved 1048576K
}
Event: 9.062 GC heap before
{Heap before GC invocations=18 (full 0):
 garbage-first heap   total 235520K, used 200115K [0x0000000081c00000, 0x0000000100000000)
  region size 1024K, 125 young (128000K), 6 survivors (6144K)
 Metaspace       used 33843K, committed 34752K, reserved 1114112K
  class space    used 4036K, committed 4416K, reserved 1048576K
}
Event: 9.070 GC heap after
{Heap after GC invocations=19 (full 0):
 garbage-first heap   total 235520K, used 80896K [0x0000000081c00000, 0x0000000100000000)
  region size 1024K, 8 young (8192K), 8 survivors (8192K)
 Metaspace       used 33843K, committed 34752K, reserved 1114112K
  class space    used 4036K, committed 4416K, reserved 1048576K
}
Event: 9.392 GC heap before
{Heap before GC invocations=19 (full 0):
 garbage-first heap   total 235520K, used 155648K [0x0000000081c00000, 0x0000000100000000)
  region size 1024K, 71 young (72704K), 8 survivors (8192K)
 Metaspace       used 35114K, committed 36096K, reserved 1114112K
  class space    used 4201K, committed 4672K, reserved 1048576K
}
Event: 9.401 GC heap after
{Heap after GC invocations=20 (full 0):
 garbage-first heap   total 235520K, used 93747K [0x0000000081c00000, 0x0000000100000000)
  region size 1024K, 10 young (10240K), 10 survivors (10240K)
 Metaspace       used 35114K, committed 36096K, reserved 1114112K
  class space    used 4201K, committed 4672K, reserved 1048576K
}

Dll operation events (13 events):
Event: 0.007 Loaded shared library C:\Program Files\Pylo\MCreator\jdk\bin\java.dll
Event: 0.027 Loaded shared library C:\Program Files\Pylo\MCreator\jdk\bin\jsvml.dll
Event: 0.201 Loaded shared library C:\Program Files\Pylo\MCreator\jdk\bin\net.dll
Event: 0.203 Loaded shared library C:\Program Files\Pylo\MCreator\jdk\bin\nio.dll
Event: 0.206 Loaded shared library C:\Program Files\Pylo\MCreator\jdk\bin\zip.dll
Event: 0.289 Loaded shared library C:\Program Files\Pylo\MCreator\jdk\bin\jimage.dll
Event: 0.785 Loaded shared library C:\Program Files\Pylo\MCreator\jdk\bin\verify.dll
Event: 3.621 Loaded shared library C:\Program Files\Pylo\MCreator\jdk\bin\management.dll
Event: 3.623 Loaded shared library C:\Program Files\Pylo\MCreator\jdk\bin\management_ext.dll
Event: 4.542 Loaded shared library C:\Users\AsusX\AppData\Local\Temp\lwjglAsusX\3.3.1-build-7\lwjgl.dll
Event: 4.727 Loaded shared library C:\Users\AsusX\AppData\Local\Temp\lwjglAsusX\3.3.1-build-7\lwjgl_stb.dll
Event: 4.781 Loaded shared library C:\Users\AsusX\AppData\Local\Temp\lwjglAsusX\3.3.1-build-7\lwjgl_opengl.dll
Event: 9.293 Loaded shared library C:\Users\AsusX\AppData\Local\Temp\jna-63570920\jna15508695058530694853.dll

Deoptimization events (20 events):
Event: 10.737 Thread 0x000001b7a2f98060 DEOPT PACKING pc=0x000001b6c4ae41e0 sp=0x000000430b3fd540
Event: 10.737 Thread 0x000001b7a2f98060 DEOPT UNPACKING pc=0x000001b6c41f69a3 sp=0x000000430b3fd4d8 mode 2
Event: 10.760 Thread 0x000001b7a2f98060 Uncommon trap: trap_request=0xffffffde fr.pc=0x000001b6c4af7fa4 relative=0x0000000000008944
Event: 10.760 Thread 0x000001b7a2f98060 Uncommon trap: reason=class_check action=maybe_recompile pc=0x000001b6c4af7fa4 method=org.objectweb.asm.ClassReader.accept(Lorg/objectweb/asm/ClassVisitor;[Lorg/objectweb/asm/Attribute;I)V @ 821 c2
Event: 10.760 Thread 0x000001b7a2f98060 DEOPT PACKING pc=0x000001b6c4af7fa4 sp=0x000000430b3fd630
Event: 10.760 Thread 0x000001b7a2f98060 DEOPT UNPACKING pc=0x000001b6c41f69a3 sp=0x000000430b3fd5d0 mode 2
Event: 10.789 Thread 0x000001b7a2f98060 Uncommon trap: trap_request=0xffffff76 fr.pc=0x000001b6c4af854c relative=0x0000000000008eec
Event: 10.789 Thread 0x000001b7a2f98060 Uncommon trap: reason=predicate action=maybe_recompile pc=0x000001b6c4af854c method=org.objectweb.asm.ClassReader.accept(Lorg/objectweb/asm/ClassVisitor;[Lorg/objectweb/asm/Attribute;I)V @ 909 c2
Event: 10.789 Thread 0x000001b7a2f98060 DEOPT PACKING pc=0x000001b6c4af854c sp=0x000000430b3fd250
Event: 10.789 Thread 0x000001b7a2f98060 DEOPT UNPACKING pc=0x000001b6c41f69a3 sp=0x000000430b3fd208 mode 2
Event: 10.802 Thread 0x000001b7a2f98060 Uncommon trap: trap_request=0xffffffde fr.pc=0x000001b6c4a9e12c relative=0x000000000000326c
Event: 10.802 Thread 0x000001b7a2f98060 Uncommon trap: reason=class_check action=maybe_recompile pc=0x000001b6c4a9e12c method=org.objectweb.asm.ClassReader.readField(Lorg/objectweb/asm/ClassVisitor;Lorg/objectweb/asm/Context;I)I @ 457 c2
Event: 10.802 Thread 0x000001b7a2f98060 DEOPT PACKING pc=0x000001b6c4a9e12c sp=0x000000430b3f9a90
Event: 10.802 Thread 0x000001b7a2f98060 DEOPT UNPACKING pc=0x000001b6c41f69a3 sp=0x000000430b3f9a50 mode 2
Event: 10.857 Thread 0x000001b7a2f98060 DEOPT PACKING pc=0x000001b6bd3f23ee sp=0x000000430b3f8430
Event: 10.857 Thread 0x000001b7a2f98060 DEOPT UNPACKING pc=0x000001b6c41f7143 sp=0x000000430b3f7b40 mode 0
Event: 10.872 Thread 0x000001b7a2f98060 DEOPT PACKING pc=0x000001b6bd3f2d76 sp=0x000000430b3f82a0
Event: 10.872 Thread 0x000001b7a2f98060 DEOPT UNPACKING pc=0x000001b6c41f7143 sp=0x000000430b3f79b0 mode 0
Event: 10.907 Thread 0x000001b7a2f98060 DEOPT PACKING pc=0x000001b6bd3f2d76 sp=0x000000430b3f8430
Event: 10.907 Thread 0x000001b7a2f98060 DEOPT UNPACKING pc=0x000001b6c41f7143 sp=0x000000430b3f7b40 mode 0

Classes unloaded (0 events):
No events

Classes redefined (0 events):
No events

Internal exceptions (20 events):
Event: 9.678 Thread 0x000001b6b5162300 Exception <a 'java/lang/UnsatisfiedLinkError'{0x000000008d3a6bf8}: The specified procedure could not be found.
> (0x000000008d3a6bf8) 
thrown [s\src\hotspot\share\prims\jni.cpp, line 535]
Event: 9.705 Thread 0x000001b71c66c5f0 Exception <a 'sun/nio/fs/WindowsException'{0x000000008d2413a8}> (0x000000008d2413a8) 
thrown [s\src\hotspot\share\prims\jni.cpp, line 516]
Event: 9.723 Thread 0x000001b6b5162300 Exception <a 'java/lang/UnsatisfiedLinkError'{0x000000008d0825c8}: The specified procedure could not be found.
> (0x000000008d0825c8) 
thrown [s\src\hotspot\share\prims\jni.cpp, line 535]
Event: 9.723 Thread 0x000001b71c66c5f0 Exception <a 'sun/nio/fs/WindowsException'{0x000000008d0a1db0}> (0x000000008d0a1db0) 
thrown [s\src\hotspot\share\prims\jni.cpp, line 516]
Event: 9.725 Thread 0x000001b71c66c5f0 Exception <a 'sun/nio/fs/WindowsException'{0x000000008d0a6360}> (0x000000008d0a6360) 
thrown [s\src\hotspot\share\prims\jni.cpp, line 516]
Event: 9.728 Thread 0x000001b6b5162300 Exception <a 'java/lang/UnsatisfiedLinkError'{0x000000008cf2ff70}: The specified procedure could not be found.
> (0x000000008cf2ff70) 
thrown [s\src\hotspot\share\prims\jni.cpp, line 535]
Event: 9.729 Thread 0x000001b71c66c5f0 Exception <a 'sun/nio/fs/WindowsException'{0x000000008d0bdbe0}> (0x000000008d0bdbe0) 
thrown [s\src\hotspot\share\prims\jni.cpp, line 516]
Event: 9.730 Thread 0x000001b71c66c5f0 Exception <a 'sun/nio/fs/WindowsException'{0x000000008d0c15f8}> (0x000000008d0c15f8) 
thrown [s\src\hotspot\share\prims\jni.cpp, line 516]
Event: 9.734 Thread 0x000001b71c66c5f0 Exception <a 'sun/nio/fs/WindowsException'{0x000000008d0c6d18}> (0x000000008d0c6d18) 
thrown [s\src\hotspot\share\prims\jni.cpp, line 516]
Event: 9.735 Thread 0x000001b71c66c5f0 Exception <a 'sun/nio/fs/WindowsException'{0x000000008d0cafe8}> (0x000000008d0cafe8) 
thrown [s\src\hotspot\share\prims\jni.cpp, line 516]
Event: 9.737 Thread 0x000001b71c66c5f0 Exception <a 'sun/nio/fs/WindowsException'{0x000000008d0d0878}> (0x000000008d0d0878) 
thrown [s\src\hotspot\share\prims\jni.cpp, line 516]
Event: 9.740 Thread 0x000001b71c66c5f0 Exception <a 'sun/nio/fs/WindowsException'{0x000000008d0dec08}> (0x000000008d0dec08) 
thrown [s\src\hotspot\share\prims\jni.cpp, line 516]
Event: 9.770 Thread 0x000001b6b5162300 Exception <a 'sun/nio/fs/WindowsException'{0x000000008cfaf570}> (0x000000008cfaf570) 
thrown [s\src\hotspot\share\prims\jni.cpp, line 516]
Event: 9.770 Thread 0x000001b6b5162300 Exception <a 'sun/nio/fs/WindowsException'{0x000000008cfb07e8}> (0x000000008cfb07e8) 
thrown [s\src\hotspot\share\prims\jni.cpp, line 516]
Event: 10.605 Thread 0x000001b6b5162300 Exception <a 'java/lang/UnsatisfiedLinkError'{0x000000008cc5c9e8}: The specified procedure could not be found.
> (0x000000008cc5c9e8) 
thrown [s\src\hotspot\share\prims\jni.cpp, line 535]
Event: 10.634 Thread 0x000001b6b5162300 Exception <a 'java/lang/UnsatisfiedLinkError'{0x000000008cb3c808}: The specified procedure could not be found.
> (0x000000008cb3c808) 
thrown [s\src\hotspot\share\prims\jni.cpp, line 535]
Event: 10.637 Thread 0x000001b6b5162300 Exception <a 'java/lang/UnsatisfiedLinkError'{0x000000008cb44270}: The specified procedure could not be found.
> (0x000000008cb44270) 
thrown [s\src\hotspot\share\prims\jni.cpp, line 535]
Event: 10.637 Thread 0x000001b6b5162300 Exception <a 'java/lang/UnsatisfiedLinkError'{0x000000008cb45780}: The specified procedure could not be found.
> (0x000000008cb45780) 
thrown [s\src\hotspot\share\prims\jni.cpp, line 535]
Event: 10.638 Thread 0x000001b6b5162300 Exception <a 'java/lang/UnsatisfiedLinkError'{0x000000008cb469c0}: The specified procedure could not be found.
> (0x000000008cb469c0) 
thrown [s\src\hotspot\share\prims\jni.cpp, line 535]
Event: 10.770 Thread 0x000001b7a2f98060 Exception <a 'java/lang/NoSuchMethodError'{0x000000008c3da118}: 'int java.lang.invoke.Invokers$Holder.linkToTargetMethod(java.lang.Object, java.lang.Object, java.lang.Object)'> (0x000000008c3da118) 
thrown [s\src\hotspot\share\interpreter\linkResolver.cpp, line 759]

VM Operations (20 events):
Event: 8.295 Executing VM operation: G1CollectForAllocation
Event: 8.303 Executing VM operation: G1CollectForAllocation done
Event: 9.062 Executing VM operation: G1CollectForAllocation
Event: 9.070 Executing VM operation: G1CollectForAllocation done
Event: 9.361 Executing VM operation: HandshakeAllThreads
Event: 9.361 Executing VM operation: HandshakeAllThreads done
Event: 9.392 Executing VM operation: CollectForMetadataAllocation
Event: 9.405 Executing VM operation: CollectForMetadataAllocation done
Event: 9.485 Executing VM operation: G1PauseRemark
Event: 9.491 Executing VM operation: G1PauseRemark done
Event: 9.528 Executing VM operation: G1PauseCleanup
Event: 9.529 Executing VM operation: G1PauseCleanup done
Event: 9.583 Executing VM operation: HandshakeAllThreads
Event: 9.583 Executing VM operation: HandshakeAllThreads done
Event: 9.675 Executing VM operation: HandshakeAllThreads
Event: 9.675 Executing VM operation: HandshakeAllThreads done
Event: 10.682 Executing VM operation: Cleanup
Event: 10.683 Executing VM operation: Cleanup done
Event: 10.687 Executing VM operation: HandshakeAllThreads
Event: 10.687 Executing VM operation: HandshakeAllThreads done

Events (20 events):
Event: 9.674 loading class sun/nio/cs/UnicodeDecoder
Event: 9.674 loading class sun/nio/cs/UnicodeDecoder done
Event: 9.674 loading class sun/nio/cs/UTF_16LE$Decoder done
Event: 10.158 Thread 0x000001b71beae620 Thread exited: 0x000001b71beae620
Event: 10.531 Thread 0x000001b71beae620 Thread added: 0x000001b71beae620
Event: 10.636 loading class jdk/internal/reflect/UnsafeLongFieldAccessorImpl
Event: 10.636 loading class jdk/internal/reflect/UnsafeLongFieldAccessorImpl done
Event: 10.642 loading class java/time/ZonedDateTime$1
Event: 10.643 loading class java/time/ZonedDateTime$1 done
Event: 10.661 loading class jdk/internal/loader/BootLoader$PackageHelper
Event: 10.661 loading class jdk/internal/loader/BootLoader$PackageHelper done
Event: 10.679 loading class java/util/Collections$SynchronizedRandomAccessList
Event: 10.679 loading class java/util/Collections$SynchronizedList
Event: 10.680 loading class java/util/Collections$SynchronizedList done
Event: 10.680 loading class java/util/Collections$SynchronizedRandomAccessList done
Event: 10.690 Thread 0x000001b7a2f98060 Thread added: 0x000001b7a2f98060
Event: 10.736 loading class java/util/concurrent/atomic/AtomicReferenceArray
Event: 10.736 loading class java/util/concurrent/atomic/AtomicReferenceArray done
Event: 10.822 loading class java/lang/invoke/MethodHandleImpl$CountingWrapper$1
Event: 10.823 loading class java/lang/invoke/MethodHandleImpl$CountingWrapper$1 done


Dynamic libraries:
0x00007ff6f7ba0000 - 0x00007ff6f7bae000 	C:\Program Files\Pylo\MCreator\jdk\bin\java.exe
0x00007ffce3a50000 - 0x00007ffce3c48000 	C:\Windows\SYSTEM32\ntdll.dll
0x00007ffce1af0000 - 0x00007ffce1bad000 	C:\Windows\System32\KERNEL32.DLL
0x00007ffce1780000 - 0x00007ffce1a76000 	C:\Windows\System32\KERNELBASE.dll
0x00007ffce12d0000 - 0x00007ffce13d0000 	C:\Windows\System32\ucrtbase.dll
0x00007ffcc9240000 - 0x00007ffcc925b000 	C:\Program Files\Pylo\MCreator\jdk\bin\VCRUNTIME140.dll
0x00007ffcdbd70000 - 0x00007ffcdbd87000 	C:\Program Files\Pylo\MCreator\jdk\bin\jli.dll
0x00007ffce2ba0000 - 0x00007ffce2d3f000 	C:\Windows\System32\USER32.dll
0x00007ffce1570000 - 0x00007ffce1592000 	C:\Windows\System32\win32u.dll
0x00007ffcd6600000 - 0x00007ffcd689a000 	C:\Windows\WinSxS\amd64_microsoft.windows.common-controls_6595b64144ccf1df_6.0.19041.3636_none_60b6a03d71f818d5\COMCTL32.dll
0x00007ffce21c0000 - 0x00007ffce21eb000 	C:\Windows\System32\GDI32.dll
0x00007ffce2210000 - 0x00007ffce22ae000 	C:\Windows\System32\msvcrt.dll
0x00007ffce11b0000 - 0x00007ffce12c7000 	C:\Windows\System32\gdi32full.dll
0x00007ffce1460000 - 0x00007ffce14fd000 	C:\Windows\System32\msvcp_win.dll
0x00007ffce1bb0000 - 0x00007ffce1be2000 	C:\Windows\System32\IMM32.DLL
0x00007ffcdc020000 - 0x00007ffcdc02c000 	C:\Program Files\Pylo\MCreator\jdk\bin\vcruntime140_1.dll
0x00007ffc9dfc0000 - 0x00007ffc9e04d000 	C:\Program Files\Pylo\MCreator\jdk\bin\msvcp140.dll
0x00007ffc98bb0000 - 0x00007ffc99812000 	C:\Program Files\Pylo\MCreator\jdk\bin\server\jvm.dll
0x00007ffce31d0000 - 0x00007ffce3280000 	C:\Windows\System32\ADVAPI32.dll
0x00007ffce22b0000 - 0x00007ffce2350000 	C:\Windows\System32\sechost.dll
0x00007ffce3750000 - 0x00007ffce3873000 	C:\Windows\System32\RPCRT4.dll
0x00007ffce15a0000 - 0x00007ffce15c7000 	C:\Windows\System32\bcrypt.dll
0x00007ffce0690000 - 0x00007ffce06db000 	C:\Windows\SYSTEM32\POWRPROF.dll
0x00007ffccf800000 - 0x00007ffccf809000 	C:\Windows\SYSTEM32\WSOCK32.dll
0x00007ffcde0f0000 - 0x00007ffcde117000 	C:\Windows\SYSTEM32\WINMM.dll
0x00007ffcd8da0000 - 0x00007ffcd8daa000 	C:\Windows\SYSTEM32\VERSION.dll
0x00007ffce39a0000 - 0x00007ffce3a0b000 	C:\Windows\System32\WS2_32.dll
0x00007ffce0500000 - 0x00007ffce0512000 	C:\Windows\SYSTEM32\UMPDC.dll
0x00007ffcdef90000 - 0x00007ffcdefa2000 	C:\Windows\SYSTEM32\kernel.appcore.dll
0x00007ffcdacf0000 - 0x00007ffcdacfa000 	C:\Program Files\Pylo\MCreator\jdk\bin\jimage.dll
0x00007ffcc3200000 - 0x00007ffcc33e4000 	C:\Windows\SYSTEM32\DBGHELP.DLL
0x00007ffcd2a90000 - 0x00007ffcd2ac4000 	C:\Windows\SYSTEM32\dbgcore.DLL
0x00007ffce13d0000 - 0x00007ffce1452000 	C:\Windows\System32\bcryptPrimitives.dll
0x00007ffcc9210000 - 0x00007ffcc9235000 	C:\Program Files\Pylo\MCreator\jdk\bin\java.dll
0x00007ffc9dee0000 - 0x00007ffc9dfb7000 	C:\Program Files\Pylo\MCreator\jdk\bin\jsvml.dll
0x00007ffce2430000 - 0x00007ffce2b9b000 	C:\Windows\System32\SHELL32.dll
0x00007ffcdf190000 - 0x00007ffcdf92e000 	C:\Windows\SYSTEM32\windows.storage.dll
0x00007ffce2e70000 - 0x00007ffce31c3000 	C:\Windows\System32\combase.dll
0x00007ffce0b30000 - 0x00007ffce0b5e000 	C:\Windows\SYSTEM32\Wldp.dll
0x00007ffce2da0000 - 0x00007ffce2e6d000 	C:\Windows\System32\OLEAUT32.dll
0x00007ffce1ff0000 - 0x00007ffce209d000 	C:\Windows\System32\SHCORE.dll
0x00007ffce2160000 - 0x00007ffce21b5000 	C:\Windows\System32\shlwapi.dll
0x00007ffce1030000 - 0x00007ffce1053000 	C:\Windows\SYSTEM32\profapi.dll
0x00007ffcc6ee0000 - 0x00007ffcc6ef9000 	C:\Program Files\Pylo\MCreator\jdk\bin\net.dll
0x00007ffcd6280000 - 0x00007ffcd638a000 	C:\Windows\SYSTEM32\WINHTTP.dll
0x00007ffce0890000 - 0x00007ffce08fa000 	C:\Windows\system32\mswsock.dll
0x00007ffcc1ab0000 - 0x00007ffcc1ac6000 	C:\Program Files\Pylo\MCreator\jdk\bin\nio.dll
0x00007ffcbf6c0000 - 0x00007ffcbf6d8000 	C:\Program Files\Pylo\MCreator\jdk\bin\zip.dll
0x00007ffcc6fd0000 - 0x00007ffcc6fe0000 	C:\Program Files\Pylo\MCreator\jdk\bin\verify.dll
0x00007ffcd2160000 - 0x00007ffcd2169000 	C:\Program Files\Pylo\MCreator\jdk\bin\management.dll
0x00007ffcc7900000 - 0x00007ffcc790b000 	C:\Program Files\Pylo\MCreator\jdk\bin\management_ext.dll
0x00007ffce1a80000 - 0x00007ffce1a88000 	C:\Windows\System32\PSAPI.DLL
0x00007ffcc4d30000 - 0x00007ffcc4d47000 	C:\Windows\system32\napinsp.dll
0x00007ffcc4d10000 - 0x00007ffcc4d2b000 	C:\Windows\system32\pnrpnsp.dll
0x00007ffcdae70000 - 0x00007ffcdae85000 	C:\Windows\system32\wshbth.dll
0x00007ffcdca70000 - 0x00007ffcdca8d000 	C:\Windows\system32\NLAapi.dll
0x00007ffce0520000 - 0x00007ffce055b000 	C:\Windows\SYSTEM32\IPHLPAPI.DLL
0x00007ffce0560000 - 0x00007ffce062b000 	C:\Windows\SYSTEM32\DNSAPI.dll
0x00007ffce20a0000 - 0x00007ffce20a8000 	C:\Windows\System32\NSI.dll
0x00007ffcc4920000 - 0x00007ffcc4932000 	C:\Windows\System32\winrnr.dll
0x00007ffcd4d20000 - 0x00007ffcd4d2a000 	C:\Windows\System32\rasadhlp.dll
0x00007ffcd4db0000 - 0x00007ffcd4e30000 	C:\Windows\System32\fwpuclnt.dll
0x00007ffcd0190000 - 0x00007ffcd0205000 	C:\Users\AsusX\AppData\Local\Temp\lwjglAsusX\3.3.1-build-7\lwjgl.dll
0x00007ffcd00c0000 - 0x00007ffcd0121000 	C:\Users\AsusX\AppData\Local\Temp\lwjglAsusX\3.3.1-build-7\glfw.dll
0x00007ffcbe620000 - 0x00007ffcbe665000 	C:\Windows\SYSTEM32\dinput8.dll
0x00007ffcd64d0000 - 0x00007ffcd64e1000 	C:\Windows\SYSTEM32\xinput1_4.dll
0x00007ffce1730000 - 0x00007ffce177e000 	C:\Windows\System32\cfgmgr32.dll
0x00007ffce0e90000 - 0x00007ffce0ec3000 	C:\Windows\SYSTEM32\DEVOBJ.dll
0x00007ffcdebc0000 - 0x00007ffcdebef000 	C:\Windows\SYSTEM32\dwmapi.dll
0x00007ffcda7c0000 - 0x00007ffcda912000 	C:\Windows\SYSTEM32\inputhost.dll
0x00007ffcdcdb0000 - 0x00007ffcdcf07000 	C:\Windows\SYSTEM32\wintypes.dll
0x00007ffcddfe0000 - 0x00007ffcde0d2000 	C:\Windows\SYSTEM32\CoreMessaging.dll
0x00007ffcdc7d0000 - 0x00007ffcdc8c6000 	C:\Windows\SYSTEM32\PROPSYS.dll
0x00007ffcdcf10000 - 0x00007ffcdd26b000 	C:\Windows\SYSTEM32\CoreUIComponents.dll
0x00007ffce0280000 - 0x00007ffce02b3000 	C:\Windows\SYSTEM32\ntmarta.dll
0x00007ffcde9d0000 - 0x00007ffcdea6e000 	C:\Windows\system32\uxtheme.dll
0x00007ffce3880000 - 0x00007ffce3995000 	C:\Windows\System32\MSCTF.dll
0x00007ffcc1360000 - 0x00007ffcc1485000 	C:\Windows\SYSTEM32\opengl32.dll
0x00007ffcd0340000 - 0x00007ffcd036c000 	C:\Windows\SYSTEM32\GLU32.dll
0x00007ffce20b0000 - 0x00007ffce2159000 	C:\Windows\System32\clbcatq.dll
0x00007ffc87000000 - 0x00007ffc87b46000 	C:\Windows\SYSTEM32\ig75icd64.dll
0x00007ffcd7290000 - 0x00007ffcd7cd0000 	C:\Windows\SYSTEM32\igdusc64.dll
0x00007ffcdc9b0000 - 0x00007ffcdc9c4000 	C:\Windows\SYSTEM32\WTSAPI32.dll
0x00007ffcdb8f0000 - 0x00007ffcdb92b000 	C:\Windows\SYSTEM32\dxcore.dll
0x00007ffcdf990000 - 0x00007ffcdfa83000 	C:\Windows\SYSTEM32\dxgi.dll
0x00007ffcdd7b0000 - 0x00007ffcdda13000 	C:\Windows\SYSTEM32\d3d11.dll
0x00007ffcd1290000 - 0x00007ffcd215b000 	C:\Windows\SYSTEM32\igd10iumd64.dll
0x00007ffce0ba0000 - 0x00007ffce0bc8000 	C:\Windows\SYSTEM32\ncrypt.dll
0x00007ffcde780000 - 0x00007ffcde810000 	C:\Windows\SYSTEM32\apphelp.dll
0x00007ffce0b60000 - 0x00007ffce0b9b000 	C:\Windows\SYSTEM32\NTASN1.dll
0x00007ffc99890000 - 0x00007ffc99ae9000 	C:\Users\AsusX\AppData\Local\Temp\lwjglAsusX\3.3.1-build-7\jemalloc.dll
0x00007ffcb05c0000 - 0x00007ffcb0641000 	C:\Users\AsusX\AppData\Local\Temp\lwjglAsusX\3.3.1-build-7\lwjgl_stb.dll
0x00007ffcd24e0000 - 0x00007ffcd25d9000 	C:\Windows\SYSTEM32\textinputframework.dll
0x00007ffcbe270000 - 0x00007ffcbe2cd000 	C:\Users\AsusX\AppData\Local\Temp\lwjglAsusX\3.3.1-build-7\lwjgl_opengl.dll
0x00007ffcc4ea0000 - 0x00007ffcc4ee9000 	C:\Windows\SYSTEM32\pdh.dll
0x00007ffcdccf0000 - 0x00007ffcdccff000 	C:\Windows\System32\perfproc.dll
0x00007ffcddc40000 - 0x00007ffcddc4f000 	C:\Windows\System32\perfos.dll
0x00007ffce0a90000 - 0x00007ffce0aa8000 	C:\Windows\SYSTEM32\CRYPTSP.dll
0x00007ffce0140000 - 0x00007ffce0174000 	C:\Windows\system32\rsaenh.dll
0x00007ffce0ff0000 - 0x00007ffce101e000 	C:\Windows\SYSTEM32\USERENV.dll
0x00007ffce0a80000 - 0x00007ffce0a8c000 	C:\Windows\SYSTEM32\CRYPTBASE.dll
0x00007ffcd8410000 - 0x00007ffcd8427000 	C:\Windows\SYSTEM32\dhcpcsvc6.DLL
0x00007ffcd83f0000 - 0x00007ffcd840d000 	C:\Windows\SYSTEM32\dhcpcsvc.DLL
0x00007ffcc0ab0000 - 0x00007ffcc0af0000 	C:\Users\AsusX\AppData\Local\Temp\jna-63570920\jna15508695058530694853.dll
0x00007ffce1e30000 - 0x00007ffce1f5b000 	C:\Windows\System32\Ole32.dll
0x00007ffcc66c0000 - 0x00007ffcc66df000 	C:\Windows\SYSTEM32\amsi.dll
0x00007ffcc6610000 - 0x00007ffcc6691000 	C:\ProgramData\Microsoft\Windows Defender\Platform\4.18.24040.4-0\MpOav.dll

dbghelp: loaded successfully - version: 4.0.5 - missing functions: none
symbol engine: initialized successfully - sym options: 0x614 - pdb path: .;C:\Program Files\Pylo\MCreator\jdk\bin;C:\Windows\SYSTEM32;C:\Windows\WinSxS\amd64_microsoft.windows.common-controls_6595b64144ccf1df_6.0.19041.3636_none_60b6a03d71f818d5;C:\Program Files\Pylo\MCreator\jdk\bin\server;C:\Users\AsusX\AppData\Local\Temp\lwjglAsusX\3.3.1-build-7;C:\Users\AsusX\AppData\Local\Temp\jna-63570920;C:\ProgramData\Microsoft\Windows Defender\Platform\4.18.24040.4-0

VM Arguments:
jvm_args: -Dforge.enableGameTest=true -Dforge.logging.console.level=debug -Dforge.logging.markers=REGISTRIES -DignoreList=bootstraplauncher,securejarhandler,asm-commons,asm-util,asm-analysis,asm-tree,asm,JarJarFileSystems,client-extra,fmlcore,javafmllanguage,lowcodelanguage,mclanguage,forge- -Djava.net.preferIPv6Addresses=system -DlegacyClassPath.file=C:\Mcreator stuff\you_piece_of\build\classpath\runClient_minecraftClasspath.txt -DmergeModules=jna-5.10.0.jar,jna-platform-5.10.0.jar --module-path=C:\Users\AsusX\.mcreator\gradle\caches\modules-2\files-2.1\cpw.mods\bootstraplauncher\1.1.2\c546e00443d8432cda6baa1c860346980742628\bootstraplauncher-1.1.2.jar;C:\Users\AsusX\.mcreator\gradle\caches\modules-2\files-2.1\cpw.mods\securejarhandler\2.1.10\51e6a22c6c716beb11e244bf5b8be480f51dd6b5\securejarhandler-2.1.10.jar;C:\Users\AsusX\.mcreator\gradle\caches\modules-2\files-2.1\org.ow2.asm\asm-commons\9.5\19ab5b5800a3910d30d3a3e64fdb00fd0cb42de0\asm-commons-9.5.jar;C:\Users\AsusX\.mcreator\gradle\caches\modules-2\files-2.1\org.ow2.asm\asm-util\9.5\64b5a1fc8c1b15ed2efd6a063e976bc8d3dc5ffe\asm-util-9.5.jar;C:\Users\AsusX\.mcreator\gradle\caches\modules-2\files-2.1\org.ow2.asm\asm-analysis\9.5\490bacc77de7cbc0be1a30bb3471072d705be4a4\asm-analysis-9.5.jar;C:\Users\AsusX\.mcreator\gradle\caches\modules-2\files-2.1\org.ow2.asm\asm-tree\9.5\fd33c8b6373abaa675be407082fdfda35021254a\asm-tree-9.5.jar;C:\Users\AsusX\.mcreator\gradle\caches\modules-2\files-2.1\org.ow2.asm\asm\9.5\dc6ea1875f4d64fbc85e1691c95b96a3d8569c90\asm-9.5.jar;C:\Users\AsusX\.mcreator\gradle\caches\modules-2\files-2.1\net.minecraftforge\JarJarFileSystems\0.3.19\2464eb7d6b9ddb9db36a82cf8a95193e5c6fe020\JarJarFileSystems-0.3.19.jar --add-modules=ALL-MODULE-PATH --add-opens=java.base/java.util.jar=cpw.mods.securejarhandler --add-opens=java.base/java.lang.invoke=cpw.mods.securejarhandler --add-exports=java.base/sun.security.util=cpw.mods.securejarhandler --add-exports=jdk.naming.dns/com.sun.jndi.dns=java.naming -XX:HeapDumpPath=MojangTricksIntelDriversForPerformance_javaw.exe_minecraft.exe.heapdump -Dfile.encoding=UTF-8 -Duser.country=US -Duser.language=en -Duser.variant 
java_command: cpw.mods.bootstraplauncher.BootstrapLauncher --launchTarget forgeclientuserdev --version MOD_DEV --assetIndex 5 --assetsDir C:\Users\AsusX\.mcreator\gradle\caches\forge_gradle\assets --gameDir . --fml.forgeVersion 47.2.0 --fml.mcVersion 1.20.1 --fml.forgeGroup net.minecraftforge --fml.mcpVersion 20230612.114412
java_class_path (initial): C:\Mcreator stuff\you_piece_of\build\classes\java\main;C:\Mcreator stuff\you_piece_of\build\resources\main;C:\Users\AsusX\.mcreator\gradle\caches\forge_gradle\minecraft_user_repo\net\minecraftforge\forge\1.20.1-47.2.0_mapped_official_1.20.1\forge-1.20.1-47.2.0_mapped_official_1.20.1-recomp.jar;C:\Users\AsusX\.mcreator\gradle\caches\forge_gradle\minecraft_repo\versions\1.20.1\client-extra.jar;C:\Users\AsusX\.mcreator\gradle\caches\modules-2\files-2.1\net.minecraftforge\fmlearlydisplay\1.20.1-47.2.0\4c56a03dcedcb909c7eaa8469dd5a36c493a0008\fmlearlydisplay-1.20.1-47.2.0.jar;C:\Users\AsusX\.mcreator\gradle\caches\modules-2\files-2.1\net.minecraftforge\javafmllanguage\1.20.1-47.2.0\7f9181f85acc66547685a72020713fc8cbde98\javafmllanguage-1.20.1-47.2.0.jar;C:\Users\AsusX\.mcreator\gradle\caches\modules-2\files-2.1\net.minecraftforge\lowcodelanguage\1.20.1-47.2.0\7872f5205685fdd26fae39b1be79b0e60ca5b7bd\lowcodelanguage-1.20.1-47.2.0.jar;C:\Users\AsusX\.mcreator\gradle\caches\modules-2\files-2.1\net.minecraftforge\mclanguage\1.20.1-47.2.0\d501d161cabed08b3c139a2c6217b02a39f3c3e9\mclanguage-1.20.1-47.2.0.jar;C:\Users\AsusX\.mcreator\gradle\caches\modules-2\files-2.1\net.minecraftforge\fmlcore\1.20.1-47.2.0\ffd3c6debac0a388c9e33ac43c9f5eafb91cb466\fmlcore-1.20.1-47.2.0.jar;C:\Users\AsusX\.mcreator\gradle\caches\modules-2\files-2.1\net.minecraftforge\fmlloader\1.20.1-47.2.0\7811231940c0a8b6008453bbc64fdf7fa1280fe9\fmlloader-1.20.1-47.2.0.jar;C:\Users\AsusX\.mcreator\gradle\caches\modules-2\files-2.1\net.minecraftforge\JarJarSelector\0.3.19\376cc9c8ea60720cf027c01fc033de915699801c\JarJarSelector-0.3.19.jar;C:\Users\AsusX\.mcreator\gradle\caches\modules-2\files-2.1\net.minecraftforge\JarJarMetadata\0.3.19\83feaa9b770e6ac0e96ee4fc23fa89325c5fe2\JarJarMetadata-0.3.19.jar;C:\Users\AsusX\.mcreator\gradle\caches\modules-2\files-2.1\com.google.guava\guava\31.1-jre\60458f877d055d0c9114d9e1a2efb737b4bc282c\guava-31.1-jre.jar;C:\Users\AsusX\.mcreator\gradle\cac
Launcher Type: SUN_STANDARD

[Global flags]
     intx CICompilerCount                          = 4                                         {product} {ergonomic}
     uint ConcGCThreads                            = 2                                         {product} {ergonomic}
     uint G1ConcRefinementThreads                  = 8                                         {product} {ergonomic}
   size_t G1HeapRegionSize                         = 1048576                                   {product} {ergonomic}
    uintx GCDrainStackTargetSize                   = 64                                        {product} {ergonomic}
    ccstr HeapDumpPath                             = MojangTricksIntelDriversForPerformance_javaw.exe_minecraft.exe.heapdump         {manageable} {command line}
   size_t InitialHeapSize                          = 134217728                                 {product} {ergonomic}
   size_t MarkStackSize                            = 4194304                                   {product} {ergonomic}
   size_t MaxHeapSize                              = 2118123520                                {product} {ergonomic}
   size_t MaxNewSize                               = 1270874112                                {product} {ergonomic}
   size_t MinHeapDeltaBytes                        = 1048576                                   {product} {ergonomic}
   size_t MinHeapSize                              = 8388608                                   {product} {ergonomic}
    uintx NonNMethodCodeHeapSize                   = 5839372                                {pd product} {ergonomic}
    uintx NonProfiledCodeHeapSize                  = 122909434                              {pd product} {ergonomic}
    uintx ProfiledCodeHeapSize                     = 122909434                              {pd product} {ergonomic}
    uintx ReservedCodeCacheSize                    = 251658240                              {pd product} {ergonomic}
     bool SegmentedCodeCache                       = true                                      {product} {ergonomic}
   size_t SoftMaxHeapSize                          = 2118123520                             {manageable} {ergonomic}
     bool UseCompressedClassPointers               = true                           {product lp64_product} {ergonomic}
     bool UseCompressedOops                        = true                           {product lp64_product} {ergonomic}
     bool UseG1GC                                  = true                                      {product} {ergonomic}
     bool UseLargePagesIndividualAllocation        = false                                  {pd product} {ergonomic}

Logging:
Log output configuration:
 #0: stdout all=warning uptime,level,tags
 #1: stderr all=off uptime,level,tags

Environment Variables:
JAVA_HOME=C:\Program Files\Pylo\MCreator\jdk
PATH=C:\Program Files (x86)\Common Files\Oracle\Java\javapath;C:\Program Files (x86)\Razer\ChromaBroadcast\bin;C:\Program Files\Razer\ChromaBroadcast\bin;C:\Windows\system32;C:\Windows;C:\Windows\System32\Wbem;C:\Windows\System32\WindowsPowerShell\v1.0\;C:\Windows\System32\OpenSSH\;C:\Windows\system32\config\systemprofile\AppData\Local\Microsoft\WindowsApps;C:\Program Files\dotnet\;C:\Users\AsusX\AppData\Local\Microsoft\WindowsApps;C:\Users\AsusX\.dotnet\tools;C:\Program Files\Pylo\MCreator\jdk\bin
USERNAME=AsusX
OS=Windows_NT
PROCESSOR_IDENTIFIER=Intel64 Family 6 Model 60 Stepping 3, GenuineIntel
TMP=C:\Users\AsusX\AppData\Local\Temp
TEMP=C:\Users\AsusX\AppData\Local\Temp



Periodic native trim disabled


---------------  S Y S T E M  ---------------

OS:
 Windows 10 , 64 bit Build 19041 (10.0.19041.3636)
OS uptime: 2 days 0:27 hours

CPU: total 8 (initial active 8) (4 cores per cpu, 2 threads per core) family 6 model 60 stepping 3 microcode 0x27, cx8, cmov, fxsr, ht, mmx, sse, sse2, sse3, ssse3, sse4.1, sse4.2, popcnt, lzcnt, tsc, tscinvbit, avx, avx2, aes, erms, clmul, bmi1, bmi2, fma, vzeroupper, clflush
Processor Information for all 8 processors :
  Max Mhz: 2501, Current Mhz: 2501, Mhz Limit: 2501

Memory: 4k page, system-wide physical 8075M (2342M free)
TotalPageFile size 14987M (AvailPageFile size 4672M)
current process WorkingSet (physical memory assigned to process): 461M, peak: 472M
current process commit charge ("private bytes"): 520M, peak: 532M

vm_info: OpenJDK 64-Bit Server VM (17.0.10+7) for windows-amd64 JRE (17.0.10+7), built on Jan 16 2024 23:25:11 by "admin" with MS VC++ 16.10 / 16.11 (VS2019)

END.
